[0.358s] Invoking command in '/home/divyansh/Desktop/GNSS-Denied-Drone/build/drone_slam': CMAKE_PREFIX_PATH=${CMAKE_PREFIX_PATH}:/home/divyansh/Desktop/GNSS-Denied-Drone/install/drone_eval:/opt/ros/jazzy DEBUGINFOD_URLS=https://debuginfod.ubuntu.com PS1=(.venv) \[\e]0;\u@\h: \w\a\]${debian_chroot:+($debian_chroot)}\[\033[01;32m\]\u@\h\[\033[00m\]:\[\033[01;34m\]\w\[\033[00m\]\$ VIRTUAL_ENV_PROMPT=(.venv) /usr/bin/cmake --build /home/divyansh/Desktop/GNSS-Denied-Drone/build/drone_slam -- -j8 -l8
[0.461s] Invoked command in '/home/divyansh/Desktop/GNSS-Denied-Drone/build/drone_slam' returned '0': CMAKE_PREFIX_PATH=${CMAKE_PREFIX_PATH}:/home/divyansh/Desktop/GNSS-Denied-Drone/install/drone_eval:/opt/ros/jazzy DEBUGINFOD_URLS=https://debuginfod.ubuntu.com PS1=(.venv) \[\e]0;\u@\h: \w\a\]${debian_chroot:+($debian_chroot)}\[\033[01;32m\]\u@\h\[\033[00m\]:\[\033[01;34m\]\w\[\033[00m\]\$ VIRTUAL_ENV_PROMPT=(.venv) /usr/bin/cmake --build /home/divyansh/Desktop/GNSS-Denied-Drone/build/drone_slam -- -j8 -l8
[0.462s] Invoking command in '/home/divyansh/Desktop/GNSS-Denied-Drone/build/drone_slam': CMAKE_PREFIX_PATH=${CMAKE_PREFIX_PATH}:/home/divyansh/Desktop/GNSS-Denied-Drone/install/drone_eval:/opt/ros/jazzy DEBUGINFOD_URLS=https://debuginfod.ubuntu.com PS1=(.venv) \[\e]0;\u@\h: \w\a\]${debian_chroot:+($debian_chroot)}\[\033[01;32m\]\u@\h\[\033[00m\]:\[\033[01;34m\]\w\[\033[00m\]\$ VIRTUAL_ENV_PROMPT=(.venv) /usr/bin/cmake --install /home/divyansh/Desktop/GNSS-Denied-Drone/build/drone_slam
[0.477s] -- Install configuration: ""
[0.478s] -- Execute custom install script
[0.479s] -- Up-to-date symlink: /home/divyansh/Desktop/GNSS-Denied-Drone/install/drone_slam/share/drone_slam/launch/slam_pipeline.launch.py
[0.480s] -- Up-to-date symlink: /home/divyansh/Desktop/GNSS-Denied-Drone/install/drone_slam/share/drone_slam/config/slam_params.yaml
[0.481s] -- Up-to-date symlink: /home/divyansh/Desktop/GNSS-Denied-Drone/install/drone_slam/share/ament_index/resource_index/package_run_dependencies/drone_slam
[0.481s] -- Up-to-date symlink: /home/divyansh/Desktop/GNSS-Denied-Drone/install/drone_slam/share/ament_index/resource_index/parent_prefix_path/drone_slam
[0.483s] -- Up-to-date symlink: /home/divyansh/Desktop/GNSS-Denied-Drone/install/drone_slam/share/drone_slam/environment/ament_prefix_path.sh
[0.483s] -- Up-to-date symlink: /home/divyansh/Desktop/GNSS-Denied-Drone/install/drone_slam/share/drone_slam/environment/ament_prefix_path.dsv
[0.484s] -- Up-to-date symlink: /home/divyansh/Desktop/GNSS-Denied-Drone/install/drone_slam/share/drone_slam/environment/path.sh
[0.484s] -- Up-to-date symlink: /home/divyansh/Desktop/GNSS-Denied-Drone/install/drone_slam/share/drone_slam/environment/path.dsv
[0.484s] -- Up-to-date symlink: /home/divyansh/Desktop/GNSS-Denied-Drone/install/drone_slam/share/drone_slam/local_setup.bash
[0.485s] -- Up-to-date symlink: /home/divyansh/Desktop/GNSS-Denied-Drone/install/drone_slam/share/drone_slam/local_setup.sh
[0.485s] -- Up-to-date symlink: /home/divyansh/Desktop/GNSS-Denied-Drone/install/drone_slam/share/drone_slam/local_setup.zsh
[0.485s] -- Up-to-date symlink: /home/divyansh/Desktop/GNSS-Denied-Drone/install/drone_slam/share/drone_slam/local_setup.dsv
[0.485s] -- Symlinking: /home/divyansh/Desktop/GNSS-Denied-Drone/install/drone_slam/share/drone_slam/package.dsv
[0.500s] -- Up-to-date symlink: /home/divyansh/Desktop/GNSS-Denied-Drone/install/drone_slam/share/ament_index/resource_index/packages/drone_slam
[0.501s] -- Up-to-date symlink: /home/divyansh/Desktop/GNSS-Denied-Drone/install/drone_slam/share/drone_slam/cmake/drone_slamConfig.cmake
[0.501s] -- Up-to-date symlink: /home/divyansh/Desktop/GNSS-Denied-Drone/install/drone_slam/share/drone_slam/cmake/drone_slamConfig-version.cmake
[0.501s] -- Up-to-date symlink: /home/divyansh/Desktop/GNSS-Denied-Drone/install/drone_slam/share/drone_slam/package.xml
[0.506s] Invoked command in '/home/divyansh/Desktop/GNSS-Denied-Drone/build/drone_slam' returned '0': CMAKE_PREFIX_PATH=${CMAKE_PREFIX_PATH}:/home/divyansh/Desktop/GNSS-Denied-Drone/install/drone_eval:/opt/ros/jazzy DEBUGINFOD_URLS=https://debuginfod.ubuntu.com PS1=(.venv) \[\e]0;\u@\h: \w\a\]${debian_chroot:+($debian_chroot)}\[\033[01;32m\]\u@\h\[\033[00m\]:\[\033[01;34m\]\w\[\033[00m\]\$ VIRTUAL_ENV_PROMPT=(.venv) /usr/bin/cmake --install /home/divyansh/Desktop/GNSS-Denied-Drone/build/drone_slam
