[0.041s] Invoking command in '/home/divyansh/Desktop/GNSS-Denied-Drone/build/drone_description': CMAKE_PREFIX_PATH=${CMAKE_PREFIX_PATH}:/home/divyansh/Desktop/GNSS-Denied-Drone/install/drone_eval:/opt/ros/jazzy DEBUGINFOD_URLS=https://debuginfod.ubuntu.com PS1=(.venv) \[\e]0;\u@\h: \w\a\]${debian_chroot:+($debian_chroot)}\[\033[01;32m\]\u@\h\[\033[00m\]:\[\033[01;34m\]\w\[\033[00m\]\$ VIRTUAL_ENV_PROMPT=(.venv) /usr/bin/cmake --build /home/divyansh/Desktop/GNSS-Denied-Drone/build/drone_description -- -j8 -l8
[0.383s] Invoked command in '/home/divyansh/Desktop/GNSS-Denied-Drone/build/drone_description' returned '0': CMAKE_PREFIX_PATH=${CMAKE_PREFIX_PATH}:/home/divyansh/Desktop/GNSS-Denied-Drone/install/drone_eval:/opt/ros/jazzy DEBUGINFOD_URLS=https://debuginfod.ubuntu.com PS1=(.venv) \[\e]0;\u@\h: \w\a\]${debian_chroot:+($debian_chroot)}\[\033[01;32m\]\u@\h\[\033[00m\]:\[\033[01;34m\]\w\[\033[00m\]\$ VIRTUAL_ENV_PROMPT=(.venv) /usr/bin/cmake --build /home/divyansh/Desktop/GNSS-Denied-Drone/build/drone_description -- -j8 -l8
[0.385s] Invoking command in '/home/divyansh/Desktop/GNSS-Denied-Drone/build/drone_description': CMAKE_PREFIX_PATH=${CMAKE_PREFIX_PATH}:/home/divyansh/Desktop/GNSS-Denied-Drone/install/drone_eval:/opt/ros/jazzy DEBUGINFOD_URLS=https://debuginfod.ubuntu.com PS1=(.venv) \[\e]0;\u@\h: \w\a\]${debian_chroot:+($debian_chroot)}\[\033[01;32m\]\u@\h\[\033[00m\]:\[\033[01;34m\]\w\[\033[00m\]\$ VIRTUAL_ENV_PROMPT=(.venv) /usr/bin/cmake --install /home/divyansh/Desktop/GNSS-Denied-Drone/build/drone_description
[0.403s] -- Install configuration: ""
[0.404s] -- Execute custom install script
[0.406s] -- Up-to-date symlink: /home/divyansh/Desktop/GNSS-Denied-Drone/install/drone_description/share/drone_description/urdf/drone.urdf
[0.408s] -- Up-to-date symlink: /home/divyansh/Desktop/GNSS-Denied-Drone/install/drone_description/share/drone_description/urdf/quadcopter.urdf.xacro
[0.408s] -- Up-to-date symlink: /home/divyansh/Desktop/GNSS-Denied-Drone/install/drone_description/share/ament_index/resource_index/package_run_dependencies/drone_description
[0.409s] -- Up-to-date symlink: /home/divyansh/Desktop/GNSS-Denied-Drone/install/drone_description/share/ament_index/resource_index/parent_prefix_path/drone_description
[0.409s] -- Up-to-date symlink: /home/divyansh/Desktop/GNSS-Denied-Drone/install/drone_description/share/drone_description/environment/ament_prefix_path.sh
[0.409s] -- Up-to-date symlink: /home/divyansh/Desktop/GNSS-Denied-Drone/install/drone_description/share/drone_description/environment/ament_prefix_path.dsv
[0.410s] -- Up-to-date symlink: /home/divyansh/Desktop/GNSS-Denied-Drone/install/drone_description/share/drone_description/environment/path.sh
[0.410s] -- Up-to-date symlink: /home/divyansh/Desktop/GNSS-Denied-Drone/install/drone_description/share/drone_description/environment/path.dsv
[0.410s] -- Up-to-date symlink: /home/divyansh/Desktop/GNSS-Denied-Drone/install/drone_description/share/drone_description/local_setup.bash
[0.410s] -- Up-to-date symlink: /home/divyansh/Desktop/GNSS-Denied-Drone/install/drone_description/share/drone_description/local_setup.sh
[0.411s] -- Up-to-date symlink: /home/divyansh/Desktop/GNSS-Denied-Drone/install/drone_description/share/drone_description/local_setup.zsh
[0.411s] -- Up-to-date symlink: /home/divyansh/Desktop/GNSS-Denied-Drone/install/drone_description/share/drone_description/local_setup.dsv
[0.411s] -- Symlinking: /home/divyansh/Desktop/GNSS-Denied-Drone/install/drone_description/share/drone_description/package.dsv
[0.427s] -- Up-to-date symlink: /home/divyansh/Desktop/GNSS-Denied-Drone/install/drone_description/share/ament_index/resource_index/packages/drone_description
[0.428s] -- Up-to-date symlink: /home/divyansh/Desktop/GNSS-Denied-Drone/install/drone_description/share/drone_description/cmake/drone_descriptionConfig.cmake
[0.428s] -- Up-to-date symlink: /home/divyansh/Desktop/GNSS-Denied-Drone/install/drone_description/share/drone_description/cmake/drone_descriptionConfig-version.cmake
[0.429s] -- Up-to-date symlink: /home/divyansh/Desktop/GNSS-Denied-Drone/install/drone_description/share/drone_description/package.xml
[0.464s] Invoked command in '/home/divyansh/Desktop/GNSS-Denied-Drone/build/drone_description' returned '0': CMAKE_PREFIX_PATH=${CMAKE_PREFIX_PATH}:/home/divyansh/Desktop/GNSS-Denied-Drone/install/drone_eval:/opt/ros/jazzy DEBUGINFOD_URLS=https://debuginfod.ubuntu.com PS1=(.venv) \[\e]0;\u@\h: \w\a\]${debian_chroot:+($debian_chroot)}\[\033[01;32m\]\u@\h\[\033[00m\]:\[\033[01;34m\]\w\[\033[00m\]\$ VIRTUAL_ENV_PROMPT=(.venv) /usr/bin/cmake --install /home/divyansh/Desktop/GNSS-Denied-Drone/build/drone_description
