[0.045s] Invoking command in '/home/divyansh/Desktop/GNSS-Denied-Drone/build/drone_bringup': CMAKE_PREFIX_PATH=${CMAKE_PREFIX_PATH}:/home/divyansh/Desktop/GNSS-Denied-Drone/install/drone_eval:/opt/ros/jazzy DEBUGINFOD_URLS=https://debuginfod.ubuntu.com PS1=(.venv) \[\e]0;\u@\h: \w\a\]${debian_chroot:+($debian_chroot)}\[\033[01;32m\]\u@\h\[\033[00m\]:\[\033[01;34m\]\w\[\033[00m\]\$ VIRTUAL_ENV_PROMPT=(.venv) /usr/bin/cmake --build /home/divyansh/Desktop/GNSS-Denied-Drone/build/drone_bringup -- -j8 -l8
[0.370s] Invoked command in '/home/divyansh/Desktop/GNSS-Denied-Drone/build/drone_bringup' returned '0': CMAKE_PREFIX_PATH=${CMAKE_PREFIX_PATH}:/home/divyansh/Desktop/GNSS-Denied-Drone/install/drone_eval:/opt/ros/jazzy DEBUGINFOD_URLS=https://debuginfod.ubuntu.com PS1=(.venv) \[\e]0;\u@\h: \w\a\]${debian_chroot:+($debian_chroot)}\[\033[01;32m\]\u@\h\[\033[00m\]:\[\033[01;34m\]\w\[\033[00m\]\$ VIRTUAL_ENV_PROMPT=(.venv) /usr/bin/cmake --build /home/divyansh/Desktop/GNSS-Denied-Drone/build/drone_bringup -- -j8 -l8
[0.387s] Invoking command in '/home/divyansh/Desktop/GNSS-Denied-Drone/build/drone_bringup': CMAKE_PREFIX_PATH=${CMAKE_PREFIX_PATH}:/home/divyansh/Desktop/GNSS-Denied-Drone/install/drone_eval:/opt/ros/jazzy DEBUGINFOD_URLS=https://debuginfod.ubuntu.com PS1=(.venv) \[\e]0;\u@\h: \w\a\]${debian_chroot:+($debian_chroot)}\[\033[01;32m\]\u@\h\[\033[00m\]:\[\033[01;34m\]\w\[\033[00m\]\$ VIRTUAL_ENV_PROMPT=(.venv) /usr/bin/cmake --install /home/divyansh/Desktop/GNSS-Denied-Drone/build/drone_bringup
[0.407s] -- Install configuration: ""
[0.409s] -- Execute custom install script
[0.411s] -- Up-to-date symlink: /home/divyansh/Desktop/GNSS-Denied-Drone/install/drone_bringup/share/drone_bringup/launch/sim_and_slam.launch.py
[0.412s] -- Up-to-date symlink: /home/divyansh/Desktop/GNSS-Denied-Drone/install/drone_bringup/share/drone_bringup/config/rviz_config.rviz
[0.413s] -- Up-to-date symlink: /home/divyansh/Desktop/GNSS-Denied-Drone/install/drone_bringup/share/ament_index/resource_index/package_run_dependencies/drone_bringup
[0.414s] -- Up-to-date symlink: /home/divyansh/Desktop/GNSS-Denied-Drone/install/drone_bringup/share/ament_index/resource_index/parent_prefix_path/drone_bringup
[0.414s] -- Up-to-date symlink: /home/divyansh/Desktop/GNSS-Denied-Drone/install/drone_bringup/share/drone_bringup/environment/ament_prefix_path.sh
[0.415s] -- Up-to-date symlink: /home/divyansh/Desktop/GNSS-Denied-Drone/install/drone_bringup/share/drone_bringup/environment/ament_prefix_path.dsv
[0.417s] -- Up-to-date symlink: /home/divyansh/Desktop/GNSS-Denied-Drone/install/drone_bringup/share/drone_bringup/environment/path.sh
[0.417s] -- Up-to-date symlink: /home/divyansh/Desktop/GNSS-Denied-Drone/install/drone_bringup/share/drone_bringup/environment/path.dsv
[0.418s] -- Up-to-date symlink: /home/divyansh/Desktop/GNSS-Denied-Drone/install/drone_bringup/share/drone_bringup/local_setup.bash
[0.418s] -- Up-to-date symlink: /home/divyansh/Desktop/GNSS-Denied-Drone/install/drone_bringup/share/drone_bringup/local_setup.sh
[0.418s] -- Up-to-date symlink: /home/divyansh/Desktop/GNSS-Denied-Drone/install/drone_bringup/share/drone_bringup/local_setup.zsh
[0.419s] -- Up-to-date symlink: /home/divyansh/Desktop/GNSS-Denied-Drone/install/drone_bringup/share/drone_bringup/local_setup.dsv
[0.420s] -- Symlinking: /home/divyansh/Desktop/GNSS-Denied-Drone/install/drone_bringup/share/drone_bringup/package.dsv
[0.435s] -- Up-to-date symlink: /home/divyansh/Desktop/GNSS-Denied-Drone/install/drone_bringup/share/ament_index/resource_index/packages/drone_bringup
[0.435s] -- Up-to-date symlink: /home/divyansh/Desktop/GNSS-Denied-Drone/install/drone_bringup/share/drone_bringup/cmake/drone_bringupConfig.cmake
[0.436s] -- Up-to-date symlink: /home/divyansh/Desktop/GNSS-Denied-Drone/install/drone_bringup/share/drone_bringup/cmake/drone_bringupConfig-version.cmake
[0.436s] -- Up-to-date symlink: /home/divyansh/Desktop/GNSS-Denied-Drone/install/drone_bringup/share/drone_bringup/package.xml
[0.442s] Invoked command in '/home/divyansh/Desktop/GNSS-Denied-Drone/build/drone_bringup' returned '0': CMAKE_PREFIX_PATH=${CMAKE_PREFIX_PATH}:/home/divyansh/Desktop/GNSS-Denied-Drone/install/drone_eval:/opt/ros/jazzy DEBUGINFOD_URLS=https://debuginfod.ubuntu.com PS1=(.venv) \[\e]0;\u@\h: \w\a\]${debian_chroot:+($debian_chroot)}\[\033[01;32m\]\u@\h\[\033[00m\]:\[\033[01;34m\]\w\[\033[00m\]\$ VIRTUAL_ENV_PROMPT=(.venv) /usr/bin/cmake --install /home/divyansh/Desktop/GNSS-Denied-Drone/build/drone_bringup
