[0.241s] DEBUG:colcon:Command line arguments: ['/usr/bin/colcon', 'build', '--symlink-install']
[0.241s] DEBUG:colcon:Parsed command line arguments: Namespace(log_base=None, log_level=None, verb_name='build', build_base='build', install_base='install', merge_install=False, symlink_install=True, test_result_base=None, continue_on_error=False, executor='parallel', parallel_workers=8, event_handlers=None, ignore_user_meta=False, metas=['./colcon.meta'], base_paths=['.'], packages_ignore=None, packages_ignore_regex=None, paths=None, packages_up_to=None, packages_up_to_regex=None, packages_above=None, packages_above_and_dependencies=None, packages_above_depth=None, packages_select_by_dep=None, packages_skip_by_dep=None, packages_skip_up_to=None, packages_select_build_failed=False, packages_skip_build_finished=False, packages_select_test_failures=False, packages_skip_test_passed=False, packages_select=None, packages_skip=None, packages_select_regex=None, packages_skip_regex=None, packages_start=None, packages_end=None, allow_overriding=[], cmake_args=None, cmake_target=None, cmake_target_skip_unavailable=False, cmake_clean_cache=False, cmake_clean_first=False, cmake_force_configure=False, ament_cmake_args=None, catkin_cmake_args=None, catkin_skip_building_tests=False, verb_parser=<colcon_defaults.argument_parser.defaults.DefaultArgumentsDecorator object at 0x7e9d3d06eb10>, verb_extension=<colcon_core.verb.build.BuildVerb object at 0x7e9d3d06df70>, main=<bound method BuildVerb.main of <colcon_core.verb.build.BuildVerb object at 0x7e9d3d06df70>>)
[0.306s] Level 1:colcon.colcon_core.package_discovery:discover_packages(colcon_meta) check parameters
[0.306s] Level 1:colcon.colcon_core.package_discovery:discover_packages(recursive) check parameters
[0.306s] Level 1:colcon.colcon_core.package_discovery:discover_packages(ignore) check parameters
[0.306s] Level 1:colcon.colcon_core.package_discovery:discover_packages(path) check parameters
[0.306s] Level 1:colcon.colcon_core.package_discovery:discover_packages(colcon_meta) discover
[0.306s] Level 1:colcon.colcon_core.package_discovery:discover_packages(recursive) discover
[0.306s] INFO:colcon.colcon_core.package_discovery:Crawling recursively for packages in '/home/divyansh/Desktop/GNSS-Denied-Drone'
[0.306s] Level 1:colcon.colcon_core.package_identification:_identify(.) by extensions ['ignore', 'ignore_ament_install']
[0.306s] Level 1:colcon.colcon_core.package_identification:_identify(.) by extension 'ignore'
[0.306s] Level 1:colcon.colcon_core.package_identification:_identify(.) by extension 'ignore_ament_install'
[0.307s] Level 1:colcon.colcon_core.package_identification:_identify(.) by extensions ['colcon_pkg']
[0.307s] Level 1:colcon.colcon_core.package_identification:_identify(.) by extension 'colcon_pkg'
[0.307s] Level 1:colcon.colcon_core.package_identification:_identify(.) by extensions ['colcon_meta']
[0.307s] Level 1:colcon.colcon_core.package_identification:_identify(.) by extension 'colcon_meta'
[0.307s] Level 1:colcon.colcon_core.package_identification:_identify(.) by extensions ['ros']
[0.307s] Level 1:colcon.colcon_core.package_identification:_identify(.) by extension 'ros'
[0.342s] Level 1:colcon.colcon_core.package_identification:_identify(.) by extensions ['cmake', 'python']
[0.342s] Level 1:colcon.colcon_core.package_identification:_identify(.) by extension 'cmake'
[0.342s] Level 1:colcon.colcon_core.package_identification:_identify(.) by extension 'python'
[0.342s] Level 1:colcon.colcon_core.package_identification:_identify(.) by extensions ['python_setup_py']
[0.342s] Level 1:colcon.colcon_core.package_identification:_identify(.) by extension 'python_setup_py'
[0.342s] Level 1:colcon.colcon_core.package_identification:_identify(build) by extensions ['ignore', 'ignore_ament_install']
[0.342s] Level 1:colcon.colcon_core.package_identification:_identify(build) by extension 'ignore'
[0.343s] Level 1:colcon.colcon_core.package_identification:_identify(build) ignored
[0.343s] Level 1:colcon.colcon_core.package_identification:_identify(install) by extensions ['ignore', 'ignore_ament_install']
[0.343s] Level 1:colcon.colcon_core.package_identification:_identify(install) by extension 'ignore'
[0.343s] Level 1:colcon.colcon_core.package_identification:_identify(install) ignored
[0.343s] Level 1:colcon.colcon_core.package_identification:_identify(log) by extensions ['ignore', 'ignore_ament_install']
[0.343s] Level 1:colcon.colcon_core.package_identification:_identify(log) by extension 'ignore'
[0.343s] Level 1:colcon.colcon_core.package_identification:_identify(log) ignored
[0.343s] Level 1:colcon.colcon_core.package_identification:_identify(src) by extensions ['ignore', 'ignore_ament_install']
[0.343s] Level 1:colcon.colcon_core.package_identification:_identify(src) by extension 'ignore'
[0.343s] Level 1:colcon.colcon_core.package_identification:_identify(src) by extension 'ignore_ament_install'
[0.343s] Level 1:colcon.colcon_core.package_identification:_identify(src) by extensions ['colcon_pkg']
[0.343s] Level 1:colcon.colcon_core.package_identification:_identify(src) by extension 'colcon_pkg'
[0.344s] Level 1:colcon.colcon_core.package_identification:_identify(src) by extensions ['colcon_meta']
[0.344s] Level 1:colcon.colcon_core.package_identification:_identify(src) by extension 'colcon_meta'
[0.344s] Level 1:colcon.colcon_core.package_identification:_identify(src) by extensions ['ros']
[0.344s] Level 1:colcon.colcon_core.package_identification:_identify(src) by extension 'ros'
[0.344s] Level 1:colcon.colcon_core.package_identification:_identify(src) by extensions ['cmake', 'python']
[0.344s] Level 1:colcon.colcon_core.package_identification:_identify(src) by extension 'cmake'
[0.344s] Level 1:colcon.colcon_core.package_identification:_identify(src) by extension 'python'
[0.344s] Level 1:colcon.colcon_core.package_identification:_identify(src) by extensions ['python_setup_py']
[0.344s] Level 1:colcon.colcon_core.package_identification:_identify(src) by extension 'python_setup_py'
[0.344s] Level 1:colcon.colcon_core.package_identification:_identify(src/drone_bringup) by extensions ['ignore', 'ignore_ament_install']
[0.344s] Level 1:colcon.colcon_core.package_identification:_identify(src/drone_bringup) by extension 'ignore'
[0.344s] Level 1:colcon.colcon_core.package_identification:_identify(src/drone_bringup) by extension 'ignore_ament_install'
[0.344s] Level 1:colcon.colcon_core.package_identification:_identify(src/drone_bringup) by extensions ['colcon_pkg']
[0.344s] Level 1:colcon.colcon_core.package_identification:_identify(src/drone_bringup) by extension 'colcon_pkg'
[0.344s] Level 1:colcon.colcon_core.package_identification:_identify(src/drone_bringup) by extensions ['colcon_meta']
[0.344s] Level 1:colcon.colcon_core.package_identification:_identify(src/drone_bringup) by extension 'colcon_meta'
[0.345s] Level 1:colcon.colcon_core.package_identification:_identify(src/drone_bringup) by extensions ['ros']
[0.345s] Level 1:colcon.colcon_core.package_identification:_identify(src/drone_bringup) by extension 'ros'
[0.349s] DEBUG:colcon.colcon_core.package_identification:Package 'src/drone_bringup' with type 'ros.ament_cmake' and name 'drone_bringup'
[0.349s] Level 1:colcon.colcon_core.package_identification:_identify(src/drone_description) by extensions ['ignore', 'ignore_ament_install']
[0.349s] Level 1:colcon.colcon_core.package_identification:_identify(src/drone_description) by extension 'ignore'
[0.349s] Level 1:colcon.colcon_core.package_identification:_identify(src/drone_description) by extension 'ignore_ament_install'
[0.349s] Level 1:colcon.colcon_core.package_identification:_identify(src/drone_description) by extensions ['colcon_pkg']
[0.349s] Level 1:colcon.colcon_core.package_identification:_identify(src/drone_description) by extension 'colcon_pkg'
[0.349s] Level 1:colcon.colcon_core.package_identification:_identify(src/drone_description) by extensions ['colcon_meta']
[0.349s] Level 1:colcon.colcon_core.package_identification:_identify(src/drone_description) by extension 'colcon_meta'
[0.349s] Level 1:colcon.colcon_core.package_identification:_identify(src/drone_description) by extensions ['ros']
[0.350s] Level 1:colcon.colcon_core.package_identification:_identify(src/drone_description) by extension 'ros'
[0.350s] DEBUG:colcon.colcon_core.package_identification:Package 'src/drone_description' with type 'ros.ament_cmake' and name 'drone_description'
[0.350s] Level 1:colcon.colcon_core.package_identification:_identify(src/drone_eval) by extensions ['ignore', 'ignore_ament_install']
[0.350s] Level 1:colcon.colcon_core.package_identification:_identify(src/drone_eval) by extension 'ignore'
[0.351s] Level 1:colcon.colcon_core.package_identification:_identify(src/drone_eval) by extension 'ignore_ament_install'
[0.351s] Level 1:colcon.colcon_core.package_identification:_identify(src/drone_eval) by extensions ['colcon_pkg']
[0.351s] Level 1:colcon.colcon_core.package_identification:_identify(src/drone_eval) by extension 'colcon_pkg'
[0.351s] Level 1:colcon.colcon_core.package_identification:_identify(src/drone_eval) by extensions ['colcon_meta']
[0.351s] Level 1:colcon.colcon_core.package_identification:_identify(src/drone_eval) by extension 'colcon_meta'
[0.351s] Level 1:colcon.colcon_core.package_identification:_identify(src/drone_eval) by extensions ['ros']
[0.351s] Level 1:colcon.colcon_core.package_identification:_identify(src/drone_eval) by extension 'ros'
[0.351s] DEBUG:colcon.colcon_core.package_identification:Package 'src/drone_eval' with type 'ros.ament_python' and name 'drone_eval'
[0.351s] Level 1:colcon.colcon_core.package_identification:_identify(src/drone_gazebo) by extensions ['ignore', 'ignore_ament_install']
[0.351s] Level 1:colcon.colcon_core.package_identification:_identify(src/drone_gazebo) by extension 'ignore'
[0.352s] Level 1:colcon.colcon_core.package_identification:_identify(src/drone_gazebo) by extension 'ignore_ament_install'
[0.352s] Level 1:colcon.colcon_core.package_identification:_identify(src/drone_gazebo) by extensions ['colcon_pkg']
[0.352s] Level 1:colcon.colcon_core.package_identification:_identify(src/drone_gazebo) by extension 'colcon_pkg'
[0.352s] Level 1:colcon.colcon_core.package_identification:_identify(src/drone_gazebo) by extensions ['colcon_meta']
[0.352s] Level 1:colcon.colcon_core.package_identification:_identify(src/drone_gazebo) by extension 'colcon_meta'
[0.352s] Level 1:colcon.colcon_core.package_identification:_identify(src/drone_gazebo) by extensions ['ros']
[0.352s] Level 1:colcon.colcon_core.package_identification:_identify(src/drone_gazebo) by extension 'ros'
[0.352s] DEBUG:colcon.colcon_core.package_identification:Package 'src/drone_gazebo' with type 'ros.ament_cmake' and name 'drone_gazebo'
[0.352s] Level 1:colcon.colcon_core.package_identification:_identify(src/drone_slam) by extensions ['ignore', 'ignore_ament_install']
[0.352s] Level 1:colcon.colcon_core.package_identification:_identify(src/drone_slam) by extension 'ignore'
[0.353s] Level 1:colcon.colcon_core.package_identification:_identify(src/drone_slam) by extension 'ignore_ament_install'
[0.353s] Level 1:colcon.colcon_core.package_identification:_identify(src/drone_slam) by extensions ['colcon_pkg']
[0.353s] Level 1:colcon.colcon_core.package_identification:_identify(src/drone_slam) by extension 'colcon_pkg'
[0.353s] Level 1:colcon.colcon_core.package_identification:_identify(src/drone_slam) by extensions ['colcon_meta']
[0.353s] Level 1:colcon.colcon_core.package_identification:_identify(src/drone_slam) by extension 'colcon_meta'
[0.353s] Level 1:colcon.colcon_core.package_identification:_identify(src/drone_slam) by extensions ['ros']
[0.353s] Level 1:colcon.colcon_core.package_identification:_identify(src/drone_slam) by extension 'ros'
[0.353s] DEBUG:colcon.colcon_core.package_identification:Package 'src/drone_slam' with type 'ros.ament_cmake' and name 'drone_slam'
[0.353s] Level 1:colcon.colcon_core.package_discovery:discover_packages(recursive) using defaults
[0.353s] Level 1:colcon.colcon_core.package_discovery:discover_packages(ignore) discover
[0.353s] Level 1:colcon.colcon_core.package_discovery:discover_packages(ignore) using defaults
[0.353s] Level 1:colcon.colcon_core.package_discovery:discover_packages(path) discover
[0.353s] Level 1:colcon.colcon_core.package_discovery:discover_packages(path) using defaults
[0.377s] Level 1:colcon.colcon_core.package_discovery:discover_packages(prefix_path) check parameters
[0.377s] Level 1:colcon.colcon_core.package_discovery:discover_packages(prefix_path) discover
[0.380s] DEBUG:colcon.colcon_installed_package_information.package_discovery:Found 0 installed packages in /home/divyansh/Desktop/GNSS-Denied-Drone/install
[0.382s] DEBUG:colcon.colcon_installed_package_information.package_discovery:Found 321 installed packages in /opt/ros/jazzy
[0.383s] Level 1:colcon.colcon_core.package_discovery:discover_packages(prefix_path) using defaults
[0.444s] Level 5:colcon.colcon_core.verb:set package 'drone_bringup' build argument 'cmake_args' from command line to 'None'
[0.444s] Level 5:colcon.colcon_core.verb:set package 'drone_bringup' build argument 'cmake_target' from command line to 'None'
[0.444s] Level 5:colcon.colcon_core.verb:set package 'drone_bringup' build argument 'cmake_target_skip_unavailable' from command line to 'False'
[0.444s] Level 5:colcon.colcon_core.verb:set package 'drone_bringup' build argument 'cmake_clean_cache' from command line to 'False'
[0.444s] Level 5:colcon.colcon_core.verb:set package 'drone_bringup' build argument 'cmake_clean_first' from command line to 'False'
[0.444s] Level 5:colcon.colcon_core.verb:set package 'drone_bringup' build argument 'cmake_force_configure' from command line to 'False'
[0.444s] Level 5:colcon.colcon_core.verb:set package 'drone_bringup' build argument 'ament_cmake_args' from command line to 'None'
[0.444s] Level 5:colcon.colcon_core.verb:set package 'drone_bringup' build argument 'catkin_cmake_args' from command line to 'None'
[0.444s] Level 5:colcon.colcon_core.verb:set package 'drone_bringup' build argument 'catkin_skip_building_tests' from command line to 'False'
[0.444s] DEBUG:colcon.colcon_core.verb:Building package 'drone_bringup' with the following arguments: {'ament_cmake_args': None, 'build_base': '/home/divyansh/Desktop/GNSS-Denied-Drone/build/drone_bringup', 'catkin_cmake_args': None, 'catkin_skip_building_tests': False, 'cmake_args': None, 'cmake_clean_cache': False, 'cmake_clean_first': False, 'cmake_force_configure': False, 'cmake_target': None, 'cmake_target_skip_unavailable': False, 'install_base': '/home/divyansh/Desktop/GNSS-Denied-Drone/install/drone_bringup', 'merge_install': False, 'path': '/home/divyansh/Desktop/GNSS-Denied-Drone/src/drone_bringup', 'symlink_install': True, 'test_result_base': None}
[0.445s] Level 5:colcon.colcon_core.verb:set package 'drone_description' build argument 'cmake_args' from command line to 'None'
[0.445s] Level 5:colcon.colcon_core.verb:set package 'drone_description' build argument 'cmake_target' from command line to 'None'
[0.445s] Level 5:colcon.colcon_core.verb:set package 'drone_description' build argument 'cmake_target_skip_unavailable' from command line to 'False'
[0.445s] Level 5:colcon.colcon_core.verb:set package 'drone_description' build argument 'cmake_clean_cache' from command line to 'False'
[0.445s] Level 5:colcon.colcon_core.verb:set package 'drone_description' build argument 'cmake_clean_first' from command line to 'False'
[0.445s] Level 5:colcon.colcon_core.verb:set package 'drone_description' build argument 'cmake_force_configure' from command line to 'False'
[0.445s] Level 5:colcon.colcon_core.verb:set package 'drone_description' build argument 'ament_cmake_args' from command line to 'None'
[0.445s] Level 5:colcon.colcon_core.verb:set package 'drone_description' build argument 'catkin_cmake_args' from command line to 'None'
[0.445s] Level 5:colcon.colcon_core.verb:set package 'drone_description' build argument 'catkin_skip_building_tests' from command line to 'False'
[0.445s] DEBUG:colcon.colcon_core.verb:Building package 'drone_description' with the following arguments: {'ament_cmake_args': None, 'build_base': '/home/divyansh/Desktop/GNSS-Denied-Drone/build/drone_description', 'catkin_cmake_args': None, 'catkin_skip_building_tests': False, 'cmake_args': None, 'cmake_clean_cache': False, 'cmake_clean_first': False, 'cmake_force_configure': False, 'cmake_target': None, 'cmake_target_skip_unavailable': False, 'install_base': '/home/divyansh/Desktop/GNSS-Denied-Drone/install/drone_description', 'merge_install': False, 'path': '/home/divyansh/Desktop/GNSS-Denied-Drone/src/drone_description', 'symlink_install': True, 'test_result_base': None}
[0.445s] Level 5:colcon.colcon_core.verb:set package 'drone_eval' build argument 'cmake_args' from command line to 'None'
[0.445s] Level 5:colcon.colcon_core.verb:set package 'drone_eval' build argument 'cmake_target' from command line to 'None'
[0.445s] Level 5:colcon.colcon_core.verb:set package 'drone_eval' build argument 'cmake_target_skip_unavailable' from command line to 'False'
[0.445s] Level 5:colcon.colcon_core.verb:set package 'drone_eval' build argument 'cmake_clean_cache' from command line to 'False'
[0.445s] Level 5:colcon.colcon_core.verb:set package 'drone_eval' build argument 'cmake_clean_first' from command line to 'False'
[0.445s] Level 5:colcon.colcon_core.verb:set package 'drone_eval' build argument 'cmake_force_configure' from command line to 'False'
[0.446s] Level 5:colcon.colcon_core.verb:set package 'drone_eval' build argument 'ament_cmake_args' from command line to 'None'
[0.446s] Level 5:colcon.colcon_core.verb:set package 'drone_eval' build argument 'catkin_cmake_args' from command line to 'None'
[0.446s] Level 5:colcon.colcon_core.verb:set package 'drone_eval' build argument 'catkin_skip_building_tests' from command line to 'False'
[0.446s] DEBUG:colcon.colcon_core.verb:Building package 'drone_eval' with the following arguments: {'ament_cmake_args': None, 'build_base': '/home/divyansh/Desktop/GNSS-Denied-Drone/build/drone_eval', 'catkin_cmake_args': None, 'catkin_skip_building_tests': False, 'cmake_args': None, 'cmake_clean_cache': False, 'cmake_clean_first': False, 'cmake_force_configure': False, 'cmake_target': None, 'cmake_target_skip_unavailable': False, 'install_base': '/home/divyansh/Desktop/GNSS-Denied-Drone/install/drone_eval', 'merge_install': False, 'path': '/home/divyansh/Desktop/GNSS-Denied-Drone/src/drone_eval', 'symlink_install': True, 'test_result_base': None}
[0.446s] Level 5:colcon.colcon_core.verb:set package 'drone_gazebo' build argument 'cmake_args' from command line to 'None'
[0.446s] Level 5:colcon.colcon_core.verb:set package 'drone_gazebo' build argument 'cmake_target' from command line to 'None'
[0.446s] Level 5:colcon.colcon_core.verb:set package 'drone_gazebo' build argument 'cmake_target_skip_unavailable' from command line to 'False'
[0.446s] Level 5:colcon.colcon_core.verb:set package 'drone_gazebo' build argument 'cmake_clean_cache' from command line to 'False'
[0.446s] Level 5:colcon.colcon_core.verb:set package 'drone_gazebo' build argument 'cmake_clean_first' from command line to 'False'
[0.446s] Level 5:colcon.colcon_core.verb:set package 'drone_gazebo' build argument 'cmake_force_configure' from command line to 'False'
[0.446s] Level 5:colcon.colcon_core.verb:set package 'drone_gazebo' build argument 'ament_cmake_args' from command line to 'None'
[0.446s] Level 5:colcon.colcon_core.verb:set package 'drone_gazebo' build argument 'catkin_cmake_args' from command line to 'None'
[0.446s] Level 5:colcon.colcon_core.verb:set package 'drone_gazebo' build argument 'catkin_skip_building_tests' from command line to 'False'
[0.446s] DEBUG:colcon.colcon_core.verb:Building package 'drone_gazebo' with the following arguments: {'ament_cmake_args': None, 'build_base': '/home/divyansh/Desktop/GNSS-Denied-Drone/build/drone_gazebo', 'catkin_cmake_args': None, 'catkin_skip_building_tests': False, 'cmake_args': None, 'cmake_clean_cache': False, 'cmake_clean_first': False, 'cmake_force_configure': False, 'cmake_target': None, 'cmake_target_skip_unavailable': False, 'install_base': '/home/divyansh/Desktop/GNSS-Denied-Drone/install/drone_gazebo', 'merge_install': False, 'path': '/home/divyansh/Desktop/GNSS-Denied-Drone/src/drone_gazebo', 'symlink_install': True, 'test_result_base': None}
[0.446s] Level 5:colcon.colcon_core.verb:set package 'drone_slam' build argument 'cmake_args' from command line to 'None'
[0.447s] Level 5:colcon.colcon_core.verb:set package 'drone_slam' build argument 'cmake_target' from command line to 'None'
[0.447s] Level 5:colcon.colcon_core.verb:set package 'drone_slam' build argument 'cmake_target_skip_unavailable' from command line to 'False'
[0.447s] Level 5:colcon.colcon_core.verb:set package 'drone_slam' build argument 'cmake_clean_cache' from command line to 'False'
[0.447s] Level 5:colcon.colcon_core.verb:set package 'drone_slam' build argument 'cmake_clean_first' from command line to 'False'
[0.447s] Level 5:colcon.colcon_core.verb:set package 'drone_slam' build argument 'cmake_force_configure' from command line to 'False'
[0.447s] Level 5:colcon.colcon_core.verb:set package 'drone_slam' build argument 'ament_cmake_args' from command line to 'None'
[0.447s] Level 5:colcon.colcon_core.verb:set package 'drone_slam' build argument 'catkin_cmake_args' from command line to 'None'
[0.447s] Level 5:colcon.colcon_core.verb:set package 'drone_slam' build argument 'catkin_skip_building_tests' from command line to 'False'
[0.447s] DEBUG:colcon.colcon_core.verb:Building package 'drone_slam' with the following arguments: {'ament_cmake_args': None, 'build_base': '/home/divyansh/Desktop/GNSS-Denied-Drone/build/drone_slam', 'catkin_cmake_args': None, 'catkin_skip_building_tests': False, 'cmake_args': None, 'cmake_clean_cache': False, 'cmake_clean_first': False, 'cmake_force_configure': False, 'cmake_target': None, 'cmake_target_skip_unavailable': False, 'install_base': '/home/divyansh/Desktop/GNSS-Denied-Drone/install/drone_slam', 'merge_install': False, 'path': '/home/divyansh/Desktop/GNSS-Denied-Drone/src/drone_slam', 'symlink_install': True, 'test_result_base': None}
[0.447s] INFO:colcon.colcon_core.executor:Executing jobs using 'parallel' executor
[0.448s] DEBUG:colcon.colcon_parallel_executor.executor.parallel:run_until_complete
[0.448s] INFO:colcon.colcon_ros.task.ament_cmake.build:Building ROS package in '/home/divyansh/Desktop/GNSS-Denied-Drone/src/drone_bringup' with build type 'ament_cmake'
[0.448s] INFO:colcon.colcon_cmake.task.cmake.build:Building CMake package in '/home/divyansh/Desktop/GNSS-Denied-Drone/src/drone_bringup'
[0.453s] INFO:colcon.colcon_core.plugin_system:Skipping extension 'colcon_core.shell.bat': Not used on non-Windows systems
[0.453s] INFO:colcon.colcon_core.shell:Skip shell extension 'powershell' for command environment: Not usable outside of PowerShell
[0.453s] DEBUG:colcon.colcon_core.shell:Skip shell extension 'dsv' for command environment
[0.457s] INFO:colcon.colcon_ros.task.ament_cmake.build:Building ROS package in '/home/divyansh/Desktop/GNSS-Denied-Drone/src/drone_description' with build type 'ament_cmake'
[0.457s] INFO:colcon.colcon_cmake.task.cmake.build:Building CMake package in '/home/divyansh/Desktop/GNSS-Denied-Drone/src/drone_description'
[0.458s] INFO:colcon.colcon_core.shell:Skip shell extension 'powershell' for command environment: Not usable outside of PowerShell
[0.458s] DEBUG:colcon.colcon_core.shell:Skip shell extension 'dsv' for command environment
[0.462s] INFO:colcon.colcon_ros.task.ament_python.build:Building ROS package in '/home/divyansh/Desktop/GNSS-Denied-Drone/src/drone_eval' with build type 'ament_python'
[0.462s] Level 1:colcon.colcon_core.shell:create_environment_hook('drone_eval', 'ament_prefix_path')
[0.462s] INFO:colcon.colcon_core.shell:Creating environment hook '/home/divyansh/Desktop/GNSS-Denied-Drone/install/drone_eval/share/drone_eval/hook/ament_prefix_path.ps1'
[0.463s] INFO:colcon.colcon_core.shell:Creating environment descriptor '/home/divyansh/Desktop/GNSS-Denied-Drone/install/drone_eval/share/drone_eval/hook/ament_prefix_path.dsv'
[0.464s] INFO:colcon.colcon_core.shell:Creating environment hook '/home/divyansh/Desktop/GNSS-Denied-Drone/install/drone_eval/share/drone_eval/hook/ament_prefix_path.sh'
[0.465s] INFO:colcon.colcon_core.shell:Skip shell extension 'powershell' for command environment: Not usable outside of PowerShell
[0.465s] DEBUG:colcon.colcon_core.shell:Skip shell extension 'dsv' for command environment
[0.469s] INFO:colcon.colcon_ros.task.ament_cmake.build:Building ROS package in '/home/divyansh/Desktop/GNSS-Denied-Drone/src/drone_gazebo' with build type 'ament_cmake'
[0.469s] INFO:colcon.colcon_cmake.task.cmake.build:Building CMake package in '/home/divyansh/Desktop/GNSS-Denied-Drone/src/drone_gazebo'
[0.469s] INFO:colcon.colcon_core.shell:Skip shell extension 'powershell' for command environment: Not usable outside of PowerShell
[0.469s] DEBUG:colcon.colcon_core.shell:Skip shell extension 'dsv' for command environment
[0.473s] INFO:colcon.colcon_ros.task.ament_cmake.build:Building ROS package in '/home/divyansh/Desktop/GNSS-Denied-Drone/src/drone_slam' with build type 'ament_cmake'
[0.473s] INFO:colcon.colcon_cmake.task.cmake.build:Building CMake package in '/home/divyansh/Desktop/GNSS-Denied-Drone/src/drone_slam'
[0.474s] INFO:colcon.colcon_core.shell:Skip shell extension 'powershell' for command environment: Not usable outside of PowerShell
[0.474s] DEBUG:colcon.colcon_core.shell:Skip shell extension 'dsv' for command environment
[0.482s] DEBUG:colcon.colcon_core.event_handler.log_command:Invoking command in '/home/divyansh/Desktop/GNSS-Denied-Drone/build/drone_bringup': CMAKE_PREFIX_PATH=${CMAKE_PREFIX_PATH}:/opt/ros/jazzy DEBUGINFOD_URLS=https://debuginfod.ubuntu.com PS1=(.venv) \[\e]0;\u@\h: \w\a\]${debian_chroot:+($debian_chroot)}\[\033[01;32m\]\u@\h\[\033[00m\]:\[\033[01;34m\]\w\[\033[00m\]\$ VIRTUAL_ENV_PROMPT=(.venv) /usr/bin/cmake /home/divyansh/Desktop/GNSS-Denied-Drone/src/drone_bringup -DAMENT_CMAKE_SYMLINK_INSTALL=1 -DCMAKE_INSTALL_PREFIX=/home/divyansh/Desktop/GNSS-Denied-Drone/install/drone_bringup
[0.486s] DEBUG:colcon.colcon_core.event_handler.log_command:Invoking command in '/home/divyansh/Desktop/GNSS-Denied-Drone/build/drone_description': CMAKE_PREFIX_PATH=${CMAKE_PREFIX_PATH}:/opt/ros/jazzy DEBUGINFOD_URLS=https://debuginfod.ubuntu.com PS1=(.venv) \[\e]0;\u@\h: \w\a\]${debian_chroot:+($debian_chroot)}\[\033[01;32m\]\u@\h\[\033[00m\]:\[\033[01;34m\]\w\[\033[00m\]\$ VIRTUAL_ENV_PROMPT=(.venv) /usr/bin/cmake /home/divyansh/Desktop/GNSS-Denied-Drone/src/drone_description -DAMENT_CMAKE_SYMLINK_INSTALL=1 -DCMAKE_INSTALL_PREFIX=/home/divyansh/Desktop/GNSS-Denied-Drone/install/drone_description
[0.836s] INFO:colcon.colcon_core.task.python.build:Building Python package in '/home/divyansh/Desktop/GNSS-Denied-Drone/src/drone_eval'
[0.836s] INFO:colcon.colcon_core.shell:Skip shell extension 'powershell' for command environment: Not usable outside of PowerShell
[0.836s] DEBUG:colcon.colcon_core.shell:Skip shell extension 'dsv' for command environment
[0.847s] DEBUG:colcon.colcon_core.event_handler.log_command:Invoking command in '/home/divyansh/Desktop/GNSS-Denied-Drone/build/drone_gazebo': CMAKE_PREFIX_PATH=${CMAKE_PREFIX_PATH}:/opt/ros/jazzy DEBUGINFOD_URLS=https://debuginfod.ubuntu.com PS1=(.venv) \[\e]0;\u@\h: \w\a\]${debian_chroot:+($debian_chroot)}\[\033[01;32m\]\u@\h\[\033[00m\]:\[\033[01;34m\]\w\[\033[00m\]\$ VIRTUAL_ENV_PROMPT=(.venv) /usr/bin/cmake /home/divyansh/Desktop/GNSS-Denied-Drone/src/drone_gazebo -DAMENT_CMAKE_SYMLINK_INSTALL=1 -DCMAKE_INSTALL_PREFIX=/home/divyansh/Desktop/GNSS-Denied-Drone/install/drone_gazebo
[0.855s] DEBUG:colcon.colcon_core.event_handler.log_command:Invoking command in '/home/divyansh/Desktop/GNSS-Denied-Drone/build/drone_slam': CMAKE_PREFIX_PATH=${CMAKE_PREFIX_PATH}:/opt/ros/jazzy DEBUGINFOD_URLS=https://debuginfod.ubuntu.com PS1=(.venv) \[\e]0;\u@\h: \w\a\]${debian_chroot:+($debian_chroot)}\[\033[01;32m\]\u@\h\[\033[00m\]:\[\033[01;34m\]\w\[\033[00m\]\$ VIRTUAL_ENV_PROMPT=(.venv) /usr/bin/cmake /home/divyansh/Desktop/GNSS-Denied-Drone/src/drone_slam -DAMENT_CMAKE_SYMLINK_INSTALL=1 -DCMAKE_INSTALL_PREFIX=/home/divyansh/Desktop/GNSS-Denied-Drone/install/drone_slam
[1.896s] DEBUG:colcon.colcon_core.event_handler.log_command:Invoked command in '/home/divyansh/Desktop/GNSS-Denied-Drone/build/drone_bringup' returned '0': CMAKE_PREFIX_PATH=${CMAKE_PREFIX_PATH}:/opt/ros/jazzy DEBUGINFOD_URLS=https://debuginfod.ubuntu.com PS1=(.venv) \[\e]0;\u@\h: \w\a\]${debian_chroot:+($debian_chroot)}\[\033[01;32m\]\u@\h\[\033[00m\]:\[\033[01;34m\]\w\[\033[00m\]\$ VIRTUAL_ENV_PROMPT=(.venv) /usr/bin/cmake /home/divyansh/Desktop/GNSS-Denied-Drone/src/drone_bringup -DAMENT_CMAKE_SYMLINK_INSTALL=1 -DCMAKE_INSTALL_PREFIX=/home/divyansh/Desktop/GNSS-Denied-Drone/install/drone_bringup
[1.897s] DEBUG:colcon.colcon_core.event_handler.log_command:Invoking command in '/home/divyansh/Desktop/GNSS-Denied-Drone/build/drone_bringup': CMAKE_PREFIX_PATH=${CMAKE_PREFIX_PATH}:/opt/ros/jazzy DEBUGINFOD_URLS=https://debuginfod.ubuntu.com PS1=(.venv) \[\e]0;\u@\h: \w\a\]${debian_chroot:+($debian_chroot)}\[\033[01;32m\]\u@\h\[\033[00m\]:\[\033[01;34m\]\w\[\033[00m\]\$ VIRTUAL_ENV_PROMPT=(.venv) /usr/bin/cmake --build /home/divyansh/Desktop/GNSS-Denied-Drone/build/drone_bringup -- -j8 -l8
[1.913s] DEBUG:colcon.colcon_core.event_handler.log_command:Invoked command in '/home/divyansh/Desktop/GNSS-Denied-Drone/build/drone_description' returned '0': CMAKE_PREFIX_PATH=${CMAKE_PREFIX_PATH}:/opt/ros/jazzy DEBUGINFOD_URLS=https://debuginfod.ubuntu.com PS1=(.venv) \[\e]0;\u@\h: \w\a\]${debian_chroot:+($debian_chroot)}\[\033[01;32m\]\u@\h\[\033[00m\]:\[\033[01;34m\]\w\[\033[00m\]\$ VIRTUAL_ENV_PROMPT=(.venv) /usr/bin/cmake /home/divyansh/Desktop/GNSS-Denied-Drone/src/drone_description -DAMENT_CMAKE_SYMLINK_INSTALL=1 -DCMAKE_INSTALL_PREFIX=/home/divyansh/Desktop/GNSS-Denied-Drone/install/drone_description
[1.915s] DEBUG:colcon.colcon_core.event_handler.log_command:Invoking command in '/home/divyansh/Desktop/GNSS-Denied-Drone/build/drone_description': CMAKE_PREFIX_PATH=${CMAKE_PREFIX_PATH}:/opt/ros/jazzy DEBUGINFOD_URLS=https://debuginfod.ubuntu.com PS1=(.venv) \[\e]0;\u@\h: \w\a\]${debian_chroot:+($debian_chroot)}\[\033[01;32m\]\u@\h\[\033[00m\]:\[\033[01;34m\]\w\[\033[00m\]\$ VIRTUAL_ENV_PROMPT=(.venv) /usr/bin/cmake --build /home/divyansh/Desktop/GNSS-Denied-Drone/build/drone_description -- -j8 -l8
[1.973s] DEBUG:colcon.colcon_core.event_handler.log_command:Invoked command in '/home/divyansh/Desktop/GNSS-Denied-Drone/build/drone_bringup' returned '0': CMAKE_PREFIX_PATH=${CMAKE_PREFIX_PATH}:/opt/ros/jazzy DEBUGINFOD_URLS=https://debuginfod.ubuntu.com PS1=(.venv) \[\e]0;\u@\h: \w\a\]${debian_chroot:+($debian_chroot)}\[\033[01;32m\]\u@\h\[\033[00m\]:\[\033[01;34m\]\w\[\033[00m\]\$ VIRTUAL_ENV_PROMPT=(.venv) /usr/bin/cmake --build /home/divyansh/Desktop/GNSS-Denied-Drone/build/drone_bringup -- -j8 -l8
[1.991s] DEBUG:colcon.colcon_core.event_handler.log_command:Invoking command in '/home/divyansh/Desktop/GNSS-Denied-Drone/build/drone_bringup': CMAKE_PREFIX_PATH=${CMAKE_PREFIX_PATH}:/opt/ros/jazzy DEBUGINFOD_URLS=https://debuginfod.ubuntu.com PS1=(.venv) \[\e]0;\u@\h: \w\a\]${debian_chroot:+($debian_chroot)}\[\033[01;32m\]\u@\h\[\033[00m\]:\[\033[01;34m\]\w\[\033[00m\]\$ VIRTUAL_ENV_PROMPT=(.venv) /usr/bin/cmake --install /home/divyansh/Desktop/GNSS-Denied-Drone/build/drone_bringup
[1.993s] DEBUG:colcon.colcon_core.event_handler.log_command:Invoked command in '/home/divyansh/Desktop/GNSS-Denied-Drone/build/drone_description' returned '0': CMAKE_PREFIX_PATH=${CMAKE_PREFIX_PATH}:/opt/ros/jazzy DEBUGINFOD_URLS=https://debuginfod.ubuntu.com PS1=(.venv) \[\e]0;\u@\h: \w\a\]${debian_chroot:+($debian_chroot)}\[\033[01;32m\]\u@\h\[\033[00m\]:\[\033[01;34m\]\w\[\033[00m\]\$ VIRTUAL_ENV_PROMPT=(.venv) /usr/bin/cmake --build /home/divyansh/Desktop/GNSS-Denied-Drone/build/drone_description -- -j8 -l8
[1.995s] DEBUG:colcon.colcon_core.event_handler.log_command:Invoking command in '/home/divyansh/Desktop/GNSS-Denied-Drone/build/drone_description': CMAKE_PREFIX_PATH=${CMAKE_PREFIX_PATH}:/opt/ros/jazzy DEBUGINFOD_URLS=https://debuginfod.ubuntu.com PS1=(.venv) \[\e]0;\u@\h: \w\a\]${debian_chroot:+($debian_chroot)}\[\033[01;32m\]\u@\h\[\033[00m\]:\[\033[01;34m\]\w\[\033[00m\]\$ VIRTUAL_ENV_PROMPT=(.venv) /usr/bin/cmake --install /home/divyansh/Desktop/GNSS-Denied-Drone/build/drone_description
[2.060s] DEBUG:colcon.colcon_core.event_handler.log_command:Invoking command in '/home/divyansh/Desktop/GNSS-Denied-Drone/build/drone_eval': DEBUGINFOD_URLS=https://debuginfod.ubuntu.com PS1=(.venv) \[\e]0;\u@\h: \w\a\]${debian_chroot:+($debian_chroot)}\[\033[01;32m\]\u@\h\[\033[00m\]:\[\033[01;34m\]\w\[\033[00m\]\$ PYTHONPATH=/home/divyansh/Desktop/GNSS-Denied-Drone/build/drone_eval/prefix_override:/usr/lib/python3/dist-packages/colcon_core/task/python/colcon_distutils_commands:/home/divyansh/Desktop/GNSS-Denied-Drone/install/drone_eval/lib/python3.12/site-packages:${PYTHONPATH} VIRTUAL_ENV_PROMPT=(.venv) /usr/bin/python3 -W ignore:setup.py install is deprecated -W ignore:easy_install command is deprecated setup.py develop --editable --build-directory /home/divyansh/Desktop/GNSS-Denied-Drone/build/drone_eval/build --no-deps symlink_data
[2.238s] DEBUG:colcon.colcon_core.event_handler.log_command:Invoked command in '/home/divyansh/Desktop/GNSS-Denied-Drone/build/drone_gazebo' returned '0': CMAKE_PREFIX_PATH=${CMAKE_PREFIX_PATH}:/opt/ros/jazzy DEBUGINFOD_URLS=https://debuginfod.ubuntu.com PS1=(.venv) \[\e]0;\u@\h: \w\a\]${debian_chroot:+($debian_chroot)}\[\033[01;32m\]\u@\h\[\033[00m\]:\[\033[01;34m\]\w\[\033[00m\]\$ VIRTUAL_ENV_PROMPT=(.venv) /usr/bin/cmake /home/divyansh/Desktop/GNSS-Denied-Drone/src/drone_gazebo -DAMENT_CMAKE_SYMLINK_INSTALL=1 -DCMAKE_INSTALL_PREFIX=/home/divyansh/Desktop/GNSS-Denied-Drone/install/drone_gazebo
[2.240s] DEBUG:colcon.colcon_core.event_handler.log_command:Invoking command in '/home/divyansh/Desktop/GNSS-Denied-Drone/build/drone_gazebo': CMAKE_PREFIX_PATH=${CMAKE_PREFIX_PATH}:/opt/ros/jazzy DEBUGINFOD_URLS=https://debuginfod.ubuntu.com PS1=(.venv) \[\e]0;\u@\h: \w\a\]${debian_chroot:+($debian_chroot)}\[\033[01;32m\]\u@\h\[\033[00m\]:\[\033[01;34m\]\w\[\033[00m\]\$ VIRTUAL_ENV_PROMPT=(.venv) /usr/bin/cmake --build /home/divyansh/Desktop/GNSS-Denied-Drone/build/drone_gazebo -- -j8 -l8
[2.268s] DEBUG:colcon.colcon_core.event_handler.log_command:Invoked command in '/home/divyansh/Desktop/GNSS-Denied-Drone/build/drone_slam' returned '0': CMAKE_PREFIX_PATH=${CMAKE_PREFIX_PATH}:/opt/ros/jazzy DEBUGINFOD_URLS=https://debuginfod.ubuntu.com PS1=(.venv) \[\e]0;\u@\h: \w\a\]${debian_chroot:+($debian_chroot)}\[\033[01;32m\]\u@\h\[\033[00m\]:\[\033[01;34m\]\w\[\033[00m\]\$ VIRTUAL_ENV_PROMPT=(.venv) /usr/bin/cmake /home/divyansh/Desktop/GNSS-Denied-Drone/src/drone_slam -DAMENT_CMAKE_SYMLINK_INSTALL=1 -DCMAKE_INSTALL_PREFIX=/home/divyansh/Desktop/GNSS-Denied-Drone/install/drone_slam
[2.270s] DEBUG:colcon.colcon_core.event_handler.log_command:Invoking command in '/home/divyansh/Desktop/GNSS-Denied-Drone/build/drone_slam': CMAKE_PREFIX_PATH=${CMAKE_PREFIX_PATH}:/opt/ros/jazzy DEBUGINFOD_URLS=https://debuginfod.ubuntu.com PS1=(.venv) \[\e]0;\u@\h: \w\a\]${debian_chroot:+($debian_chroot)}\[\033[01;32m\]\u@\h\[\033[00m\]:\[\033[01;34m\]\w\[\033[00m\]\$ VIRTUAL_ENV_PROMPT=(.venv) /usr/bin/cmake --build /home/divyansh/Desktop/GNSS-Denied-Drone/build/drone_slam -- -j8 -l8
[2.298s] Level 1:colcon.colcon_core.environment:create_environment_scripts_only(drone_description)
[2.299s] DEBUG:colcon.colcon_core.event_handler.log_command:Invoked command in '/home/divyansh/Desktop/GNSS-Denied-Drone/build/drone_description' returned '0': CMAKE_PREFIX_PATH=${CMAKE_PREFIX_PATH}:/opt/ros/jazzy DEBUGINFOD_URLS=https://debuginfod.ubuntu.com PS1=(.venv) \[\e]0;\u@\h: \w\a\]${debian_chroot:+($debian_chroot)}\[\033[01;32m\]\u@\h\[\033[00m\]:\[\033[01;34m\]\w\[\033[00m\]\$ VIRTUAL_ENV_PROMPT=(.venv) /usr/bin/cmake --install /home/divyansh/Desktop/GNSS-Denied-Drone/build/drone_description
[2.306s] Level 1:colcon.colcon_core.environment:checking '/home/divyansh/Desktop/GNSS-Denied-Drone/install/drone_description' for CMake module files
[2.307s] Level 1:colcon.colcon_core.environment:checking '/home/divyansh/Desktop/GNSS-Denied-Drone/install/drone_description' for CMake config files
[2.307s] Level 1:colcon.colcon_core.shell:create_environment_hook('drone_description', 'cmake_prefix_path')
[2.307s] INFO:colcon.colcon_core.shell:Creating environment hook '/home/divyansh/Desktop/GNSS-Denied-Drone/install/drone_description/share/drone_description/hook/cmake_prefix_path.ps1'
[2.308s] INFO:colcon.colcon_core.shell:Creating environment descriptor '/home/divyansh/Desktop/GNSS-Denied-Drone/install/drone_description/share/drone_description/hook/cmake_prefix_path.dsv'
[2.309s] INFO:colcon.colcon_core.shell:Creating environment hook '/home/divyansh/Desktop/GNSS-Denied-Drone/install/drone_description/share/drone_description/hook/cmake_prefix_path.sh'
[2.310s] Level 1:colcon.colcon_core.environment:checking '/home/divyansh/Desktop/GNSS-Denied-Drone/install/drone_description/bin'
[2.310s] Level 1:colcon.colcon_core.environment:checking '/home/divyansh/Desktop/GNSS-Denied-Drone/install/drone_description/lib/pkgconfig/drone_description.pc'
[2.310s] Level 1:colcon.colcon_core.environment:checking '/home/divyansh/Desktop/GNSS-Denied-Drone/install/drone_description/lib/python3.12/site-packages'
[2.311s] Level 1:colcon.colcon_core.environment:checking '/home/divyansh/Desktop/GNSS-Denied-Drone/install/drone_description/bin'
[2.311s] INFO:colcon.colcon_core.shell:Creating package script '/home/divyansh/Desktop/GNSS-Denied-Drone/install/drone_description/share/drone_description/package.ps1'
[2.313s] INFO:colcon.colcon_core.shell:Creating package descriptor '/home/divyansh/Desktop/GNSS-Denied-Drone/install/drone_description/share/drone_description/package.dsv'
[2.314s] INFO:colcon.colcon_core.shell:Creating package script '/home/divyansh/Desktop/GNSS-Denied-Drone/install/drone_description/share/drone_description/package.sh'
[2.315s] INFO:colcon.colcon_core.shell:Creating package script '/home/divyansh/Desktop/GNSS-Denied-Drone/install/drone_description/share/drone_description/package.bash'
[2.316s] INFO:colcon.colcon_core.shell:Creating package script '/home/divyansh/Desktop/GNSS-Denied-Drone/install/drone_description/share/drone_description/package.zsh'
[2.317s] Level 1:colcon.colcon_core.environment:create_file_with_runtime_dependencies(/home/divyansh/Desktop/GNSS-Denied-Drone/install/drone_description/share/colcon-core/packages/drone_description)
[2.318s] Level 1:colcon.colcon_core.environment:create_environment_scripts_only(drone_description)
[2.319s] Level 1:colcon.colcon_core.environment:checking '/home/divyansh/Desktop/GNSS-Denied-Drone/install/drone_description' for CMake module files
[2.319s] Level 1:colcon.colcon_core.environment:checking '/home/divyansh/Desktop/GNSS-Denied-Drone/install/drone_description' for CMake config files
[2.320s] Level 1:colcon.colcon_core.shell:create_environment_hook('drone_description', 'cmake_prefix_path')
[2.320s] INFO:colcon.colcon_core.shell:Creating environment hook '/home/divyansh/Desktop/GNSS-Denied-Drone/install/drone_description/share/drone_description/hook/cmake_prefix_path.ps1'
[2.321s] INFO:colcon.colcon_core.shell:Creating environment descriptor '/home/divyansh/Desktop/GNSS-Denied-Drone/install/drone_description/share/drone_description/hook/cmake_prefix_path.dsv'
[2.321s] INFO:colcon.colcon_core.shell:Creating environment hook '/home/divyansh/Desktop/GNSS-Denied-Drone/install/drone_description/share/drone_description/hook/cmake_prefix_path.sh'
[2.322s] Level 1:colcon.colcon_core.environment:checking '/home/divyansh/Desktop/GNSS-Denied-Drone/install/drone_description/bin'
[2.322s] Level 1:colcon.colcon_core.environment:checking '/home/divyansh/Desktop/GNSS-Denied-Drone/install/drone_description/lib/pkgconfig/drone_description.pc'
[2.322s] Level 1:colcon.colcon_core.environment:checking '/home/divyansh/Desktop/GNSS-Denied-Drone/install/drone_description/lib/python3.12/site-packages'
[2.323s] Level 1:colcon.colcon_core.environment:checking '/home/divyansh/Desktop/GNSS-Denied-Drone/install/drone_description/bin'
[2.323s] INFO:colcon.colcon_core.shell:Creating package script '/home/divyansh/Desktop/GNSS-Denied-Drone/install/drone_description/share/drone_description/package.ps1'
[2.324s] INFO:colcon.colcon_core.shell:Creating package descriptor '/home/divyansh/Desktop/GNSS-Denied-Drone/install/drone_description/share/drone_description/package.dsv'
[2.324s] INFO:colcon.colcon_core.shell:Creating package script '/home/divyansh/Desktop/GNSS-Denied-Drone/install/drone_description/share/drone_description/package.sh'
[2.325s] INFO:colcon.colcon_core.shell:Creating package script '/home/divyansh/Desktop/GNSS-Denied-Drone/install/drone_description/share/drone_description/package.bash'
[2.325s] INFO:colcon.colcon_core.shell:Creating package script '/home/divyansh/Desktop/GNSS-Denied-Drone/install/drone_description/share/drone_description/package.zsh'
[2.326s] Level 1:colcon.colcon_core.environment:create_file_with_runtime_dependencies(/home/divyansh/Desktop/GNSS-Denied-Drone/install/drone_description/share/colcon-core/packages/drone_description)
[2.328s] Level 1:colcon.colcon_core.environment:create_environment_scripts_only(drone_bringup)
[2.329s] DEBUG:colcon.colcon_core.event_handler.log_command:Invoked command in '/home/divyansh/Desktop/GNSS-Denied-Drone/build/drone_bringup' returned '0': CMAKE_PREFIX_PATH=${CMAKE_PREFIX_PATH}:/opt/ros/jazzy DEBUGINFOD_URLS=https://debuginfod.ubuntu.com PS1=(.venv) \[\e]0;\u@\h: \w\a\]${debian_chroot:+($debian_chroot)}\[\033[01;32m\]\u@\h\[\033[00m\]:\[\033[01;34m\]\w\[\033[00m\]\$ VIRTUAL_ENV_PROMPT=(.venv) /usr/bin/cmake --install /home/divyansh/Desktop/GNSS-Denied-Drone/build/drone_bringup
[2.329s] Level 1:colcon.colcon_core.environment:checking '/home/divyansh/Desktop/GNSS-Denied-Drone/install/drone_bringup' for CMake module files
[2.331s] Level 1:colcon.colcon_core.environment:checking '/home/divyansh/Desktop/GNSS-Denied-Drone/install/drone_bringup' for CMake config files
[2.332s] Level 1:colcon.colcon_core.shell:create_environment_hook('drone_bringup', 'cmake_prefix_path')
[2.332s] INFO:colcon.colcon_core.shell:Creating environment hook '/home/divyansh/Desktop/GNSS-Denied-Drone/install/drone_bringup/share/drone_bringup/hook/cmake_prefix_path.ps1'
[2.333s] INFO:colcon.colcon_core.shell:Creating environment descriptor '/home/divyansh/Desktop/GNSS-Denied-Drone/install/drone_bringup/share/drone_bringup/hook/cmake_prefix_path.dsv'
[2.334s] INFO:colcon.colcon_core.shell:Creating environment hook '/home/divyansh/Desktop/GNSS-Denied-Drone/install/drone_bringup/share/drone_bringup/hook/cmake_prefix_path.sh'
[2.336s] Level 1:colcon.colcon_core.environment:checking '/home/divyansh/Desktop/GNSS-Denied-Drone/install/drone_bringup/bin'
[2.336s] Level 1:colcon.colcon_core.environment:checking '/home/divyansh/Desktop/GNSS-Denied-Drone/install/drone_bringup/lib/pkgconfig/drone_bringup.pc'
[2.337s] Level 1:colcon.colcon_core.environment:checking '/home/divyansh/Desktop/GNSS-Denied-Drone/install/drone_bringup/lib/python3.12/site-packages'
[2.338s] Level 1:colcon.colcon_core.environment:checking '/home/divyansh/Desktop/GNSS-Denied-Drone/install/drone_bringup/bin'
[2.339s] INFO:colcon.colcon_core.shell:Creating package script '/home/divyansh/Desktop/GNSS-Denied-Drone/install/drone_bringup/share/drone_bringup/package.ps1'
[2.341s] INFO:colcon.colcon_core.shell:Creating package descriptor '/home/divyansh/Desktop/GNSS-Denied-Drone/install/drone_bringup/share/drone_bringup/package.dsv'
[2.342s] INFO:colcon.colcon_core.shell:Creating package script '/home/divyansh/Desktop/GNSS-Denied-Drone/install/drone_bringup/share/drone_bringup/package.sh'
[2.343s] INFO:colcon.colcon_core.shell:Creating package script '/home/divyansh/Desktop/GNSS-Denied-Drone/install/drone_bringup/share/drone_bringup/package.bash'
[2.344s] INFO:colcon.colcon_core.shell:Creating package script '/home/divyansh/Desktop/GNSS-Denied-Drone/install/drone_bringup/share/drone_bringup/package.zsh'
[2.346s] Level 1:colcon.colcon_core.environment:create_file_with_runtime_dependencies(/home/divyansh/Desktop/GNSS-Denied-Drone/install/drone_bringup/share/colcon-core/packages/drone_bringup)
[2.348s] Level 1:colcon.colcon_core.environment:create_environment_scripts_only(drone_bringup)
[2.348s] Level 1:colcon.colcon_core.environment:checking '/home/divyansh/Desktop/GNSS-Denied-Drone/install/drone_bringup' for CMake module files
[2.350s] Level 1:colcon.colcon_core.environment:checking '/home/divyansh/Desktop/GNSS-Denied-Drone/install/drone_bringup' for CMake config files
[2.351s] Level 1:colcon.colcon_core.shell:create_environment_hook('drone_bringup', 'cmake_prefix_path')
[2.351s] INFO:colcon.colcon_core.shell:Creating environment hook '/home/divyansh/Desktop/GNSS-Denied-Drone/install/drone_bringup/share/drone_bringup/hook/cmake_prefix_path.ps1'
[2.353s] INFO:colcon.colcon_core.shell:Creating environment descriptor '/home/divyansh/Desktop/GNSS-Denied-Drone/install/drone_bringup/share/drone_bringup/hook/cmake_prefix_path.dsv'
[2.354s] INFO:colcon.colcon_core.shell:Creating environment hook '/home/divyansh/Desktop/GNSS-Denied-Drone/install/drone_bringup/share/drone_bringup/hook/cmake_prefix_path.sh'
[2.355s] Level 1:colcon.colcon_core.environment:checking '/home/divyansh/Desktop/GNSS-Denied-Drone/install/drone_bringup/bin'
[2.355s] Level 1:colcon.colcon_core.environment:checking '/home/divyansh/Desktop/GNSS-Denied-Drone/install/drone_bringup/lib/pkgconfig/drone_bringup.pc'
[2.355s] Level 1:colcon.colcon_core.environment:checking '/home/divyansh/Desktop/GNSS-Denied-Drone/install/drone_bringup/lib/python3.12/site-packages'
[2.355s] Level 1:colcon.colcon_core.environment:checking '/home/divyansh/Desktop/GNSS-Denied-Drone/install/drone_bringup/bin'
[2.356s] INFO:colcon.colcon_core.shell:Creating package script '/home/divyansh/Desktop/GNSS-Denied-Drone/install/drone_bringup/share/drone_bringup/package.ps1'
[2.357s] INFO:colcon.colcon_core.shell:Creating package descriptor '/home/divyansh/Desktop/GNSS-Denied-Drone/install/drone_bringup/share/drone_bringup/package.dsv'
[2.357s] INFO:colcon.colcon_core.shell:Creating package script '/home/divyansh/Desktop/GNSS-Denied-Drone/install/drone_bringup/share/drone_bringup/package.sh'
[2.358s] INFO:colcon.colcon_core.shell:Creating package script '/home/divyansh/Desktop/GNSS-Denied-Drone/install/drone_bringup/share/drone_bringup/package.bash'
[2.358s] INFO:colcon.colcon_core.shell:Creating package script '/home/divyansh/Desktop/GNSS-Denied-Drone/install/drone_bringup/share/drone_bringup/package.zsh'
[2.359s] Level 1:colcon.colcon_core.environment:create_file_with_runtime_dependencies(/home/divyansh/Desktop/GNSS-Denied-Drone/install/drone_bringup/share/colcon-core/packages/drone_bringup)
[2.361s] DEBUG:colcon.colcon_core.event_handler.log_command:Invoked command in '/home/divyansh/Desktop/GNSS-Denied-Drone/build/drone_gazebo' returned '0': CMAKE_PREFIX_PATH=${CMAKE_PREFIX_PATH}:/opt/ros/jazzy DEBUGINFOD_URLS=https://debuginfod.ubuntu.com PS1=(.venv) \[\e]0;\u@\h: \w\a\]${debian_chroot:+($debian_chroot)}\[\033[01;32m\]\u@\h\[\033[00m\]:\[\033[01;34m\]\w\[\033[00m\]\$ VIRTUAL_ENV_PROMPT=(.venv) /usr/bin/cmake --build /home/divyansh/Desktop/GNSS-Denied-Drone/build/drone_gazebo -- -j8 -l8
[2.362s] DEBUG:colcon.colcon_core.event_handler.log_command:Invoking command in '/home/divyansh/Desktop/GNSS-Denied-Drone/build/drone_gazebo': CMAKE_PREFIX_PATH=${CMAKE_PREFIX_PATH}:/opt/ros/jazzy DEBUGINFOD_URLS=https://debuginfod.ubuntu.com PS1=(.venv) \[\e]0;\u@\h: \w\a\]${debian_chroot:+($debian_chroot)}\[\033[01;32m\]\u@\h\[\033[00m\]:\[\033[01;34m\]\w\[\033[00m\]\$ VIRTUAL_ENV_PROMPT=(.venv) /usr/bin/cmake --install /home/divyansh/Desktop/GNSS-Denied-Drone/build/drone_gazebo
[2.364s] DEBUG:colcon.colcon_core.event_handler.log_command:Invoked command in '/home/divyansh/Desktop/GNSS-Denied-Drone/build/drone_slam' returned '0': CMAKE_PREFIX_PATH=${CMAKE_PREFIX_PATH}:/opt/ros/jazzy DEBUGINFOD_URLS=https://debuginfod.ubuntu.com PS1=(.venv) \[\e]0;\u@\h: \w\a\]${debian_chroot:+($debian_chroot)}\[\033[01;32m\]\u@\h\[\033[00m\]:\[\033[01;34m\]\w\[\033[00m\]\$ VIRTUAL_ENV_PROMPT=(.venv) /usr/bin/cmake --build /home/divyansh/Desktop/GNSS-Denied-Drone/build/drone_slam -- -j8 -l8
[2.365s] DEBUG:colcon.colcon_core.event_handler.log_command:Invoking command in '/home/divyansh/Desktop/GNSS-Denied-Drone/build/drone_slam': CMAKE_PREFIX_PATH=${CMAKE_PREFIX_PATH}:/opt/ros/jazzy DEBUGINFOD_URLS=https://debuginfod.ubuntu.com PS1=(.venv) \[\e]0;\u@\h: \w\a\]${debian_chroot:+($debian_chroot)}\[\033[01;32m\]\u@\h\[\033[00m\]:\[\033[01;34m\]\w\[\033[00m\]\$ VIRTUAL_ENV_PROMPT=(.venv) /usr/bin/cmake --install /home/divyansh/Desktop/GNSS-Denied-Drone/build/drone_slam
[2.639s] Level 1:colcon.colcon_core.environment:create_environment_scripts_only(drone_gazebo)
[2.640s] DEBUG:colcon.colcon_core.event_handler.log_command:Invoked command in '/home/divyansh/Desktop/GNSS-Denied-Drone/build/drone_gazebo' returned '0': CMAKE_PREFIX_PATH=${CMAKE_PREFIX_PATH}:/opt/ros/jazzy DEBUGINFOD_URLS=https://debuginfod.ubuntu.com PS1=(.venv) \[\e]0;\u@\h: \w\a\]${debian_chroot:+($debian_chroot)}\[\033[01;32m\]\u@\h\[\033[00m\]:\[\033[01;34m\]\w\[\033[00m\]\$ VIRTUAL_ENV_PROMPT=(.venv) /usr/bin/cmake --install /home/divyansh/Desktop/GNSS-Denied-Drone/build/drone_gazebo
[2.640s] Level 1:colcon.colcon_core.environment:checking '/home/divyansh/Desktop/GNSS-Denied-Drone/install/drone_gazebo' for CMake module files
[2.642s] Level 1:colcon.colcon_core.environment:checking '/home/divyansh/Desktop/GNSS-Denied-Drone/install/drone_gazebo' for CMake config files
[2.642s] Level 1:colcon.colcon_core.shell:create_environment_hook('drone_gazebo', 'cmake_prefix_path')
[2.642s] INFO:colcon.colcon_core.shell:Creating environment hook '/home/divyansh/Desktop/GNSS-Denied-Drone/install/drone_gazebo/share/drone_gazebo/hook/cmake_prefix_path.ps1'
[2.643s] INFO:colcon.colcon_core.shell:Creating environment descriptor '/home/divyansh/Desktop/GNSS-Denied-Drone/install/drone_gazebo/share/drone_gazebo/hook/cmake_prefix_path.dsv'
[2.644s] INFO:colcon.colcon_core.shell:Creating environment hook '/home/divyansh/Desktop/GNSS-Denied-Drone/install/drone_gazebo/share/drone_gazebo/hook/cmake_prefix_path.sh'
[2.644s] Level 1:colcon.colcon_core.environment:checking '/home/divyansh/Desktop/GNSS-Denied-Drone/install/drone_gazebo/bin'
[2.645s] Level 1:colcon.colcon_core.environment:checking '/home/divyansh/Desktop/GNSS-Denied-Drone/install/drone_gazebo/lib/pkgconfig/drone_gazebo.pc'
[2.645s] Level 1:colcon.colcon_core.environment:checking '/home/divyansh/Desktop/GNSS-Denied-Drone/install/drone_gazebo/lib/python3.12/site-packages'
[2.645s] Level 1:colcon.colcon_core.environment:checking '/home/divyansh/Desktop/GNSS-Denied-Drone/install/drone_gazebo/bin'
[2.646s] INFO:colcon.colcon_core.shell:Creating package script '/home/divyansh/Desktop/GNSS-Denied-Drone/install/drone_gazebo/share/drone_gazebo/package.ps1'
[2.646s] INFO:colcon.colcon_core.shell:Creating package descriptor '/home/divyansh/Desktop/GNSS-Denied-Drone/install/drone_gazebo/share/drone_gazebo/package.dsv'
[2.647s] INFO:colcon.colcon_core.shell:Creating package script '/home/divyansh/Desktop/GNSS-Denied-Drone/install/drone_gazebo/share/drone_gazebo/package.sh'
[2.648s] INFO:colcon.colcon_core.shell:Creating package script '/home/divyansh/Desktop/GNSS-Denied-Drone/install/drone_gazebo/share/drone_gazebo/package.bash'
[2.648s] INFO:colcon.colcon_core.shell:Creating package script '/home/divyansh/Desktop/GNSS-Denied-Drone/install/drone_gazebo/share/drone_gazebo/package.zsh'
[2.648s] Level 1:colcon.colcon_core.environment:create_file_with_runtime_dependencies(/home/divyansh/Desktop/GNSS-Denied-Drone/install/drone_gazebo/share/colcon-core/packages/drone_gazebo)
[2.649s] Level 1:colcon.colcon_core.environment:create_environment_scripts_only(drone_gazebo)
[2.649s] Level 1:colcon.colcon_core.environment:checking '/home/divyansh/Desktop/GNSS-Denied-Drone/install/drone_gazebo' for CMake module files
[2.650s] Level 1:colcon.colcon_core.environment:checking '/home/divyansh/Desktop/GNSS-Denied-Drone/install/drone_gazebo' for CMake config files
[2.650s] Level 1:colcon.colcon_core.shell:create_environment_hook('drone_gazebo', 'cmake_prefix_path')
[2.651s] INFO:colcon.colcon_core.shell:Creating environment hook '/home/divyansh/Desktop/GNSS-Denied-Drone/install/drone_gazebo/share/drone_gazebo/hook/cmake_prefix_path.ps1'
[2.651s] INFO:colcon.colcon_core.shell:Creating environment descriptor '/home/divyansh/Desktop/GNSS-Denied-Drone/install/drone_gazebo/share/drone_gazebo/hook/cmake_prefix_path.dsv'
[2.652s] INFO:colcon.colcon_core.shell:Creating environment hook '/home/divyansh/Desktop/GNSS-Denied-Drone/install/drone_gazebo/share/drone_gazebo/hook/cmake_prefix_path.sh'
[2.652s] Level 1:colcon.colcon_core.environment:checking '/home/divyansh/Desktop/GNSS-Denied-Drone/install/drone_gazebo/bin'
[2.652s] Level 1:colcon.colcon_core.environment:checking '/home/divyansh/Desktop/GNSS-Denied-Drone/install/drone_gazebo/lib/pkgconfig/drone_gazebo.pc'
[2.653s] Level 1:colcon.colcon_core.environment:checking '/home/divyansh/Desktop/GNSS-Denied-Drone/install/drone_gazebo/lib/python3.12/site-packages'
[2.653s] Level 1:colcon.colcon_core.environment:checking '/home/divyansh/Desktop/GNSS-Denied-Drone/install/drone_gazebo/bin'
[2.654s] INFO:colcon.colcon_core.shell:Creating package script '/home/divyansh/Desktop/GNSS-Denied-Drone/install/drone_gazebo/share/drone_gazebo/package.ps1'
[2.655s] INFO:colcon.colcon_core.shell:Creating package descriptor '/home/divyansh/Desktop/GNSS-Denied-Drone/install/drone_gazebo/share/drone_gazebo/package.dsv'
[2.655s] INFO:colcon.colcon_core.shell:Creating package script '/home/divyansh/Desktop/GNSS-Denied-Drone/install/drone_gazebo/share/drone_gazebo/package.sh'
[2.656s] INFO:colcon.colcon_core.shell:Creating package script '/home/divyansh/Desktop/GNSS-Denied-Drone/install/drone_gazebo/share/drone_gazebo/package.bash'
[2.657s] INFO:colcon.colcon_core.shell:Creating package script '/home/divyansh/Desktop/GNSS-Denied-Drone/install/drone_gazebo/share/drone_gazebo/package.zsh'
[2.657s] Level 1:colcon.colcon_core.environment:create_file_with_runtime_dependencies(/home/divyansh/Desktop/GNSS-Denied-Drone/install/drone_gazebo/share/colcon-core/packages/drone_gazebo)
[2.658s] Level 1:colcon.colcon_core.environment:create_environment_scripts_only(drone_slam)
[2.659s] Level 1:colcon.colcon_core.environment:checking '/home/divyansh/Desktop/GNSS-Denied-Drone/install/drone_slam' for CMake module files
[2.660s] DEBUG:colcon.colcon_core.event_handler.log_command:Invoked command in '/home/divyansh/Desktop/GNSS-Denied-Drone/build/drone_slam' returned '0': CMAKE_PREFIX_PATH=${CMAKE_PREFIX_PATH}:/opt/ros/jazzy DEBUGINFOD_URLS=https://debuginfod.ubuntu.com PS1=(.venv) \[\e]0;\u@\h: \w\a\]${debian_chroot:+($debian_chroot)}\[\033[01;32m\]\u@\h\[\033[00m\]:\[\033[01;34m\]\w\[\033[00m\]\$ VIRTUAL_ENV_PROMPT=(.venv) /usr/bin/cmake --install /home/divyansh/Desktop/GNSS-Denied-Drone/build/drone_slam
[2.660s] Level 1:colcon.colcon_core.environment:checking '/home/divyansh/Desktop/GNSS-Denied-Drone/install/drone_slam' for CMake config files
[2.660s] Level 1:colcon.colcon_core.shell:create_environment_hook('drone_slam', 'cmake_prefix_path')
[2.661s] INFO:colcon.colcon_core.shell:Creating environment hook '/home/divyansh/Desktop/GNSS-Denied-Drone/install/drone_slam/share/drone_slam/hook/cmake_prefix_path.ps1'
[2.661s] INFO:colcon.colcon_core.shell:Creating environment descriptor '/home/divyansh/Desktop/GNSS-Denied-Drone/install/drone_slam/share/drone_slam/hook/cmake_prefix_path.dsv'
[2.662s] INFO:colcon.colcon_core.shell:Creating environment hook '/home/divyansh/Desktop/GNSS-Denied-Drone/install/drone_slam/share/drone_slam/hook/cmake_prefix_path.sh'
[2.663s] Level 1:colcon.colcon_core.environment:checking '/home/divyansh/Desktop/GNSS-Denied-Drone/install/drone_slam/bin'
[2.663s] Level 1:colcon.colcon_core.environment:checking '/home/divyansh/Desktop/GNSS-Denied-Drone/install/drone_slam/lib/pkgconfig/drone_slam.pc'
[2.663s] Level 1:colcon.colcon_core.environment:checking '/home/divyansh/Desktop/GNSS-Denied-Drone/install/drone_slam/lib/python3.12/site-packages'
[2.663s] Level 1:colcon.colcon_core.environment:checking '/home/divyansh/Desktop/GNSS-Denied-Drone/install/drone_slam/bin'
[2.664s] INFO:colcon.colcon_core.shell:Creating package script '/home/divyansh/Desktop/GNSS-Denied-Drone/install/drone_slam/share/drone_slam/package.ps1'
[2.664s] INFO:colcon.colcon_core.shell:Creating package descriptor '/home/divyansh/Desktop/GNSS-Denied-Drone/install/drone_slam/share/drone_slam/package.dsv'
[2.665s] INFO:colcon.colcon_core.shell:Creating package script '/home/divyansh/Desktop/GNSS-Denied-Drone/install/drone_slam/share/drone_slam/package.sh'
[2.665s] INFO:colcon.colcon_core.shell:Creating package script '/home/divyansh/Desktop/GNSS-Denied-Drone/install/drone_slam/share/drone_slam/package.bash'
[2.666s] INFO:colcon.colcon_core.shell:Creating package script '/home/divyansh/Desktop/GNSS-Denied-Drone/install/drone_slam/share/drone_slam/package.zsh'
[2.666s] Level 1:colcon.colcon_core.environment:create_file_with_runtime_dependencies(/home/divyansh/Desktop/GNSS-Denied-Drone/install/drone_slam/share/colcon-core/packages/drone_slam)
[2.667s] Level 1:colcon.colcon_core.environment:create_environment_scripts_only(drone_slam)
[2.667s] Level 1:colcon.colcon_core.environment:checking '/home/divyansh/Desktop/GNSS-Denied-Drone/install/drone_slam' for CMake module files
[2.667s] Level 1:colcon.colcon_core.environment:checking '/home/divyansh/Desktop/GNSS-Denied-Drone/install/drone_slam' for CMake config files
[2.668s] Level 1:colcon.colcon_core.shell:create_environment_hook('drone_slam', 'cmake_prefix_path')
[2.668s] INFO:colcon.colcon_core.shell:Creating environment hook '/home/divyansh/Desktop/GNSS-Denied-Drone/install/drone_slam/share/drone_slam/hook/cmake_prefix_path.ps1'
[2.669s] INFO:colcon.colcon_core.shell:Creating environment descriptor '/home/divyansh/Desktop/GNSS-Denied-Drone/install/drone_slam/share/drone_slam/hook/cmake_prefix_path.dsv'
[2.669s] INFO:colcon.colcon_core.shell:Creating environment hook '/home/divyansh/Desktop/GNSS-Denied-Drone/install/drone_slam/share/drone_slam/hook/cmake_prefix_path.sh'
[2.670s] Level 1:colcon.colcon_core.environment:checking '/home/divyansh/Desktop/GNSS-Denied-Drone/install/drone_slam/bin'
[2.670s] Level 1:colcon.colcon_core.environment:checking '/home/divyansh/Desktop/GNSS-Denied-Drone/install/drone_slam/lib/pkgconfig/drone_slam.pc'
[2.670s] Level 1:colcon.colcon_core.environment:checking '/home/divyansh/Desktop/GNSS-Denied-Drone/install/drone_slam/lib/python3.12/site-packages'
[2.671s] Level 1:colcon.colcon_core.environment:checking '/home/divyansh/Desktop/GNSS-Denied-Drone/install/drone_slam/bin'
[2.671s] INFO:colcon.colcon_core.shell:Creating package script '/home/divyansh/Desktop/GNSS-Denied-Drone/install/drone_slam/share/drone_slam/package.ps1'
[2.672s] INFO:colcon.colcon_core.shell:Creating package descriptor '/home/divyansh/Desktop/GNSS-Denied-Drone/install/drone_slam/share/drone_slam/package.dsv'
[2.672s] INFO:colcon.colcon_core.shell:Creating package script '/home/divyansh/Desktop/GNSS-Denied-Drone/install/drone_slam/share/drone_slam/package.sh'
[2.673s] INFO:colcon.colcon_core.shell:Creating package script '/home/divyansh/Desktop/GNSS-Denied-Drone/install/drone_slam/share/drone_slam/package.bash'
[2.674s] INFO:colcon.colcon_core.shell:Creating package script '/home/divyansh/Desktop/GNSS-Denied-Drone/install/drone_slam/share/drone_slam/package.zsh'
[2.674s] Level 1:colcon.colcon_core.environment:create_file_with_runtime_dependencies(/home/divyansh/Desktop/GNSS-Denied-Drone/install/drone_slam/share/colcon-core/packages/drone_slam)
[3.056s] Level 1:colcon.colcon_core.shell:create_environment_hook('drone_eval', 'pythonpath_develop')
[3.056s] DEBUG:colcon.colcon_core.event_handler.log_command:Invoked command in '/home/divyansh/Desktop/GNSS-Denied-Drone/build/drone_eval' returned '0': DEBUGINFOD_URLS=https://debuginfod.ubuntu.com PS1=(.venv) \[\e]0;\u@\h: \w\a\]${debian_chroot:+($debian_chroot)}\[\033[01;32m\]\u@\h\[\033[00m\]:\[\033[01;34m\]\w\[\033[00m\]\$ PYTHONPATH=/home/divyansh/Desktop/GNSS-Denied-Drone/build/drone_eval/prefix_override:/usr/lib/python3/dist-packages/colcon_core/task/python/colcon_distutils_commands:/home/divyansh/Desktop/GNSS-Denied-Drone/install/drone_eval/lib/python3.12/site-packages:${PYTHONPATH} VIRTUAL_ENV_PROMPT=(.venv) /usr/bin/python3 -W ignore:setup.py install is deprecated -W ignore:easy_install command is deprecated setup.py develop --editable --build-directory /home/divyansh/Desktop/GNSS-Denied-Drone/build/drone_eval/build --no-deps symlink_data
[3.057s] INFO:colcon.colcon_core.shell:Creating environment hook '/home/divyansh/Desktop/GNSS-Denied-Drone/build/drone_eval/share/drone_eval/hook/pythonpath_develop.ps1'
[3.059s] INFO:colcon.colcon_core.shell:Creating environment descriptor '/home/divyansh/Desktop/GNSS-Denied-Drone/build/drone_eval/share/drone_eval/hook/pythonpath_develop.dsv'
[3.060s] INFO:colcon.colcon_core.shell:Creating environment hook '/home/divyansh/Desktop/GNSS-Denied-Drone/build/drone_eval/share/drone_eval/hook/pythonpath_develop.sh'
[3.061s] Level 1:colcon.colcon_core.environment:checking '/home/divyansh/Desktop/GNSS-Denied-Drone/install/drone_eval' for CMake module files
[3.062s] Level 1:colcon.colcon_core.environment:checking '/home/divyansh/Desktop/GNSS-Denied-Drone/install/drone_eval' for CMake config files
[3.063s] Level 1:colcon.colcon_core.environment:checking '/home/divyansh/Desktop/GNSS-Denied-Drone/install/drone_eval/lib'
[3.064s] Level 1:colcon.colcon_core.environment:checking '/home/divyansh/Desktop/GNSS-Denied-Drone/install/drone_eval/bin'
[3.064s] Level 1:colcon.colcon_core.environment:checking '/home/divyansh/Desktop/GNSS-Denied-Drone/install/drone_eval/lib/pkgconfig/drone_eval.pc'
[3.064s] Level 1:colcon.colcon_core.environment:checking '/home/divyansh/Desktop/GNSS-Denied-Drone/install/drone_eval/lib/python3.12/site-packages'
[3.065s] Level 1:colcon.colcon_core.shell:create_environment_hook('drone_eval', 'pythonpath')
[3.065s] INFO:colcon.colcon_core.shell:Creating environment hook '/home/divyansh/Desktop/GNSS-Denied-Drone/install/drone_eval/share/drone_eval/hook/pythonpath.ps1'
[3.065s] INFO:colcon.colcon_core.shell:Creating environment descriptor '/home/divyansh/Desktop/GNSS-Denied-Drone/install/drone_eval/share/drone_eval/hook/pythonpath.dsv'
[3.066s] INFO:colcon.colcon_core.shell:Creating environment hook '/home/divyansh/Desktop/GNSS-Denied-Drone/install/drone_eval/share/drone_eval/hook/pythonpath.sh'
[3.066s] Level 1:colcon.colcon_core.environment:checking '/home/divyansh/Desktop/GNSS-Denied-Drone/install/drone_eval/bin'
[3.067s] Level 1:colcon.colcon_core.environment:create_environment_scripts_only(drone_eval)
[3.067s] INFO:colcon.colcon_core.shell:Creating package script '/home/divyansh/Desktop/GNSS-Denied-Drone/install/drone_eval/share/drone_eval/package.ps1'
[3.068s] INFO:colcon.colcon_core.shell:Creating package descriptor '/home/divyansh/Desktop/GNSS-Denied-Drone/install/drone_eval/share/drone_eval/package.dsv'
[3.068s] INFO:colcon.colcon_core.shell:Creating package script '/home/divyansh/Desktop/GNSS-Denied-Drone/install/drone_eval/share/drone_eval/package.sh'
[3.068s] INFO:colcon.colcon_core.shell:Creating package script '/home/divyansh/Desktop/GNSS-Denied-Drone/install/drone_eval/share/drone_eval/package.bash'
[3.069s] INFO:colcon.colcon_core.shell:Creating package script '/home/divyansh/Desktop/GNSS-Denied-Drone/install/drone_eval/share/drone_eval/package.zsh'
[3.069s] Level 1:colcon.colcon_core.environment:create_file_with_runtime_dependencies(/home/divyansh/Desktop/GNSS-Denied-Drone/install/drone_eval/share/colcon-core/packages/drone_eval)
[3.069s] DEBUG:colcon.colcon_parallel_executor.executor.parallel:closing loop
[3.070s] DEBUG:colcon.colcon_parallel_executor.executor.parallel:loop closed
[3.070s] DEBUG:colcon.colcon_parallel_executor.executor.parallel:run_until_complete finished with '0'
[3.070s] DEBUG:colcon.colcon_core.event_reactor:joining thread
[3.083s] INFO:colcon.colcon_core.plugin_system:Skipping extension 'colcon_notification.desktop_notification.notify_send': Could not find 'notify-send'
[3.083s] INFO:colcon.colcon_core.plugin_system:Skipping extension 'colcon_notification.desktop_notification.terminal_notifier': Not used on non-Darwin systems
[3.083s] INFO:colcon.colcon_core.plugin_system:Skipping extension 'colcon_notification.desktop_notification.win32': Not used on non-Windows systems
[3.083s] INFO:colcon.colcon_notification.desktop_notification:Sending desktop notification using 'notify2'
[3.093s] DEBUG:colcon.colcon_core.event_reactor:joined thread
[3.093s] INFO:colcon.colcon_core.shell:Creating prefix script '/home/divyansh/Desktop/GNSS-Denied-Drone/install/local_setup.ps1'
[3.095s] INFO:colcon.colcon_core.shell:Creating prefix util module '/home/divyansh/Desktop/GNSS-Denied-Drone/install/_local_setup_util_ps1.py'
[3.098s] INFO:colcon.colcon_core.shell:Creating prefix chain script '/home/divyansh/Desktop/GNSS-Denied-Drone/install/setup.ps1'
[3.101s] INFO:colcon.colcon_core.shell:Creating prefix script '/home/divyansh/Desktop/GNSS-Denied-Drone/install/local_setup.sh'
[3.102s] INFO:colcon.colcon_core.shell:Creating prefix util module '/home/divyansh/Desktop/GNSS-Denied-Drone/install/_local_setup_util_sh.py'
[3.103s] INFO:colcon.colcon_core.shell:Creating prefix chain script '/home/divyansh/Desktop/GNSS-Denied-Drone/install/setup.sh'
[3.104s] INFO:colcon.colcon_core.shell:Creating prefix script '/home/divyansh/Desktop/GNSS-Denied-Drone/install/local_setup.bash'
[3.105s] INFO:colcon.colcon_core.shell:Creating prefix chain script '/home/divyansh/Desktop/GNSS-Denied-Drone/install/setup.bash'
[3.106s] INFO:colcon.colcon_core.shell:Creating prefix script '/home/divyansh/Desktop/GNSS-Denied-Drone/install/local_setup.zsh'
[3.107s] INFO:colcon.colcon_core.shell:Creating prefix chain script '/home/divyansh/Desktop/GNSS-Denied-Drone/install/setup.zsh'
