[0.337s] Invoking command in '/home/divyansh/Desktop/GNSS-Denied-Drone/build/drone_gazebo': CMAKE_PREFIX_PATH=${CMAKE_PREFIX_PATH}:/home/divyansh/Desktop/GNSS-Denied-Drone/install/drone_eval:/opt/ros/jazzy DEBUGINFOD_URLS=https://debuginfod.ubuntu.com PS1=(.venv) \[\e]0;\u@\h: \w\a\]${debian_chroot:+($debian_chroot)}\[\033[01;32m\]\u@\h\[\033[00m\]:\[\033[01;34m\]\w\[\033[00m\]\$ VIRTUAL_ENV_PROMPT=(.venv) /usr/bin/cmake --build /home/divyansh/Desktop/GNSS-Denied-Drone/build/drone_gazebo -- -j8 -l8
[0.470s] Invoked command in '/home/divyansh/Desktop/GNSS-Denied-Drone/build/drone_gazebo' returned '0': CMAKE_PREFIX_PATH=${CMAKE_PREFIX_PATH}:/home/divyansh/Desktop/GNSS-Denied-Drone/install/drone_eval:/opt/ros/jazzy DEBUGINFOD_URLS=https://debuginfod.ubuntu.com PS1=(.venv) \[\e]0;\u@\h: \w\a\]${debian_chroot:+($debian_chroot)}\[\033[01;32m\]\u@\h\[\033[00m\]:\[\033[01;34m\]\w\[\033[00m\]\$ VIRTUAL_ENV_PROMPT=(.venv) /usr/bin/cmake --build /home/divyansh/Desktop/GNSS-Denied-Drone/build/drone_gazebo -- -j8 -l8
[0.473s] Invoking command in '/home/divyansh/Desktop/GNSS-Denied-Drone/build/drone_gazebo': CMAKE_PREFIX_PATH=${CMAKE_PREFIX_PATH}:/home/divyansh/Desktop/GNSS-Denied-Drone/install/drone_eval:/opt/ros/jazzy DEBUGINFOD_URLS=https://debuginfod.ubuntu.com PS1=(.venv) \[\e]0;\u@\h: \w\a\]${debian_chroot:+($debian_chroot)}\[\033[01;32m\]\u@\h\[\033[00m\]:\[\033[01;34m\]\w\[\033[00m\]\$ VIRTUAL_ENV_PROMPT=(.venv) /usr/bin/cmake --install /home/divyansh/Desktop/GNSS-Denied-Drone/build/drone_gazebo
[0.486s] -- Install configuration: ""
[0.488s] -- Execute custom install script
[0.489s] -- Symlinking: /home/divyansh/Desktop/GNSS-Denied-Drone/install/drone_gazebo/share/drone_gazebo/worlds/dark_warehouse.sdf
[0.506s] -- Up-to-date symlink: /home/divyansh/Desktop/GNSS-Denied-Drone/install/drone_gazebo/share/ament_index/resource_index/package_run_dependencies/drone_gazebo
[0.507s] -- Up-to-date symlink: /home/divyansh/Desktop/GNSS-Denied-Drone/install/drone_gazebo/share/ament_index/resource_index/parent_prefix_path/drone_gazebo
[0.508s] -- Up-to-date symlink: /home/divyansh/Desktop/GNSS-Denied-Drone/install/drone_gazebo/share/drone_gazebo/environment/ament_prefix_path.sh
[0.509s] -- Up-to-date symlink: /home/divyansh/Desktop/GNSS-Denied-Drone/install/drone_gazebo/share/drone_gazebo/environment/ament_prefix_path.dsv
[0.509s] -- Up-to-date symlink: /home/divyansh/Desktop/GNSS-Denied-Drone/install/drone_gazebo/share/drone_gazebo/environment/path.sh
[0.510s] -- Up-to-date symlink: /home/divyansh/Desktop/GNSS-Denied-Drone/install/drone_gazebo/share/drone_gazebo/environment/path.dsv
[0.511s] -- Up-to-date symlink: /home/divyansh/Desktop/GNSS-Denied-Drone/install/drone_gazebo/share/drone_gazebo/local_setup.bash
[0.513s] -- Up-to-date symlink: /home/divyansh/Desktop/GNSS-Denied-Drone/install/drone_gazebo/share/drone_gazebo/local_setup.sh
[0.513s] -- Up-to-date symlink: /home/divyansh/Desktop/GNSS-Denied-Drone/install/drone_gazebo/share/drone_gazebo/local_setup.zsh
[0.514s] -- Up-to-date symlink: /home/divyansh/Desktop/GNSS-Denied-Drone/install/drone_gazebo/share/drone_gazebo/local_setup.dsv
[0.515s] -- Symlinking: /home/divyansh/Desktop/GNSS-Denied-Drone/install/drone_gazebo/share/drone_gazebo/package.dsv
[0.532s] -- Up-to-date symlink: /home/divyansh/Desktop/GNSS-Denied-Drone/install/drone_gazebo/share/ament_index/resource_index/packages/drone_gazebo
[0.533s] -- Up-to-date symlink: /home/divyansh/Desktop/GNSS-Denied-Drone/install/drone_gazebo/share/drone_gazebo/cmake/drone_gazeboConfig.cmake
[0.535s] -- Up-to-date symlink: /home/divyansh/Desktop/GNSS-Denied-Drone/install/drone_gazebo/share/drone_gazebo/cmake/drone_gazeboConfig-version.cmake
[0.536s] -- Up-to-date symlink: /home/divyansh/Desktop/GNSS-Denied-Drone/install/drone_gazebo/share/drone_gazebo/package.xml
[0.541s] Invoked command in '/home/divyansh/Desktop/GNSS-Denied-Drone/build/drone_gazebo' returned '0': CMAKE_PREFIX_PATH=${CMAKE_PREFIX_PATH}:/home/divyansh/Desktop/GNSS-Denied-Drone/install/drone_eval:/opt/ros/jazzy DEBUGINFOD_URLS=https://debuginfod.ubuntu.com PS1=(.venv) \[\e]0;\u@\h: \w\a\]${debian_chroot:+($debian_chroot)}\[\033[01;32m\]\u@\h\[\033[00m\]:\[\033[01;34m\]\w\[\033[00m\]\$ VIRTUAL_ENV_PROMPT=(.venv) /usr/bin/cmake --install /home/divyansh/Desktop/GNSS-Denied-Drone/build/drone_gazebo
