[0.310s] DEBUG:colcon:Command line arguments: ['/usr/bin/colcon', 'build', '--symlink-install']
[0.310s] DEBUG:colcon:Parsed command line arguments: Namespace(log_base=None, log_level=None, verb_name='build', build_base='build', install_base='install', merge_install=False, symlink_install=True, test_result_base=None, continue_on_error=False, executor='parallel', parallel_workers=8, event_handlers=None, ignore_user_meta=False, metas=['./colcon.meta'], base_paths=['.'], packages_ignore=None, packages_ignore_regex=None, paths=None, packages_up_to=None, packages_up_to_regex=None, packages_above=None, packages_above_and_dependencies=None, packages_above_depth=None, packages_select_by_dep=None, packages_skip_by_dep=None, packages_skip_up_to=None, packages_select_build_failed=False, packages_skip_build_finished=False, packages_select_test_failures=False, packages_skip_test_passed=False, packages_select=None, packages_skip=None, packages_select_regex=None, packages_skip_regex=None, packages_start=None, packages_end=None, allow_overriding=[], cmake_args=None, cmake_target=None, cmake_target_skip_unavailable=False, cmake_clean_cache=False, cmake_clean_first=False, cmake_force_configure=False, ament_cmake_args=None, catkin_cmake_args=None, catkin_skip_building_tests=False, verb_parser=<colcon_defaults.argument_parser.defaults.DefaultArgumentsDecorator object at 0x7dd52be23170>, verb_extension=<colcon_core.verb.build.BuildVerb object at 0x7dd52be22540>, main=<bound method BuildVerb.main of <colcon_core.verb.build.BuildVerb object at 0x7dd52be22540>>)
[0.385s] Level 1:colcon.colcon_core.package_discovery:discover_packages(colcon_meta) check parameters
[0.385s] Level 1:colcon.colcon_core.package_discovery:discover_packages(recursive) check parameters
[0.385s] Level 1:colcon.colcon_core.package_discovery:discover_packages(ignore) check parameters
[0.385s] Level 1:colcon.colcon_core.package_discovery:discover_packages(path) check parameters
[0.385s] Level 1:colcon.colcon_core.package_discovery:discover_packages(colcon_meta) discover
[0.385s] Level 1:colcon.colcon_core.package_discovery:discover_packages(recursive) discover
[0.385s] INFO:colcon.colcon_core.package_discovery:Crawling recursively for packages in '/home/divyansh/Desktop/GNSS-Denied-Drone'
[0.386s] Level 1:colcon.colcon_core.package_identification:_identify(.) by extensions ['ignore', 'ignore_ament_install']
[0.386s] Level 1:colcon.colcon_core.package_identification:_identify(.) by extension 'ignore'
[0.386s] Level 1:colcon.colcon_core.package_identification:_identify(.) by extension 'ignore_ament_install'
[0.386s] Level 1:colcon.colcon_core.package_identification:_identify(.) by extensions ['colcon_pkg']
[0.386s] Level 1:colcon.colcon_core.package_identification:_identify(.) by extension 'colcon_pkg'
[0.386s] Level 1:colcon.colcon_core.package_identification:_identify(.) by extensions ['colcon_meta']
[0.386s] Level 1:colcon.colcon_core.package_identification:_identify(.) by extension 'colcon_meta'
[0.386s] Level 1:colcon.colcon_core.package_identification:_identify(.) by extensions ['ros']
[0.386s] Level 1:colcon.colcon_core.package_identification:_identify(.) by extension 'ros'
[0.423s] Level 1:colcon.colcon_core.package_identification:_identify(.) by extensions ['cmake', 'python']
[0.423s] Level 1:colcon.colcon_core.package_identification:_identify(.) by extension 'cmake'
[0.424s] Level 1:colcon.colcon_core.package_identification:_identify(.) by extension 'python'
[0.424s] Level 1:colcon.colcon_core.package_identification:_identify(.) by extensions ['python_setup_py']
[0.424s] Level 1:colcon.colcon_core.package_identification:_identify(.) by extension 'python_setup_py'
[0.424s] Level 1:colcon.colcon_core.package_identification:_identify(build) by extensions ['ignore', 'ignore_ament_install']
[0.424s] Level 1:colcon.colcon_core.package_identification:_identify(build) by extension 'ignore'
[0.424s] Level 1:colcon.colcon_core.package_identification:_identify(build) ignored
[0.424s] Level 1:colcon.colcon_core.package_identification:_identify(install) by extensions ['ignore', 'ignore_ament_install']
[0.424s] Level 1:colcon.colcon_core.package_identification:_identify(install) by extension 'ignore'
[0.424s] Level 1:colcon.colcon_core.package_identification:_identify(install) ignored
[0.424s] Level 1:colcon.colcon_core.package_identification:_identify(log) by extensions ['ignore', 'ignore_ament_install']
[0.425s] Level 1:colcon.colcon_core.package_identification:_identify(log) by extension 'ignore'
[0.425s] Level 1:colcon.colcon_core.package_identification:_identify(log) ignored
[0.425s] Level 1:colcon.colcon_core.package_identification:_identify(src) by extensions ['ignore', 'ignore_ament_install']
[0.425s] Level 1:colcon.colcon_core.package_identification:_identify(src) by extension 'ignore'
[0.425s] Level 1:colcon.colcon_core.package_identification:_identify(src) by extension 'ignore_ament_install'
[0.425s] Level 1:colcon.colcon_core.package_identification:_identify(src) by extensions ['colcon_pkg']
[0.425s] Level 1:colcon.colcon_core.package_identification:_identify(src) by extension 'colcon_pkg'
[0.425s] Level 1:colcon.colcon_core.package_identification:_identify(src) by extensions ['colcon_meta']
[0.425s] Level 1:colcon.colcon_core.package_identification:_identify(src) by extension 'colcon_meta'
[0.425s] Level 1:colcon.colcon_core.package_identification:_identify(src) by extensions ['ros']
[0.425s] Level 1:colcon.colcon_core.package_identification:_identify(src) by extension 'ros'
[0.425s] Level 1:colcon.colcon_core.package_identification:_identify(src) by extensions ['cmake', 'python']
[0.425s] Level 1:colcon.colcon_core.package_identification:_identify(src) by extension 'cmake'
[0.425s] Level 1:colcon.colcon_core.package_identification:_identify(src) by extension 'python'
[0.426s] Level 1:colcon.colcon_core.package_identification:_identify(src) by extensions ['python_setup_py']
[0.426s] Level 1:colcon.colcon_core.package_identification:_identify(src) by extension 'python_setup_py'
[0.426s] Level 1:colcon.colcon_core.package_identification:_identify(src/drone_bringup) by extensions ['ignore', 'ignore_ament_install']
[0.426s] Level 1:colcon.colcon_core.package_identification:_identify(src/drone_bringup) by extension 'ignore'
[0.426s] Level 1:colcon.colcon_core.package_identification:_identify(src/drone_bringup) by extension 'ignore_ament_install'
[0.426s] Level 1:colcon.colcon_core.package_identification:_identify(src/drone_bringup) by extensions ['colcon_pkg']
[0.426s] Level 1:colcon.colcon_core.package_identification:_identify(src/drone_bringup) by extension 'colcon_pkg'
[0.426s] Level 1:colcon.colcon_core.package_identification:_identify(src/drone_bringup) by extensions ['colcon_meta']
[0.426s] Level 1:colcon.colcon_core.package_identification:_identify(src/drone_bringup) by extension 'colcon_meta'
[0.426s] Level 1:colcon.colcon_core.package_identification:_identify(src/drone_bringup) by extensions ['ros']
[0.426s] Level 1:colcon.colcon_core.package_identification:_identify(src/drone_bringup) by extension 'ros'
[0.430s] DEBUG:colcon.colcon_core.package_identification:Package 'src/drone_bringup' with type 'ros.ament_cmake' and name 'drone_bringup'
[0.430s] Level 1:colcon.colcon_core.package_identification:_identify(src/drone_description) by extensions ['ignore', 'ignore_ament_install']
[0.431s] Level 1:colcon.colcon_core.package_identification:_identify(src/drone_description) by extension 'ignore'
[0.431s] Level 1:colcon.colcon_core.package_identification:_identify(src/drone_description) by extension 'ignore_ament_install'
[0.431s] Level 1:colcon.colcon_core.package_identification:_identify(src/drone_description) by extensions ['colcon_pkg']
[0.431s] Level 1:colcon.colcon_core.package_identification:_identify(src/drone_description) by extension 'colcon_pkg'
[0.431s] Level 1:colcon.colcon_core.package_identification:_identify(src/drone_description) by extensions ['colcon_meta']
[0.431s] Level 1:colcon.colcon_core.package_identification:_identify(src/drone_description) by extension 'colcon_meta'
[0.431s] Level 1:colcon.colcon_core.package_identification:_identify(src/drone_description) by extensions ['ros']
[0.431s] Level 1:colcon.colcon_core.package_identification:_identify(src/drone_description) by extension 'ros'
[0.432s] DEBUG:colcon.colcon_core.package_identification:Package 'src/drone_description' with type 'ros.ament_cmake' and name 'drone_description'
[0.432s] Level 1:colcon.colcon_core.package_identification:_identify(src/drone_eval) by extensions ['ignore', 'ignore_ament_install']
[0.432s] Level 1:colcon.colcon_core.package_identification:_identify(src/drone_eval) by extension 'ignore'
[0.432s] Level 1:colcon.colcon_core.package_identification:_identify(src/drone_eval) by extension 'ignore_ament_install'
[0.432s] Level 1:colcon.colcon_core.package_identification:_identify(src/drone_eval) by extensions ['colcon_pkg']
[0.432s] Level 1:colcon.colcon_core.package_identification:_identify(src/drone_eval) by extension 'colcon_pkg'
[0.432s] Level 1:colcon.colcon_core.package_identification:_identify(src/drone_eval) by extensions ['colcon_meta']
[0.432s] Level 1:colcon.colcon_core.package_identification:_identify(src/drone_eval) by extension 'colcon_meta'
[0.432s] Level 1:colcon.colcon_core.package_identification:_identify(src/drone_eval) by extensions ['ros']
[0.432s] Level 1:colcon.colcon_core.package_identification:_identify(src/drone_eval) by extension 'ros'
[0.433s] DEBUG:colcon.colcon_core.package_identification:Package 'src/drone_eval' with type 'ros.ament_python' and name 'drone_eval'
[0.433s] Level 1:colcon.colcon_core.package_identification:_identify(src/drone_gazebo) by extensions ['ignore', 'ignore_ament_install']
[0.433s] Level 1:colcon.colcon_core.package_identification:_identify(src/drone_gazebo) by extension 'ignore'
[0.433s] Level 1:colcon.colcon_core.package_identification:_identify(src/drone_gazebo) by extension 'ignore_ament_install'
[0.434s] Level 1:colcon.colcon_core.package_identification:_identify(src/drone_gazebo) by extensions ['colcon_pkg']
[0.434s] Level 1:colcon.colcon_core.package_identification:_identify(src/drone_gazebo) by extension 'colcon_pkg'
[0.434s] Level 1:colcon.colcon_core.package_identification:_identify(src/drone_gazebo) by extensions ['colcon_meta']
[0.434s] Level 1:colcon.colcon_core.package_identification:_identify(src/drone_gazebo) by extension 'colcon_meta'
[0.434s] Level 1:colcon.colcon_core.package_identification:_identify(src/drone_gazebo) by extensions ['ros']
[0.434s] Level 1:colcon.colcon_core.package_identification:_identify(src/drone_gazebo) by extension 'ros'
[0.434s] DEBUG:colcon.colcon_core.package_identification:Package 'src/drone_gazebo' with type 'ros.ament_cmake' and name 'drone_gazebo'
[0.435s] Level 1:colcon.colcon_core.package_identification:_identify(src/drone_slam) by extensions ['ignore', 'ignore_ament_install']
[0.435s] Level 1:colcon.colcon_core.package_identification:_identify(src/drone_slam) by extension 'ignore'
[0.435s] Level 1:colcon.colcon_core.package_identification:_identify(src/drone_slam) by extension 'ignore_ament_install'
[0.435s] Level 1:colcon.colcon_core.package_identification:_identify(src/drone_slam) by extensions ['colcon_pkg']
[0.435s] Level 1:colcon.colcon_core.package_identification:_identify(src/drone_slam) by extension 'colcon_pkg'
[0.435s] Level 1:colcon.colcon_core.package_identification:_identify(src/drone_slam) by extensions ['colcon_meta']
[0.435s] Level 1:colcon.colcon_core.package_identification:_identify(src/drone_slam) by extension 'colcon_meta'
[0.435s] Level 1:colcon.colcon_core.package_identification:_identify(src/drone_slam) by extensions ['ros']
[0.435s] Level 1:colcon.colcon_core.package_identification:_identify(src/drone_slam) by extension 'ros'
[0.436s] DEBUG:colcon.colcon_core.package_identification:Package 'src/drone_slam' with type 'ros.ament_cmake' and name 'drone_slam'
[0.436s] Level 1:colcon.colcon_core.package_discovery:discover_packages(recursive) using defaults
[0.436s] Level 1:colcon.colcon_core.package_discovery:discover_packages(ignore) discover
[0.436s] Level 1:colcon.colcon_core.package_discovery:discover_packages(ignore) using defaults
[0.436s] Level 1:colcon.colcon_core.package_discovery:discover_packages(path) discover
[0.436s] Level 1:colcon.colcon_core.package_discovery:discover_packages(path) using defaults
[0.468s] Level 1:colcon.colcon_core.package_discovery:discover_packages(prefix_path) check parameters
[0.468s] Level 1:colcon.colcon_core.package_discovery:discover_packages(prefix_path) discover
[0.475s] DEBUG:colcon.colcon_installed_package_information.package_discovery:Found 5 installed packages in /home/divyansh/Desktop/GNSS-Denied-Drone/install
[0.477s] DEBUG:colcon.colcon_installed_package_information.package_discovery:Found 321 installed packages in /opt/ros/jazzy
[0.478s] Level 1:colcon.colcon_core.package_discovery:discover_packages(prefix_path) using defaults
[0.580s] Level 5:colcon.colcon_core.verb:set package 'drone_bringup' build argument 'cmake_args' from command line to 'None'
[0.580s] Level 5:colcon.colcon_core.verb:set package 'drone_bringup' build argument 'cmake_target' from command line to 'None'
[0.580s] Level 5:colcon.colcon_core.verb:set package 'drone_bringup' build argument 'cmake_target_skip_unavailable' from command line to 'False'
[0.580s] Level 5:colcon.colcon_core.verb:set package 'drone_bringup' build argument 'cmake_clean_cache' from command line to 'False'
[0.580s] Level 5:colcon.colcon_core.verb:set package 'drone_bringup' build argument 'cmake_clean_first' from command line to 'False'
[0.580s] Level 5:colcon.colcon_core.verb:set package 'drone_bringup' build argument 'cmake_force_configure' from command line to 'False'
[0.580s] Level 5:colcon.colcon_core.verb:set package 'drone_bringup' build argument 'ament_cmake_args' from command line to 'None'
[0.580s] Level 5:colcon.colcon_core.verb:set package 'drone_bringup' build argument 'catkin_cmake_args' from command line to 'None'
[0.580s] Level 5:colcon.colcon_core.verb:set package 'drone_bringup' build argument 'catkin_skip_building_tests' from command line to 'False'
[0.580s] DEBUG:colcon.colcon_core.verb:Building package 'drone_bringup' with the following arguments: {'ament_cmake_args': None, 'build_base': '/home/divyansh/Desktop/GNSS-Denied-Drone/build/drone_bringup', 'catkin_cmake_args': None, 'catkin_skip_building_tests': False, 'cmake_args': None, 'cmake_clean_cache': False, 'cmake_clean_first': False, 'cmake_force_configure': False, 'cmake_target': None, 'cmake_target_skip_unavailable': False, 'install_base': '/home/divyansh/Desktop/GNSS-Denied-Drone/install/drone_bringup', 'merge_install': False, 'path': '/home/divyansh/Desktop/GNSS-Denied-Drone/src/drone_bringup', 'symlink_install': True, 'test_result_base': None}
[0.581s] Level 5:colcon.colcon_core.verb:set package 'drone_description' build argument 'cmake_args' from command line to 'None'
[0.581s] Level 5:colcon.colcon_core.verb:set package 'drone_description' build argument 'cmake_target' from command line to 'None'
[0.581s] Level 5:colcon.colcon_core.verb:set package 'drone_description' build argument 'cmake_target_skip_unavailable' from command line to 'False'
[0.581s] Level 5:colcon.colcon_core.verb:set package 'drone_description' build argument 'cmake_clean_cache' from command line to 'False'
[0.581s] Level 5:colcon.colcon_core.verb:set package 'drone_description' build argument 'cmake_clean_first' from command line to 'False'
[0.581s] Level 5:colcon.colcon_core.verb:set package 'drone_description' build argument 'cmake_force_configure' from command line to 'False'
[0.581s] Level 5:colcon.colcon_core.verb:set package 'drone_description' build argument 'ament_cmake_args' from command line to 'None'
[0.581s] Level 5:colcon.colcon_core.verb:set package 'drone_description' build argument 'catkin_cmake_args' from command line to 'None'
[0.581s] Level 5:colcon.colcon_core.verb:set package 'drone_description' build argument 'catkin_skip_building_tests' from command line to 'False'
[0.581s] DEBUG:colcon.colcon_core.verb:Building package 'drone_description' with the following arguments: {'ament_cmake_args': None, 'build_base': '/home/divyansh/Desktop/GNSS-Denied-Drone/build/drone_description', 'catkin_cmake_args': None, 'catkin_skip_building_tests': False, 'cmake_args': None, 'cmake_clean_cache': False, 'cmake_clean_first': False, 'cmake_force_configure': False, 'cmake_target': None, 'cmake_target_skip_unavailable': False, 'install_base': '/home/divyansh/Desktop/GNSS-Denied-Drone/install/drone_description', 'merge_install': False, 'path': '/home/divyansh/Desktop/GNSS-Denied-Drone/src/drone_description', 'symlink_install': True, 'test_result_base': None}
[0.581s] Level 5:colcon.colcon_core.verb:set package 'drone_eval' build argument 'cmake_args' from command line to 'None'
[0.581s] Level 5:colcon.colcon_core.verb:set package 'drone_eval' build argument 'cmake_target' from command line to 'None'
[0.581s] Level 5:colcon.colcon_core.verb:set package 'drone_eval' build argument 'cmake_target_skip_unavailable' from command line to 'False'
[0.581s] Level 5:colcon.colcon_core.verb:set package 'drone_eval' build argument 'cmake_clean_cache' from command line to 'False'
[0.581s] Level 5:colcon.colcon_core.verb:set package 'drone_eval' build argument 'cmake_clean_first' from command line to 'False'
[0.581s] Level 5:colcon.colcon_core.verb:set package 'drone_eval' build argument 'cmake_force_configure' from command line to 'False'
[0.581s] Level 5:colcon.colcon_core.verb:set package 'drone_eval' build argument 'ament_cmake_args' from command line to 'None'
[0.581s] Level 5:colcon.colcon_core.verb:set package 'drone_eval' build argument 'catkin_cmake_args' from command line to 'None'
[0.581s] Level 5:colcon.colcon_core.verb:set package 'drone_eval' build argument 'catkin_skip_building_tests' from command line to 'False'
[0.582s] DEBUG:colcon.colcon_core.verb:Building package 'drone_eval' with the following arguments: {'ament_cmake_args': None, 'build_base': '/home/divyansh/Desktop/GNSS-Denied-Drone/build/drone_eval', 'catkin_cmake_args': None, 'catkin_skip_building_tests': False, 'cmake_args': None, 'cmake_clean_cache': False, 'cmake_clean_first': False, 'cmake_force_configure': False, 'cmake_target': None, 'cmake_target_skip_unavailable': False, 'install_base': '/home/divyansh/Desktop/GNSS-Denied-Drone/install/drone_eval', 'merge_install': False, 'path': '/home/divyansh/Desktop/GNSS-Denied-Drone/src/drone_eval', 'symlink_install': True, 'test_result_base': None}
[0.582s] Level 5:colcon.colcon_core.verb:set package 'drone_gazebo' build argument 'cmake_args' from command line to 'None'
[0.582s] Level 5:colcon.colcon_core.verb:set package 'drone_gazebo' build argument 'cmake_target' from command line to 'None'
[0.582s] Level 5:colcon.colcon_core.verb:set package 'drone_gazebo' build argument 'cmake_target_skip_unavailable' from command line to 'False'
[0.582s] Level 5:colcon.colcon_core.verb:set package 'drone_gazebo' build argument 'cmake_clean_cache' from command line to 'False'
[0.582s] Level 5:colcon.colcon_core.verb:set package 'drone_gazebo' build argument 'cmake_clean_first' from command line to 'False'
[0.582s] Level 5:colcon.colcon_core.verb:set package 'drone_gazebo' build argument 'cmake_force_configure' from command line to 'False'
[0.582s] Level 5:colcon.colcon_core.verb:set package 'drone_gazebo' build argument 'ament_cmake_args' from command line to 'None'
[0.582s] Level 5:colcon.colcon_core.verb:set package 'drone_gazebo' build argument 'catkin_cmake_args' from command line to 'None'
[0.582s] Level 5:colcon.colcon_core.verb:set package 'drone_gazebo' build argument 'catkin_skip_building_tests' from command line to 'False'
[0.582s] DEBUG:colcon.colcon_core.verb:Building package 'drone_gazebo' with the following arguments: {'ament_cmake_args': None, 'build_base': '/home/divyansh/Desktop/GNSS-Denied-Drone/build/drone_gazebo', 'catkin_cmake_args': None, 'catkin_skip_building_tests': False, 'cmake_args': None, 'cmake_clean_cache': False, 'cmake_clean_first': False, 'cmake_force_configure': False, 'cmake_target': None, 'cmake_target_skip_unavailable': False, 'install_base': '/home/divyansh/Desktop/GNSS-Denied-Drone/install/drone_gazebo', 'merge_install': False, 'path': '/home/divyansh/Desktop/GNSS-Denied-Drone/src/drone_gazebo', 'symlink_install': True, 'test_result_base': None}
[0.582s] Level 5:colcon.colcon_core.verb:set package 'drone_slam' build argument 'cmake_args' from command line to 'None'
[0.582s] Level 5:colcon.colcon_core.verb:set package 'drone_slam' build argument 'cmake_target' from command line to 'None'
[0.582s] Level 5:colcon.colcon_core.verb:set package 'drone_slam' build argument 'cmake_target_skip_unavailable' from command line to 'False'
[0.583s] Level 5:colcon.colcon_core.verb:set package 'drone_slam' build argument 'cmake_clean_cache' from command line to 'False'
[0.583s] Level 5:colcon.colcon_core.verb:set package 'drone_slam' build argument 'cmake_clean_first' from command line to 'False'
[0.583s] Level 5:colcon.colcon_core.verb:set package 'drone_slam' build argument 'cmake_force_configure' from command line to 'False'
[0.583s] Level 5:colcon.colcon_core.verb:set package 'drone_slam' build argument 'ament_cmake_args' from command line to 'None'
[0.583s] Level 5:colcon.colcon_core.verb:set package 'drone_slam' build argument 'catkin_cmake_args' from command line to 'None'
[0.583s] Level 5:colcon.colcon_core.verb:set package 'drone_slam' build argument 'catkin_skip_building_tests' from command line to 'False'
[0.583s] DEBUG:colcon.colcon_core.verb:Building package 'drone_slam' with the following arguments: {'ament_cmake_args': None, 'build_base': '/home/divyansh/Desktop/GNSS-Denied-Drone/build/drone_slam', 'catkin_cmake_args': None, 'catkin_skip_building_tests': False, 'cmake_args': None, 'cmake_clean_cache': False, 'cmake_clean_first': False, 'cmake_force_configure': False, 'cmake_target': None, 'cmake_target_skip_unavailable': False, 'install_base': '/home/divyansh/Desktop/GNSS-Denied-Drone/install/drone_slam', 'merge_install': False, 'path': '/home/divyansh/Desktop/GNSS-Denied-Drone/src/drone_slam', 'symlink_install': True, 'test_result_base': None}
[0.583s] INFO:colcon.colcon_core.executor:Executing jobs using 'parallel' executor
[0.584s] DEBUG:colcon.colcon_parallel_executor.executor.parallel:run_until_complete
[0.584s] INFO:colcon.colcon_ros.task.ament_cmake.build:Building ROS package in '/home/divyansh/Desktop/GNSS-Denied-Drone/src/drone_bringup' with build type 'ament_cmake'
[0.584s] INFO:colcon.colcon_cmake.task.cmake.build:Building CMake package in '/home/divyansh/Desktop/GNSS-Denied-Drone/src/drone_bringup'
[0.590s] INFO:colcon.colcon_core.plugin_system:Skipping extension 'colcon_core.shell.bat': Not used on non-Windows systems
[0.590s] INFO:colcon.colcon_core.shell:Skip shell extension 'powershell' for command environment: Not usable outside of PowerShell
[0.590s] DEBUG:colcon.colcon_core.shell:Skip shell extension 'dsv' for command environment
[0.595s] INFO:colcon.colcon_ros.task.ament_cmake.build:Building ROS package in '/home/divyansh/Desktop/GNSS-Denied-Drone/src/drone_description' with build type 'ament_cmake'
[0.596s] INFO:colcon.colcon_cmake.task.cmake.build:Building CMake package in '/home/divyansh/Desktop/GNSS-Denied-Drone/src/drone_description'
[0.596s] INFO:colcon.colcon_core.shell:Skip shell extension 'powershell' for command environment: Not usable outside of PowerShell
[0.596s] DEBUG:colcon.colcon_core.shell:Skip shell extension 'dsv' for command environment
[0.601s] INFO:colcon.colcon_ros.task.ament_python.build:Building ROS package in '/home/divyansh/Desktop/GNSS-Denied-Drone/src/drone_eval' with build type 'ament_python'
[0.602s] Level 1:colcon.colcon_core.shell:create_environment_hook('drone_eval', 'ament_prefix_path')
[0.602s] INFO:colcon.colcon_core.shell:Creating environment hook '/home/divyansh/Desktop/GNSS-Denied-Drone/install/drone_eval/share/drone_eval/hook/ament_prefix_path.ps1'
[0.604s] INFO:colcon.colcon_core.shell:Creating environment descriptor '/home/divyansh/Desktop/GNSS-Denied-Drone/install/drone_eval/share/drone_eval/hook/ament_prefix_path.dsv'
[0.605s] INFO:colcon.colcon_core.shell:Creating environment hook '/home/divyansh/Desktop/GNSS-Denied-Drone/install/drone_eval/share/drone_eval/hook/ament_prefix_path.sh'
[0.607s] INFO:colcon.colcon_core.shell:Skip shell extension 'powershell' for command environment: Not usable outside of PowerShell
[0.607s] DEBUG:colcon.colcon_core.shell:Skip shell extension 'dsv' for command environment
[0.613s] INFO:colcon.colcon_ros.task.ament_cmake.build:Building ROS package in '/home/divyansh/Desktop/GNSS-Denied-Drone/src/drone_gazebo' with build type 'ament_cmake'
[0.613s] INFO:colcon.colcon_cmake.task.cmake.build:Building CMake package in '/home/divyansh/Desktop/GNSS-Denied-Drone/src/drone_gazebo'
[0.613s] INFO:colcon.colcon_core.shell:Skip shell extension 'powershell' for command environment: Not usable outside of PowerShell
[0.614s] DEBUG:colcon.colcon_core.shell:Skip shell extension 'dsv' for command environment
[0.619s] INFO:colcon.colcon_ros.task.ament_cmake.build:Building ROS package in '/home/divyansh/Desktop/GNSS-Denied-Drone/src/drone_slam' with build type 'ament_cmake'
[0.620s] INFO:colcon.colcon_cmake.task.cmake.build:Building CMake package in '/home/divyansh/Desktop/GNSS-Denied-Drone/src/drone_slam'
[0.620s] INFO:colcon.colcon_core.shell:Skip shell extension 'powershell' for command environment: Not usable outside of PowerShell
[0.620s] DEBUG:colcon.colcon_core.shell:Skip shell extension 'dsv' for command environment
[0.631s] DEBUG:colcon.colcon_core.event_handler.log_command:Invoking command in '/home/divyansh/Desktop/GNSS-Denied-Drone/build/drone_bringup': CMAKE_PREFIX_PATH=${CMAKE_PREFIX_PATH}:/home/divyansh/Desktop/GNSS-Denied-Drone/install/drone_eval:/opt/ros/jazzy DEBUGINFOD_URLS=https://debuginfod.ubuntu.com PS1=(.venv) \[\e]0;\u@\h: \w\a\]${debian_chroot:+($debian_chroot)}\[\033[01;32m\]\u@\h\[\033[00m\]:\[\033[01;34m\]\w\[\033[00m\]\$ VIRTUAL_ENV_PROMPT=(.venv) /usr/bin/cmake --build /home/divyansh/Desktop/GNSS-Denied-Drone/build/drone_bringup -- -j8 -l8
[0.637s] DEBUG:colcon.colcon_core.event_handler.log_command:Invoking command in '/home/divyansh/Desktop/GNSS-Denied-Drone/build/drone_description': CMAKE_PREFIX_PATH=${CMAKE_PREFIX_PATH}:/home/divyansh/Desktop/GNSS-Denied-Drone/install/drone_eval:/opt/ros/jazzy DEBUGINFOD_URLS=https://debuginfod.ubuntu.com PS1=(.venv) \[\e]0;\u@\h: \w\a\]${debian_chroot:+($debian_chroot)}\[\033[01;32m\]\u@\h\[\033[00m\]:\[\033[01;34m\]\w\[\033[00m\]\$ VIRTUAL_ENV_PROMPT=(.venv) /usr/bin/cmake --build /home/divyansh/Desktop/GNSS-Denied-Drone/build/drone_description -- -j8 -l8
[0.939s] INFO:colcon.colcon_core.task.python.build:Building Python package in '/home/divyansh/Desktop/GNSS-Denied-Drone/src/drone_eval'
[0.940s] INFO:colcon.colcon_core.shell:Skip shell extension 'powershell' for command environment: Not usable outside of PowerShell
[0.940s] DEBUG:colcon.colcon_core.shell:Skip shell extension 'dsv' for command environment
[0.950s] DEBUG:colcon.colcon_core.event_handler.log_command:Invoking command in '/home/divyansh/Desktop/GNSS-Denied-Drone/build/drone_gazebo': CMAKE_PREFIX_PATH=${CMAKE_PREFIX_PATH}:/home/divyansh/Desktop/GNSS-Denied-Drone/install/drone_eval:/opt/ros/jazzy DEBUGINFOD_URLS=https://debuginfod.ubuntu.com PS1=(.venv) \[\e]0;\u@\h: \w\a\]${debian_chroot:+($debian_chroot)}\[\033[01;32m\]\u@\h\[\033[00m\]:\[\033[01;34m\]\w\[\033[00m\]\$ VIRTUAL_ENV_PROMPT=(.venv) /usr/bin/cmake --build /home/divyansh/Desktop/GNSS-Denied-Drone/build/drone_gazebo -- -j8 -l8
[0.955s] DEBUG:colcon.colcon_core.event_handler.log_command:Invoked command in '/home/divyansh/Desktop/GNSS-Denied-Drone/build/drone_bringup' returned '0': CMAKE_PREFIX_PATH=${CMAKE_PREFIX_PATH}:/home/divyansh/Desktop/GNSS-Denied-Drone/install/drone_eval:/opt/ros/jazzy DEBUGINFOD_URLS=https://debuginfod.ubuntu.com PS1=(.venv) \[\e]0;\u@\h: \w\a\]${debian_chroot:+($debian_chroot)}\[\033[01;32m\]\u@\h\[\033[00m\]:\[\033[01;34m\]\w\[\033[00m\]\$ VIRTUAL_ENV_PROMPT=(.venv) /usr/bin/cmake --build /home/divyansh/Desktop/GNSS-Denied-Drone/build/drone_bringup -- -j8 -l8
[0.973s] DEBUG:colcon.colcon_core.event_handler.log_command:Invoking command in '/home/divyansh/Desktop/GNSS-Denied-Drone/build/drone_bringup': CMAKE_PREFIX_PATH=${CMAKE_PREFIX_PATH}:/home/divyansh/Desktop/GNSS-Denied-Drone/install/drone_eval:/opt/ros/jazzy DEBUGINFOD_URLS=https://debuginfod.ubuntu.com PS1=(.venv) \[\e]0;\u@\h: \w\a\]${debian_chroot:+($debian_chroot)}\[\033[01;32m\]\u@\h\[\033[00m\]:\[\033[01;34m\]\w\[\033[00m\]\$ VIRTUAL_ENV_PROMPT=(.venv) /usr/bin/cmake --install /home/divyansh/Desktop/GNSS-Denied-Drone/build/drone_bringup
[0.979s] DEBUG:colcon.colcon_core.event_handler.log_command:Invoking command in '/home/divyansh/Desktop/GNSS-Denied-Drone/build/drone_slam': CMAKE_PREFIX_PATH=${CMAKE_PREFIX_PATH}:/home/divyansh/Desktop/GNSS-Denied-Drone/install/drone_eval:/opt/ros/jazzy DEBUGINFOD_URLS=https://debuginfod.ubuntu.com PS1=(.venv) \[\e]0;\u@\h: \w\a\]${debian_chroot:+($debian_chroot)}\[\033[01;32m\]\u@\h\[\033[00m\]:\[\033[01;34m\]\w\[\033[00m\]\$ VIRTUAL_ENV_PROMPT=(.venv) /usr/bin/cmake --build /home/divyansh/Desktop/GNSS-Denied-Drone/build/drone_slam -- -j8 -l8
[0.979s] DEBUG:colcon.colcon_core.event_handler.log_command:Invoked command in '/home/divyansh/Desktop/GNSS-Denied-Drone/build/drone_description' returned '0': CMAKE_PREFIX_PATH=${CMAKE_PREFIX_PATH}:/home/divyansh/Desktop/GNSS-Denied-Drone/install/drone_eval:/opt/ros/jazzy DEBUGINFOD_URLS=https://debuginfod.ubuntu.com PS1=(.venv) \[\e]0;\u@\h: \w\a\]${debian_chroot:+($debian_chroot)}\[\033[01;32m\]\u@\h\[\033[00m\]:\[\033[01;34m\]\w\[\033[00m\]\$ VIRTUAL_ENV_PROMPT=(.venv) /usr/bin/cmake --build /home/divyansh/Desktop/GNSS-Denied-Drone/build/drone_description -- -j8 -l8
[0.981s] DEBUG:colcon.colcon_core.event_handler.log_command:Invoking command in '/home/divyansh/Desktop/GNSS-Denied-Drone/build/drone_description': CMAKE_PREFIX_PATH=${CMAKE_PREFIX_PATH}:/home/divyansh/Desktop/GNSS-Denied-Drone/install/drone_eval:/opt/ros/jazzy DEBUGINFOD_URLS=https://debuginfod.ubuntu.com PS1=(.venv) \[\e]0;\u@\h: \w\a\]${debian_chroot:+($debian_chroot)}\[\033[01;32m\]\u@\h\[\033[00m\]:\[\033[01;34m\]\w\[\033[00m\]\$ VIRTUAL_ENV_PROMPT=(.venv) /usr/bin/cmake --install /home/divyansh/Desktop/GNSS-Denied-Drone/build/drone_description
[1.026s] Level 1:colcon.colcon_core.environment:create_environment_scripts_only(drone_bringup)
[1.027s] DEBUG:colcon.colcon_core.event_handler.log_command:Invoked command in '/home/divyansh/Desktop/GNSS-Denied-Drone/build/drone_bringup' returned '0': CMAKE_PREFIX_PATH=${CMAKE_PREFIX_PATH}:/home/divyansh/Desktop/GNSS-Denied-Drone/install/drone_eval:/opt/ros/jazzy DEBUGINFOD_URLS=https://debuginfod.ubuntu.com PS1=(.venv) \[\e]0;\u@\h: \w\a\]${debian_chroot:+($debian_chroot)}\[\033[01;32m\]\u@\h\[\033[00m\]:\[\033[01;34m\]\w\[\033[00m\]\$ VIRTUAL_ENV_PROMPT=(.venv) /usr/bin/cmake --install /home/divyansh/Desktop/GNSS-Denied-Drone/build/drone_bringup
[1.034s] Level 1:colcon.colcon_core.environment:checking '/home/divyansh/Desktop/GNSS-Denied-Drone/install/drone_bringup' for CMake module files
[1.035s] Level 1:colcon.colcon_core.environment:checking '/home/divyansh/Desktop/GNSS-Denied-Drone/install/drone_bringup' for CMake config files
[1.036s] Level 1:colcon.colcon_core.shell:create_environment_hook('drone_bringup', 'cmake_prefix_path')
[1.036s] INFO:colcon.colcon_core.shell:Creating environment hook '/home/divyansh/Desktop/GNSS-Denied-Drone/install/drone_bringup/share/drone_bringup/hook/cmake_prefix_path.ps1'
[1.037s] INFO:colcon.colcon_core.shell:Creating environment descriptor '/home/divyansh/Desktop/GNSS-Denied-Drone/install/drone_bringup/share/drone_bringup/hook/cmake_prefix_path.dsv'
[1.038s] INFO:colcon.colcon_core.shell:Creating environment hook '/home/divyansh/Desktop/GNSS-Denied-Drone/install/drone_bringup/share/drone_bringup/hook/cmake_prefix_path.sh'
[1.038s] Level 1:colcon.colcon_core.environment:checking '/home/divyansh/Desktop/GNSS-Denied-Drone/install/drone_bringup/bin'
[1.039s] Level 1:colcon.colcon_core.environment:checking '/home/divyansh/Desktop/GNSS-Denied-Drone/install/drone_bringup/lib/pkgconfig/drone_bringup.pc'
[1.039s] Level 1:colcon.colcon_core.environment:checking '/home/divyansh/Desktop/GNSS-Denied-Drone/install/drone_bringup/lib/python3.12/site-packages'
[1.039s] Level 1:colcon.colcon_core.environment:checking '/home/divyansh/Desktop/GNSS-Denied-Drone/install/drone_bringup/bin'
[1.040s] INFO:colcon.colcon_core.shell:Creating package script '/home/divyansh/Desktop/GNSS-Denied-Drone/install/drone_bringup/share/drone_bringup/package.ps1'
[1.041s] INFO:colcon.colcon_core.shell:Creating package descriptor '/home/divyansh/Desktop/GNSS-Denied-Drone/install/drone_bringup/share/drone_bringup/package.dsv'
[1.043s] INFO:colcon.colcon_core.shell:Creating package script '/home/divyansh/Desktop/GNSS-Denied-Drone/install/drone_bringup/share/drone_bringup/package.sh'
[1.044s] INFO:colcon.colcon_core.shell:Creating package script '/home/divyansh/Desktop/GNSS-Denied-Drone/install/drone_bringup/share/drone_bringup/package.bash'
[1.046s] INFO:colcon.colcon_core.shell:Creating package script '/home/divyansh/Desktop/GNSS-Denied-Drone/install/drone_bringup/share/drone_bringup/package.zsh'
[1.047s] Level 1:colcon.colcon_core.environment:create_file_with_runtime_dependencies(/home/divyansh/Desktop/GNSS-Denied-Drone/install/drone_bringup/share/colcon-core/packages/drone_bringup)
[1.048s] Level 1:colcon.colcon_core.environment:create_environment_scripts_only(drone_bringup)
[1.048s] Level 1:colcon.colcon_core.environment:checking '/home/divyansh/Desktop/GNSS-Denied-Drone/install/drone_bringup' for CMake module files
[1.049s] Level 1:colcon.colcon_core.environment:checking '/home/divyansh/Desktop/GNSS-Denied-Drone/install/drone_bringup' for CMake config files
[1.050s] Level 1:colcon.colcon_core.shell:create_environment_hook('drone_bringup', 'cmake_prefix_path')
[1.050s] INFO:colcon.colcon_core.shell:Creating environment hook '/home/divyansh/Desktop/GNSS-Denied-Drone/install/drone_bringup/share/drone_bringup/hook/cmake_prefix_path.ps1'
[1.051s] INFO:colcon.colcon_core.shell:Creating environment descriptor '/home/divyansh/Desktop/GNSS-Denied-Drone/install/drone_bringup/share/drone_bringup/hook/cmake_prefix_path.dsv'
[1.051s] INFO:colcon.colcon_core.shell:Creating environment hook '/home/divyansh/Desktop/GNSS-Denied-Drone/install/drone_bringup/share/drone_bringup/hook/cmake_prefix_path.sh'
[1.052s] Level 1:colcon.colcon_core.environment:checking '/home/divyansh/Desktop/GNSS-Denied-Drone/install/drone_bringup/bin'
[1.052s] Level 1:colcon.colcon_core.environment:checking '/home/divyansh/Desktop/GNSS-Denied-Drone/install/drone_bringup/lib/pkgconfig/drone_bringup.pc'
[1.052s] Level 1:colcon.colcon_core.environment:checking '/home/divyansh/Desktop/GNSS-Denied-Drone/install/drone_bringup/lib/python3.12/site-packages'
[1.053s] Level 1:colcon.colcon_core.environment:checking '/home/divyansh/Desktop/GNSS-Denied-Drone/install/drone_bringup/bin'
[1.053s] INFO:colcon.colcon_core.shell:Creating package script '/home/divyansh/Desktop/GNSS-Denied-Drone/install/drone_bringup/share/drone_bringup/package.ps1'
[1.054s] INFO:colcon.colcon_core.shell:Creating package descriptor '/home/divyansh/Desktop/GNSS-Denied-Drone/install/drone_bringup/share/drone_bringup/package.dsv'
[1.055s] INFO:colcon.colcon_core.shell:Creating package script '/home/divyansh/Desktop/GNSS-Denied-Drone/install/drone_bringup/share/drone_bringup/package.sh'
[1.055s] INFO:colcon.colcon_core.shell:Creating package script '/home/divyansh/Desktop/GNSS-Denied-Drone/install/drone_bringup/share/drone_bringup/package.bash'
[1.056s] INFO:colcon.colcon_core.shell:Creating package script '/home/divyansh/Desktop/GNSS-Denied-Drone/install/drone_bringup/share/drone_bringup/package.zsh'
[1.057s] Level 1:colcon.colcon_core.environment:create_file_with_runtime_dependencies(/home/divyansh/Desktop/GNSS-Denied-Drone/install/drone_bringup/share/colcon-core/packages/drone_bringup)
[1.059s] Level 1:colcon.colcon_core.environment:create_environment_scripts_only(drone_description)
[1.060s] Level 1:colcon.colcon_core.environment:checking '/home/divyansh/Desktop/GNSS-Denied-Drone/install/drone_description' for CMake module files
[1.060s] DEBUG:colcon.colcon_core.event_handler.log_command:Invoked command in '/home/divyansh/Desktop/GNSS-Denied-Drone/build/drone_description' returned '0': CMAKE_PREFIX_PATH=${CMAKE_PREFIX_PATH}:/home/divyansh/Desktop/GNSS-Denied-Drone/install/drone_eval:/opt/ros/jazzy DEBUGINFOD_URLS=https://debuginfod.ubuntu.com PS1=(.venv) \[\e]0;\u@\h: \w\a\]${debian_chroot:+($debian_chroot)}\[\033[01;32m\]\u@\h\[\033[00m\]:\[\033[01;34m\]\w\[\033[00m\]\$ VIRTUAL_ENV_PROMPT=(.venv) /usr/bin/cmake --install /home/divyansh/Desktop/GNSS-Denied-Drone/build/drone_description
[1.061s] Level 1:colcon.colcon_core.environment:checking '/home/divyansh/Desktop/GNSS-Denied-Drone/install/drone_description' for CMake config files
[1.062s] Level 1:colcon.colcon_core.shell:create_environment_hook('drone_description', 'cmake_prefix_path')
[1.062s] INFO:colcon.colcon_core.shell:Creating environment hook '/home/divyansh/Desktop/GNSS-Denied-Drone/install/drone_description/share/drone_description/hook/cmake_prefix_path.ps1'
[1.063s] INFO:colcon.colcon_core.shell:Creating environment descriptor '/home/divyansh/Desktop/GNSS-Denied-Drone/install/drone_description/share/drone_description/hook/cmake_prefix_path.dsv'
[1.063s] INFO:colcon.colcon_core.shell:Creating environment hook '/home/divyansh/Desktop/GNSS-Denied-Drone/install/drone_description/share/drone_description/hook/cmake_prefix_path.sh'
[1.064s] Level 1:colcon.colcon_core.environment:checking '/home/divyansh/Desktop/GNSS-Denied-Drone/install/drone_description/bin'
[1.064s] Level 1:colcon.colcon_core.environment:checking '/home/divyansh/Desktop/GNSS-Denied-Drone/install/drone_description/lib/pkgconfig/drone_description.pc'
[1.065s] Level 1:colcon.colcon_core.environment:checking '/home/divyansh/Desktop/GNSS-Denied-Drone/install/drone_description/lib/python3.12/site-packages'
[1.065s] Level 1:colcon.colcon_core.environment:checking '/home/divyansh/Desktop/GNSS-Denied-Drone/install/drone_description/bin'
[1.065s] INFO:colcon.colcon_core.shell:Creating package script '/home/divyansh/Desktop/GNSS-Denied-Drone/install/drone_description/share/drone_description/package.ps1'
[1.066s] INFO:colcon.colcon_core.shell:Creating package descriptor '/home/divyansh/Desktop/GNSS-Denied-Drone/install/drone_description/share/drone_description/package.dsv'
[1.067s] INFO:colcon.colcon_core.shell:Creating package script '/home/divyansh/Desktop/GNSS-Denied-Drone/install/drone_description/share/drone_description/package.sh'
[1.067s] INFO:colcon.colcon_core.shell:Creating package script '/home/divyansh/Desktop/GNSS-Denied-Drone/install/drone_description/share/drone_description/package.bash'
[1.068s] INFO:colcon.colcon_core.shell:Creating package script '/home/divyansh/Desktop/GNSS-Denied-Drone/install/drone_description/share/drone_description/package.zsh'
[1.068s] Level 1:colcon.colcon_core.environment:create_file_with_runtime_dependencies(/home/divyansh/Desktop/GNSS-Denied-Drone/install/drone_description/share/colcon-core/packages/drone_description)
[1.069s] Level 1:colcon.colcon_core.environment:create_environment_scripts_only(drone_description)
[1.069s] Level 1:colcon.colcon_core.environment:checking '/home/divyansh/Desktop/GNSS-Denied-Drone/install/drone_description' for CMake module files
[1.070s] Level 1:colcon.colcon_core.environment:checking '/home/divyansh/Desktop/GNSS-Denied-Drone/install/drone_description' for CMake config files
[1.070s] Level 1:colcon.colcon_core.shell:create_environment_hook('drone_description', 'cmake_prefix_path')
[1.070s] INFO:colcon.colcon_core.shell:Creating environment hook '/home/divyansh/Desktop/GNSS-Denied-Drone/install/drone_description/share/drone_description/hook/cmake_prefix_path.ps1'
[1.071s] INFO:colcon.colcon_core.shell:Creating environment descriptor '/home/divyansh/Desktop/GNSS-Denied-Drone/install/drone_description/share/drone_description/hook/cmake_prefix_path.dsv'
[1.072s] INFO:colcon.colcon_core.shell:Creating environment hook '/home/divyansh/Desktop/GNSS-Denied-Drone/install/drone_description/share/drone_description/hook/cmake_prefix_path.sh'
[1.073s] Level 1:colcon.colcon_core.environment:checking '/home/divyansh/Desktop/GNSS-Denied-Drone/install/drone_description/bin'
[1.074s] Level 1:colcon.colcon_core.environment:checking '/home/divyansh/Desktop/GNSS-Denied-Drone/install/drone_description/lib/pkgconfig/drone_description.pc'
[1.074s] Level 1:colcon.colcon_core.environment:checking '/home/divyansh/Desktop/GNSS-Denied-Drone/install/drone_description/lib/python3.12/site-packages'
[1.074s] Level 1:colcon.colcon_core.environment:checking '/home/divyansh/Desktop/GNSS-Denied-Drone/install/drone_description/bin'
[1.075s] INFO:colcon.colcon_core.shell:Creating package script '/home/divyansh/Desktop/GNSS-Denied-Drone/install/drone_description/share/drone_description/package.ps1'
[1.076s] INFO:colcon.colcon_core.shell:Creating package descriptor '/home/divyansh/Desktop/GNSS-Denied-Drone/install/drone_description/share/drone_description/package.dsv'
[1.076s] INFO:colcon.colcon_core.shell:Creating package script '/home/divyansh/Desktop/GNSS-Denied-Drone/install/drone_description/share/drone_description/package.sh'
[1.077s] INFO:colcon.colcon_core.shell:Creating package script '/home/divyansh/Desktop/GNSS-Denied-Drone/install/drone_description/share/drone_description/package.bash'
[1.077s] INFO:colcon.colcon_core.shell:Creating package script '/home/divyansh/Desktop/GNSS-Denied-Drone/install/drone_description/share/drone_description/package.zsh'
[1.078s] Level 1:colcon.colcon_core.environment:create_file_with_runtime_dependencies(/home/divyansh/Desktop/GNSS-Denied-Drone/install/drone_description/share/colcon-core/packages/drone_description)
[1.081s] DEBUG:colcon.colcon_core.event_handler.log_command:Invoked command in '/home/divyansh/Desktop/GNSS-Denied-Drone/build/drone_slam' returned '0': CMAKE_PREFIX_PATH=${CMAKE_PREFIX_PATH}:/home/divyansh/Desktop/GNSS-Denied-Drone/install/drone_eval:/opt/ros/jazzy DEBUGINFOD_URLS=https://debuginfod.ubuntu.com PS1=(.venv) \[\e]0;\u@\h: \w\a\]${debian_chroot:+($debian_chroot)}\[\033[01;32m\]\u@\h\[\033[00m\]:\[\033[01;34m\]\w\[\033[00m\]\$ VIRTUAL_ENV_PROMPT=(.venv) /usr/bin/cmake --build /home/divyansh/Desktop/GNSS-Denied-Drone/build/drone_slam -- -j8 -l8
[1.083s] DEBUG:colcon.colcon_core.event_handler.log_command:Invoking command in '/home/divyansh/Desktop/GNSS-Denied-Drone/build/drone_slam': CMAKE_PREFIX_PATH=${CMAKE_PREFIX_PATH}:/home/divyansh/Desktop/GNSS-Denied-Drone/install/drone_eval:/opt/ros/jazzy DEBUGINFOD_URLS=https://debuginfod.ubuntu.com PS1=(.venv) \[\e]0;\u@\h: \w\a\]${debian_chroot:+($debian_chroot)}\[\033[01;32m\]\u@\h\[\033[00m\]:\[\033[01;34m\]\w\[\033[00m\]\$ VIRTUAL_ENV_PROMPT=(.venv) /usr/bin/cmake --install /home/divyansh/Desktop/GNSS-Denied-Drone/build/drone_slam
[1.084s] DEBUG:colcon.colcon_core.event_handler.log_command:Invoked command in '/home/divyansh/Desktop/GNSS-Denied-Drone/build/drone_gazebo' returned '0': CMAKE_PREFIX_PATH=${CMAKE_PREFIX_PATH}:/home/divyansh/Desktop/GNSS-Denied-Drone/install/drone_eval:/opt/ros/jazzy DEBUGINFOD_URLS=https://debuginfod.ubuntu.com PS1=(.venv) \[\e]0;\u@\h: \w\a\]${debian_chroot:+($debian_chroot)}\[\033[01;32m\]\u@\h\[\033[00m\]:\[\033[01;34m\]\w\[\033[00m\]\$ VIRTUAL_ENV_PROMPT=(.venv) /usr/bin/cmake --build /home/divyansh/Desktop/GNSS-Denied-Drone/build/drone_gazebo -- -j8 -l8
[1.087s] DEBUG:colcon.colcon_core.event_handler.log_command:Invoking command in '/home/divyansh/Desktop/GNSS-Denied-Drone/build/drone_gazebo': CMAKE_PREFIX_PATH=${CMAKE_PREFIX_PATH}:/home/divyansh/Desktop/GNSS-Denied-Drone/install/drone_eval:/opt/ros/jazzy DEBUGINFOD_URLS=https://debuginfod.ubuntu.com PS1=(.venv) \[\e]0;\u@\h: \w\a\]${debian_chroot:+($debian_chroot)}\[\033[01;32m\]\u@\h\[\033[00m\]:\[\033[01;34m\]\w\[\033[00m\]\$ VIRTUAL_ENV_PROMPT=(.venv) /usr/bin/cmake --install /home/divyansh/Desktop/GNSS-Denied-Drone/build/drone_gazebo
[1.125s] Level 1:colcon.colcon_core.environment:create_environment_scripts_only(drone_slam)
[1.126s] Level 1:colcon.colcon_core.environment:checking '/home/divyansh/Desktop/GNSS-Denied-Drone/install/drone_slam' for CMake module files
[1.126s] DEBUG:colcon.colcon_core.event_handler.log_command:Invoked command in '/home/divyansh/Desktop/GNSS-Denied-Drone/build/drone_slam' returned '0': CMAKE_PREFIX_PATH=${CMAKE_PREFIX_PATH}:/home/divyansh/Desktop/GNSS-Denied-Drone/install/drone_eval:/opt/ros/jazzy DEBUGINFOD_URLS=https://debuginfod.ubuntu.com PS1=(.venv) \[\e]0;\u@\h: \w\a\]${debian_chroot:+($debian_chroot)}\[\033[01;32m\]\u@\h\[\033[00m\]:\[\033[01;34m\]\w\[\033[00m\]\$ VIRTUAL_ENV_PROMPT=(.venv) /usr/bin/cmake --install /home/divyansh/Desktop/GNSS-Denied-Drone/build/drone_slam
[1.129s] Level 1:colcon.colcon_core.environment:checking '/home/divyansh/Desktop/GNSS-Denied-Drone/install/drone_slam' for CMake config files
[1.129s] Level 1:colcon.colcon_core.shell:create_environment_hook('drone_slam', 'cmake_prefix_path')
[1.130s] INFO:colcon.colcon_core.shell:Creating environment hook '/home/divyansh/Desktop/GNSS-Denied-Drone/install/drone_slam/share/drone_slam/hook/cmake_prefix_path.ps1'
[1.131s] INFO:colcon.colcon_core.shell:Creating environment descriptor '/home/divyansh/Desktop/GNSS-Denied-Drone/install/drone_slam/share/drone_slam/hook/cmake_prefix_path.dsv'
[1.131s] INFO:colcon.colcon_core.shell:Creating environment hook '/home/divyansh/Desktop/GNSS-Denied-Drone/install/drone_slam/share/drone_slam/hook/cmake_prefix_path.sh'
[1.132s] Level 1:colcon.colcon_core.environment:checking '/home/divyansh/Desktop/GNSS-Denied-Drone/install/drone_slam/bin'
[1.132s] Level 1:colcon.colcon_core.environment:checking '/home/divyansh/Desktop/GNSS-Denied-Drone/install/drone_slam/lib/pkgconfig/drone_slam.pc'
[1.133s] Level 1:colcon.colcon_core.environment:checking '/home/divyansh/Desktop/GNSS-Denied-Drone/install/drone_slam/lib/python3.12/site-packages'
[1.134s] Level 1:colcon.colcon_core.environment:checking '/home/divyansh/Desktop/GNSS-Denied-Drone/install/drone_slam/bin'
[1.134s] INFO:colcon.colcon_core.shell:Creating package script '/home/divyansh/Desktop/GNSS-Denied-Drone/install/drone_slam/share/drone_slam/package.ps1'
[1.135s] INFO:colcon.colcon_core.shell:Creating package descriptor '/home/divyansh/Desktop/GNSS-Denied-Drone/install/drone_slam/share/drone_slam/package.dsv'
[1.136s] INFO:colcon.colcon_core.shell:Creating package script '/home/divyansh/Desktop/GNSS-Denied-Drone/install/drone_slam/share/drone_slam/package.sh'
[1.137s] INFO:colcon.colcon_core.shell:Creating package script '/home/divyansh/Desktop/GNSS-Denied-Drone/install/drone_slam/share/drone_slam/package.bash'
[1.137s] INFO:colcon.colcon_core.shell:Creating package script '/home/divyansh/Desktop/GNSS-Denied-Drone/install/drone_slam/share/drone_slam/package.zsh'
[1.138s] Level 1:colcon.colcon_core.environment:create_file_with_runtime_dependencies(/home/divyansh/Desktop/GNSS-Denied-Drone/install/drone_slam/share/colcon-core/packages/drone_slam)
[1.139s] Level 1:colcon.colcon_core.environment:create_environment_scripts_only(drone_slam)
[1.139s] Level 1:colcon.colcon_core.environment:checking '/home/divyansh/Desktop/GNSS-Denied-Drone/install/drone_slam' for CMake module files
[1.140s] Level 1:colcon.colcon_core.environment:checking '/home/divyansh/Desktop/GNSS-Denied-Drone/install/drone_slam' for CMake config files
[1.141s] Level 1:colcon.colcon_core.shell:create_environment_hook('drone_slam', 'cmake_prefix_path')
[1.141s] INFO:colcon.colcon_core.shell:Creating environment hook '/home/divyansh/Desktop/GNSS-Denied-Drone/install/drone_slam/share/drone_slam/hook/cmake_prefix_path.ps1'
[1.142s] INFO:colcon.colcon_core.shell:Creating environment descriptor '/home/divyansh/Desktop/GNSS-Denied-Drone/install/drone_slam/share/drone_slam/hook/cmake_prefix_path.dsv'
[1.142s] INFO:colcon.colcon_core.shell:Creating environment hook '/home/divyansh/Desktop/GNSS-Denied-Drone/install/drone_slam/share/drone_slam/hook/cmake_prefix_path.sh'
[1.143s] Level 1:colcon.colcon_core.environment:checking '/home/divyansh/Desktop/GNSS-Denied-Drone/install/drone_slam/bin'
[1.144s] Level 1:colcon.colcon_core.environment:checking '/home/divyansh/Desktop/GNSS-Denied-Drone/install/drone_slam/lib/pkgconfig/drone_slam.pc'
[1.144s] Level 1:colcon.colcon_core.environment:checking '/home/divyansh/Desktop/GNSS-Denied-Drone/install/drone_slam/lib/python3.12/site-packages'
[1.145s] Level 1:colcon.colcon_core.environment:checking '/home/divyansh/Desktop/GNSS-Denied-Drone/install/drone_slam/bin'
[1.145s] INFO:colcon.colcon_core.shell:Creating package script '/home/divyansh/Desktop/GNSS-Denied-Drone/install/drone_slam/share/drone_slam/package.ps1'
[1.147s] INFO:colcon.colcon_core.shell:Creating package descriptor '/home/divyansh/Desktop/GNSS-Denied-Drone/install/drone_slam/share/drone_slam/package.dsv'
[1.149s] INFO:colcon.colcon_core.shell:Creating package script '/home/divyansh/Desktop/GNSS-Denied-Drone/install/drone_slam/share/drone_slam/package.sh'
[1.150s] INFO:colcon.colcon_core.shell:Creating package script '/home/divyansh/Desktop/GNSS-Denied-Drone/install/drone_slam/share/drone_slam/package.bash'
[1.151s] INFO:colcon.colcon_core.shell:Creating package script '/home/divyansh/Desktop/GNSS-Denied-Drone/install/drone_slam/share/drone_slam/package.zsh'
[1.151s] Level 1:colcon.colcon_core.environment:create_file_with_runtime_dependencies(/home/divyansh/Desktop/GNSS-Denied-Drone/install/drone_slam/share/colcon-core/packages/drone_slam)
[1.153s] Level 1:colcon.colcon_core.environment:create_environment_scripts_only(drone_gazebo)
[1.153s] Level 1:colcon.colcon_core.environment:checking '/home/divyansh/Desktop/GNSS-Denied-Drone/install/drone_gazebo' for CMake module files
[1.155s] DEBUG:colcon.colcon_core.event_handler.log_command:Invoked command in '/home/divyansh/Desktop/GNSS-Denied-Drone/build/drone_gazebo' returned '0': CMAKE_PREFIX_PATH=${CMAKE_PREFIX_PATH}:/home/divyansh/Desktop/GNSS-Denied-Drone/install/drone_eval:/opt/ros/jazzy DEBUGINFOD_URLS=https://debuginfod.ubuntu.com PS1=(.venv) \[\e]0;\u@\h: \w\a\]${debian_chroot:+($debian_chroot)}\[\033[01;32m\]\u@\h\[\033[00m\]:\[\033[01;34m\]\w\[\033[00m\]\$ VIRTUAL_ENV_PROMPT=(.venv) /usr/bin/cmake --install /home/divyansh/Desktop/GNSS-Denied-Drone/build/drone_gazebo
[1.156s] Level 1:colcon.colcon_core.environment:checking '/home/divyansh/Desktop/GNSS-Denied-Drone/install/drone_gazebo' for CMake config files
[1.156s] Level 1:colcon.colcon_core.shell:create_environment_hook('drone_gazebo', 'cmake_prefix_path')
[1.157s] INFO:colcon.colcon_core.shell:Creating environment hook '/home/divyansh/Desktop/GNSS-Denied-Drone/install/drone_gazebo/share/drone_gazebo/hook/cmake_prefix_path.ps1'
[1.157s] INFO:colcon.colcon_core.shell:Creating environment descriptor '/home/divyansh/Desktop/GNSS-Denied-Drone/install/drone_gazebo/share/drone_gazebo/hook/cmake_prefix_path.dsv'
[1.158s] INFO:colcon.colcon_core.shell:Creating environment hook '/home/divyansh/Desktop/GNSS-Denied-Drone/install/drone_gazebo/share/drone_gazebo/hook/cmake_prefix_path.sh'
[1.159s] Level 1:colcon.colcon_core.environment:checking '/home/divyansh/Desktop/GNSS-Denied-Drone/install/drone_gazebo/bin'
[1.159s] Level 1:colcon.colcon_core.environment:checking '/home/divyansh/Desktop/GNSS-Denied-Drone/install/drone_gazebo/lib/pkgconfig/drone_gazebo.pc'
[1.160s] Level 1:colcon.colcon_core.environment:checking '/home/divyansh/Desktop/GNSS-Denied-Drone/install/drone_gazebo/lib/python3.12/site-packages'
[1.161s] Level 1:colcon.colcon_core.environment:checking '/home/divyansh/Desktop/GNSS-Denied-Drone/install/drone_gazebo/bin'
[1.161s] INFO:colcon.colcon_core.shell:Creating package script '/home/divyansh/Desktop/GNSS-Denied-Drone/install/drone_gazebo/share/drone_gazebo/package.ps1'
[1.163s] INFO:colcon.colcon_core.shell:Creating package descriptor '/home/divyansh/Desktop/GNSS-Denied-Drone/install/drone_gazebo/share/drone_gazebo/package.dsv'
[1.164s] INFO:colcon.colcon_core.shell:Creating package script '/home/divyansh/Desktop/GNSS-Denied-Drone/install/drone_gazebo/share/drone_gazebo/package.sh'
[1.164s] INFO:colcon.colcon_core.shell:Creating package script '/home/divyansh/Desktop/GNSS-Denied-Drone/install/drone_gazebo/share/drone_gazebo/package.bash'
[1.165s] INFO:colcon.colcon_core.shell:Creating package script '/home/divyansh/Desktop/GNSS-Denied-Drone/install/drone_gazebo/share/drone_gazebo/package.zsh'
[1.165s] Level 1:colcon.colcon_core.environment:create_file_with_runtime_dependencies(/home/divyansh/Desktop/GNSS-Denied-Drone/install/drone_gazebo/share/colcon-core/packages/drone_gazebo)
[1.166s] Level 1:colcon.colcon_core.environment:create_environment_scripts_only(drone_gazebo)
[1.167s] Level 1:colcon.colcon_core.environment:checking '/home/divyansh/Desktop/GNSS-Denied-Drone/install/drone_gazebo' for CMake module files
[1.167s] Level 1:colcon.colcon_core.environment:checking '/home/divyansh/Desktop/GNSS-Denied-Drone/install/drone_gazebo' for CMake config files
[1.168s] Level 1:colcon.colcon_core.shell:create_environment_hook('drone_gazebo', 'cmake_prefix_path')
[1.168s] INFO:colcon.colcon_core.shell:Creating environment hook '/home/divyansh/Desktop/GNSS-Denied-Drone/install/drone_gazebo/share/drone_gazebo/hook/cmake_prefix_path.ps1'
[1.169s] INFO:colcon.colcon_core.shell:Creating environment descriptor '/home/divyansh/Desktop/GNSS-Denied-Drone/install/drone_gazebo/share/drone_gazebo/hook/cmake_prefix_path.dsv'
[1.169s] INFO:colcon.colcon_core.shell:Creating environment hook '/home/divyansh/Desktop/GNSS-Denied-Drone/install/drone_gazebo/share/drone_gazebo/hook/cmake_prefix_path.sh'
[1.170s] Level 1:colcon.colcon_core.environment:checking '/home/divyansh/Desktop/GNSS-Denied-Drone/install/drone_gazebo/bin'
[1.170s] Level 1:colcon.colcon_core.environment:checking '/home/divyansh/Desktop/GNSS-Denied-Drone/install/drone_gazebo/lib/pkgconfig/drone_gazebo.pc'
[1.171s] Level 1:colcon.colcon_core.environment:checking '/home/divyansh/Desktop/GNSS-Denied-Drone/install/drone_gazebo/lib/python3.12/site-packages'
[1.171s] Level 1:colcon.colcon_core.environment:checking '/home/divyansh/Desktop/GNSS-Denied-Drone/install/drone_gazebo/bin'
[1.171s] INFO:colcon.colcon_core.shell:Creating package script '/home/divyansh/Desktop/GNSS-Denied-Drone/install/drone_gazebo/share/drone_gazebo/package.ps1'
[1.172s] INFO:colcon.colcon_core.shell:Creating package descriptor '/home/divyansh/Desktop/GNSS-Denied-Drone/install/drone_gazebo/share/drone_gazebo/package.dsv'
[1.173s] INFO:colcon.colcon_core.shell:Creating package script '/home/divyansh/Desktop/GNSS-Denied-Drone/install/drone_gazebo/share/drone_gazebo/package.sh'
[1.173s] INFO:colcon.colcon_core.shell:Creating package script '/home/divyansh/Desktop/GNSS-Denied-Drone/install/drone_gazebo/share/drone_gazebo/package.bash'
[1.174s] INFO:colcon.colcon_core.shell:Creating package script '/home/divyansh/Desktop/GNSS-Denied-Drone/install/drone_gazebo/share/drone_gazebo/package.zsh'
[1.174s] Level 1:colcon.colcon_core.environment:create_file_with_runtime_dependencies(/home/divyansh/Desktop/GNSS-Denied-Drone/install/drone_gazebo/share/colcon-core/packages/drone_gazebo)
[1.998s] DEBUG:colcon.colcon_core.event_handler.log_command:Invoking command in '/home/divyansh/Desktop/GNSS-Denied-Drone/build/drone_eval': DEBUGINFOD_URLS=https://debuginfod.ubuntu.com PS1=(.venv) \[\e]0;\u@\h: \w\a\]${debian_chroot:+($debian_chroot)}\[\033[01;32m\]\u@\h\[\033[00m\]:\[\033[01;34m\]\w\[\033[00m\]\$ PYTHONPATH=/home/divyansh/Desktop/GNSS-Denied-Drone/build/drone_eval/prefix_override:/usr/lib/python3/dist-packages/colcon_core/task/python/colcon_distutils_commands:/home/divyansh/Desktop/GNSS-Denied-Drone/install/drone_eval/lib/python3.12/site-packages:${PYTHONPATH} VIRTUAL_ENV_PROMPT=(.venv) /usr/bin/python3 -W ignore:setup.py install is deprecated -W ignore:easy_install command is deprecated setup.py develop --editable --build-directory /home/divyansh/Desktop/GNSS-Denied-Drone/build/drone_eval/build --no-deps symlink_data
[2.813s] Level 1:colcon.colcon_core.shell:create_environment_hook('drone_eval', 'pythonpath_develop')
[2.814s] INFO:colcon.colcon_core.shell:Creating environment hook '/home/divyansh/Desktop/GNSS-Denied-Drone/build/drone_eval/share/drone_eval/hook/pythonpath_develop.ps1'
[2.815s] DEBUG:colcon.colcon_core.event_handler.log_command:Invoked command in '/home/divyansh/Desktop/GNSS-Denied-Drone/build/drone_eval' returned '0': DEBUGINFOD_URLS=https://debuginfod.ubuntu.com PS1=(.venv) \[\e]0;\u@\h: \w\a\]${debian_chroot:+($debian_chroot)}\[\033[01;32m\]\u@\h\[\033[00m\]:\[\033[01;34m\]\w\[\033[00m\]\$ PYTHONPATH=/home/divyansh/Desktop/GNSS-Denied-Drone/build/drone_eval/prefix_override:/usr/lib/python3/dist-packages/colcon_core/task/python/colcon_distutils_commands:/home/divyansh/Desktop/GNSS-Denied-Drone/install/drone_eval/lib/python3.12/site-packages:${PYTHONPATH} VIRTUAL_ENV_PROMPT=(.venv) /usr/bin/python3 -W ignore:setup.py install is deprecated -W ignore:easy_install command is deprecated setup.py develop --editable --build-directory /home/divyansh/Desktop/GNSS-Denied-Drone/build/drone_eval/build --no-deps symlink_data
[2.816s] INFO:colcon.colcon_core.shell:Creating environment descriptor '/home/divyansh/Desktop/GNSS-Denied-Drone/build/drone_eval/share/drone_eval/hook/pythonpath_develop.dsv'
[2.817s] INFO:colcon.colcon_core.shell:Creating environment hook '/home/divyansh/Desktop/GNSS-Denied-Drone/build/drone_eval/share/drone_eval/hook/pythonpath_develop.sh'
[2.818s] Level 1:colcon.colcon_core.environment:checking '/home/divyansh/Desktop/GNSS-Denied-Drone/install/drone_eval' for CMake module files
[2.820s] Level 1:colcon.colcon_core.environment:checking '/home/divyansh/Desktop/GNSS-Denied-Drone/install/drone_eval' for CMake config files
[2.821s] Level 1:colcon.colcon_core.environment:checking '/home/divyansh/Desktop/GNSS-Denied-Drone/install/drone_eval/lib'
[2.822s] Level 1:colcon.colcon_core.environment:checking '/home/divyansh/Desktop/GNSS-Denied-Drone/install/drone_eval/bin'
[2.822s] Level 1:colcon.colcon_core.environment:checking '/home/divyansh/Desktop/GNSS-Denied-Drone/install/drone_eval/lib/pkgconfig/drone_eval.pc'
[2.823s] Level 1:colcon.colcon_core.environment:checking '/home/divyansh/Desktop/GNSS-Denied-Drone/install/drone_eval/lib/python3.12/site-packages'
[2.823s] Level 1:colcon.colcon_core.shell:create_environment_hook('drone_eval', 'pythonpath')
[2.824s] INFO:colcon.colcon_core.shell:Creating environment hook '/home/divyansh/Desktop/GNSS-Denied-Drone/install/drone_eval/share/drone_eval/hook/pythonpath.ps1'
[2.825s] INFO:colcon.colcon_core.shell:Creating environment descriptor '/home/divyansh/Desktop/GNSS-Denied-Drone/install/drone_eval/share/drone_eval/hook/pythonpath.dsv'
[2.826s] INFO:colcon.colcon_core.shell:Creating environment hook '/home/divyansh/Desktop/GNSS-Denied-Drone/install/drone_eval/share/drone_eval/hook/pythonpath.sh'
[2.828s] Level 1:colcon.colcon_core.environment:checking '/home/divyansh/Desktop/GNSS-Denied-Drone/install/drone_eval/bin'
[2.828s] Level 1:colcon.colcon_core.environment:create_environment_scripts_only(drone_eval)
[2.829s] INFO:colcon.colcon_core.shell:Creating package script '/home/divyansh/Desktop/GNSS-Denied-Drone/install/drone_eval/share/drone_eval/package.ps1'
[2.831s] INFO:colcon.colcon_core.shell:Creating package descriptor '/home/divyansh/Desktop/GNSS-Denied-Drone/install/drone_eval/share/drone_eval/package.dsv'
[2.833s] INFO:colcon.colcon_core.shell:Creating package script '/home/divyansh/Desktop/GNSS-Denied-Drone/install/drone_eval/share/drone_eval/package.sh'
[2.834s] INFO:colcon.colcon_core.shell:Creating package script '/home/divyansh/Desktop/GNSS-Denied-Drone/install/drone_eval/share/drone_eval/package.bash'
[2.835s] INFO:colcon.colcon_core.shell:Creating package script '/home/divyansh/Desktop/GNSS-Denied-Drone/install/drone_eval/share/drone_eval/package.zsh'
[2.836s] Level 1:colcon.colcon_core.environment:create_file_with_runtime_dependencies(/home/divyansh/Desktop/GNSS-Denied-Drone/install/drone_eval/share/colcon-core/packages/drone_eval)
[2.837s] DEBUG:colcon.colcon_parallel_executor.executor.parallel:closing loop
[2.838s] DEBUG:colcon.colcon_parallel_executor.executor.parallel:loop closed
[2.839s] DEBUG:colcon.colcon_parallel_executor.executor.parallel:run_until_complete finished with '0'
[2.839s] DEBUG:colcon.colcon_core.event_reactor:joining thread
[2.857s] INFO:colcon.colcon_core.plugin_system:Skipping extension 'colcon_notification.desktop_notification.notify_send': Could not find 'notify-send'
[2.858s] INFO:colcon.colcon_core.plugin_system:Skipping extension 'colcon_notification.desktop_notification.terminal_notifier': Not used on non-Darwin systems
[2.858s] INFO:colcon.colcon_core.plugin_system:Skipping extension 'colcon_notification.desktop_notification.win32': Not used on non-Windows systems
[2.858s] INFO:colcon.colcon_notification.desktop_notification:Sending desktop notification using 'notify2'
[2.868s] DEBUG:colcon.colcon_core.event_reactor:joined thread
[2.869s] INFO:colcon.colcon_core.shell:Creating prefix script '/home/divyansh/Desktop/GNSS-Denied-Drone/install/local_setup.ps1'
[2.871s] INFO:colcon.colcon_core.shell:Creating prefix util module '/home/divyansh/Desktop/GNSS-Denied-Drone/install/_local_setup_util_ps1.py'
[2.875s] INFO:colcon.colcon_core.shell:Creating prefix chain script '/home/divyansh/Desktop/GNSS-Denied-Drone/install/setup.ps1'
[2.879s] INFO:colcon.colcon_core.shell:Creating prefix script '/home/divyansh/Desktop/GNSS-Denied-Drone/install/local_setup.sh'
[2.881s] INFO:colcon.colcon_core.shell:Creating prefix util module '/home/divyansh/Desktop/GNSS-Denied-Drone/install/_local_setup_util_sh.py'
[2.883s] INFO:colcon.colcon_core.shell:Creating prefix chain script '/home/divyansh/Desktop/GNSS-Denied-Drone/install/setup.sh'
[2.886s] INFO:colcon.colcon_core.shell:Creating prefix script '/home/divyansh/Desktop/GNSS-Denied-Drone/install/local_setup.bash'
[2.888s] INFO:colcon.colcon_core.shell:Creating prefix chain script '/home/divyansh/Desktop/GNSS-Denied-Drone/install/setup.bash'
[2.892s] INFO:colcon.colcon_core.shell:Creating prefix script '/home/divyansh/Desktop/GNSS-Denied-Drone/install/local_setup.zsh'
[2.894s] INFO:colcon.colcon_core.shell:Creating prefix chain script '/home/divyansh/Desktop/GNSS-Denied-Drone/install/setup.zsh'
