-- The C compiler identification is GNU 13.3.0
-- The CXX compiler identification is GNU 13.3.0
-- Detecting C compiler ABI info
-- Detecting C compiler ABI info - done
-- Check for working C compiler: /usr/bin/cc - skipped
-- Detecting C compile features
-- Detecting C compile features - done
-- Detecting CXX compiler ABI info
-- Detecting CXX compiler ABI info - done
-- Check for working CXX compiler: /usr/bin/c++ - skipped
-- Detecting CXX compile features
-- Detecting CXX compile features - done
-- Found ament_cmake: 2.5.5 (/opt/ros/jazzy/share/ament_cmake/cmake)
-- Found Python3: /home/divyansh/Desktop/GNSS-Denied-Drone/.venv/bin/python3 (found version "3.12.3") found components: Interpreter 
-- Override CMake install command with custom implementation using symlinks instead of copying resources
-- Configuring done (1.4s)
-- Generating done (0.0s)
-- Build files have been written to: /home/divyansh/Desktop/GNSS-Denied-Drone/build/drone_bringup
-- Install configuration: ""
-- Execute custom install script
-- Symlinking: /home/divyansh/Desktop/GNSS-Denied-Drone/install/drone_bringup/share/drone_bringup/launch/sim_and_slam.launch.py
-- Symlinking: /home/divyansh/Desktop/GNSS-Denied-Drone/install/drone_bringup/share/drone_bringup/config/rviz_config.rviz
-- Symlinking: /home/divyansh/Desktop/GNSS-Denied-Drone/install/drone_bringup/share/ament_index/resource_index/package_run_dependencies/drone_bringup
-- Symlinking: /home/divyansh/Desktop/GNSS-Denied-Drone/install/drone_bringup/share/ament_index/resource_index/parent_prefix_path/drone_bringup
-- Symlinking: /home/divyansh/Desktop/GNSS-Denied-Drone/install/drone_bringup/share/drone_bringup/environment/ament_prefix_path.sh
-- Symlinking: /home/divyansh/Desktop/GNSS-Denied-Drone/install/drone_bringup/share/drone_bringup/environment/ament_prefix_path.dsv
-- Symlinking: /home/divyansh/Desktop/GNSS-Denied-Drone/install/drone_bringup/share/drone_bringup/environment/path.sh
-- Symlinking: /home/divyansh/Desktop/GNSS-Denied-Drone/install/drone_bringup/share/drone_bringup/environment/path.dsv
-- Symlinking: /home/divyansh/Desktop/GNSS-Denied-Drone/install/drone_bringup/share/drone_bringup/local_setup.bash
-- Symlinking: /home/divyansh/Desktop/GNSS-Denied-Drone/install/drone_bringup/share/drone_bringup/local_setup.sh
-- Symlinking: /home/divyansh/Desktop/GNSS-Denied-Drone/install/drone_bringup/share/drone_bringup/local_setup.zsh
-- Symlinking: /home/divyansh/Desktop/GNSS-Denied-Drone/install/drone_bringup/share/drone_bringup/local_setup.dsv
-- Symlinking: /home/divyansh/Desktop/GNSS-Denied-Drone/install/drone_bringup/share/drone_bringup/package.dsv
-- Symlinking: /home/divyansh/Desktop/GNSS-Denied-Drone/install/drone_bringup/share/ament_index/resource_index/packages/drone_bringup
-- Symlinking: /home/divyansh/Desktop/GNSS-Denied-Drone/install/drone_bringup/share/drone_bringup/cmake/drone_bringupConfig.cmake
-- Symlinking: /home/divyansh/Desktop/GNSS-Denied-Drone/install/drone_bringup/share/drone_bringup/cmake/drone_bringupConfig-version.cmake
-- Symlinking: /home/divyansh/Desktop/GNSS-Denied-Drone/install/drone_bringup/share/drone_bringup/package.xml
