[0.032s] Invoking command in '/home/divyansh/Desktop/GNSS-Denied-Drone/build/drone_bringup': CMAKE_PREFIX_PATH=${CMAKE_PREFIX_PATH}:/opt/ros/jazzy DEBUGINFOD_URLS=https://debuginfod.ubuntu.com PS1=(.venv) \[\e]0;\u@\h: \w\a\]${debian_chroot:+($debian_chroot)}\[\033[01;32m\]\u@\h\[\033[00m\]:\[\033[01;34m\]\w\[\033[00m\]\$ VIRTUAL_ENV_PROMPT=(.venv) /usr/bin/cmake /home/divyansh/Desktop/GNSS-Denied-Drone/src/drone_bringup -DAMENT_CMAKE_SYMLINK_INSTALL=1 -DCMAKE_INSTALL_PREFIX=/home/divyansh/Desktop/GNSS-Denied-Drone/install/drone_bringup
[0.399s] -- The C compiler identification is GNU 13.3.0
[0.400s] -- The CXX compiler identification is GNU 13.3.0
[0.400s] -- Detecting C compiler ABI info
[0.437s] -- Detecting C compiler ABI info - done
[0.457s] -- Check for working C compiler: /usr/bin/cc - skipped
[0.457s] -- Detecting C compile features
[0.458s] -- Detecting C compile features - done
[0.475s] -- Detecting CXX compiler ABI info
[0.687s] -- Detecting CXX compiler ABI info - done
[0.718s] -- Check for working CXX compiler: /usr/bin/c++ - skipped
[0.720s] -- Detecting CXX compile features
[0.720s] -- Detecting CXX compile features - done
[0.729s] -- Found ament_cmake: 2.5.5 (/opt/ros/jazzy/share/ament_cmake/cmake)
[0.961s] -- Found Python3: /home/divyansh/Desktop/GNSS-Denied-Drone/.venv/bin/python3 (found version "3.12.3") found components: Interpreter 
[1.137s] -- Override CMake install command with custom implementation using symlinks instead of copying resources
[1.424s] -- Configuring done (1.4s)
[1.429s] -- Generating done (0.0s)
[1.434s] -- Build files have been written to: /home/divyansh/Desktop/GNSS-Denied-Drone/build/drone_bringup
[1.446s] Invoked command in '/home/divyansh/Desktop/GNSS-Denied-Drone/build/drone_bringup' returned '0': CMAKE_PREFIX_PATH=${CMAKE_PREFIX_PATH}:/opt/ros/jazzy DEBUGINFOD_URLS=https://debuginfod.ubuntu.com PS1=(.venv) \[\e]0;\u@\h: \w\a\]${debian_chroot:+($debian_chroot)}\[\033[01;32m\]\u@\h\[\033[00m\]:\[\033[01;34m\]\w\[\033[00m\]\$ VIRTUAL_ENV_PROMPT=(.venv) /usr/bin/cmake /home/divyansh/Desktop/GNSS-Denied-Drone/src/drone_bringup -DAMENT_CMAKE_SYMLINK_INSTALL=1 -DCMAKE_INSTALL_PREFIX=/home/divyansh/Desktop/GNSS-Denied-Drone/install/drone_bringup
[1.448s] Invoking command in '/home/divyansh/Desktop/GNSS-Denied-Drone/build/drone_bringup': CMAKE_PREFIX_PATH=${CMAKE_PREFIX_PATH}:/opt/ros/jazzy DEBUGINFOD_URLS=https://debuginfod.ubuntu.com PS1=(.venv) \[\e]0;\u@\h: \w\a\]${debian_chroot:+($debian_chroot)}\[\033[01;32m\]\u@\h\[\033[00m\]:\[\033[01;34m\]\w\[\033[00m\]\$ VIRTUAL_ENV_PROMPT=(.venv) /usr/bin/cmake --build /home/divyansh/Desktop/GNSS-Denied-Drone/build/drone_bringup -- -j8 -l8
[1.523s] Invoked command in '/home/divyansh/Desktop/GNSS-Denied-Drone/build/drone_bringup' returned '0': CMAKE_PREFIX_PATH=${CMAKE_PREFIX_PATH}:/opt/ros/jazzy DEBUGINFOD_URLS=https://debuginfod.ubuntu.com PS1=(.venv) \[\e]0;\u@\h: \w\a\]${debian_chroot:+($debian_chroot)}\[\033[01;32m\]\u@\h\[\033[00m\]:\[\033[01;34m\]\w\[\033[00m\]\$ VIRTUAL_ENV_PROMPT=(.venv) /usr/bin/cmake --build /home/divyansh/Desktop/GNSS-Denied-Drone/build/drone_bringup -- -j8 -l8
[1.542s] Invoking command in '/home/divyansh/Desktop/GNSS-Denied-Drone/build/drone_bringup': CMAKE_PREFIX_PATH=${CMAKE_PREFIX_PATH}:/opt/ros/jazzy DEBUGINFOD_URLS=https://debuginfod.ubuntu.com PS1=(.venv) \[\e]0;\u@\h: \w\a\]${debian_chroot:+($debian_chroot)}\[\033[01;32m\]\u@\h\[\033[00m\]:\[\033[01;34m\]\w\[\033[00m\]\$ VIRTUAL_ENV_PROMPT=(.venv) /usr/bin/cmake --install /home/divyansh/Desktop/GNSS-Denied-Drone/build/drone_bringup
[1.556s] -- Install configuration: ""
[1.556s] -- Execute custom install script
[1.557s] -- Symlinking: /home/divyansh/Desktop/GNSS-Denied-Drone/install/drone_bringup/share/drone_bringup/launch/sim_and_slam.launch.py
[1.574s] -- Symlinking: /home/divyansh/Desktop/GNSS-Denied-Drone/install/drone_bringup/share/drone_bringup/config/rviz_config.rviz
[1.590s] -- Symlinking: /home/divyansh/Desktop/GNSS-Denied-Drone/install/drone_bringup/share/ament_index/resource_index/package_run_dependencies/drone_bringup
[1.615s] -- Symlinking: /home/divyansh/Desktop/GNSS-Denied-Drone/install/drone_bringup/share/ament_index/resource_index/parent_prefix_path/drone_bringup
[1.638s] -- Symlinking: /home/divyansh/Desktop/GNSS-Denied-Drone/install/drone_bringup/share/drone_bringup/environment/ament_prefix_path.sh
[1.653s] -- Symlinking: /home/divyansh/Desktop/GNSS-Denied-Drone/install/drone_bringup/share/drone_bringup/environment/ament_prefix_path.dsv
[1.669s] -- Symlinking: /home/divyansh/Desktop/GNSS-Denied-Drone/install/drone_bringup/share/drone_bringup/environment/path.sh
[1.684s] -- Symlinking: /home/divyansh/Desktop/GNSS-Denied-Drone/install/drone_bringup/share/drone_bringup/environment/path.dsv
[1.700s] -- Symlinking: /home/divyansh/Desktop/GNSS-Denied-Drone/install/drone_bringup/share/drone_bringup/local_setup.bash
[1.717s] -- Symlinking: /home/divyansh/Desktop/GNSS-Denied-Drone/install/drone_bringup/share/drone_bringup/local_setup.sh
[1.733s] -- Symlinking: /home/divyansh/Desktop/GNSS-Denied-Drone/install/drone_bringup/share/drone_bringup/local_setup.zsh
[1.750s] -- Symlinking: /home/divyansh/Desktop/GNSS-Denied-Drone/install/drone_bringup/share/drone_bringup/local_setup.dsv
[1.773s] -- Symlinking: /home/divyansh/Desktop/GNSS-Denied-Drone/install/drone_bringup/share/drone_bringup/package.dsv
[1.793s] -- Symlinking: /home/divyansh/Desktop/GNSS-Denied-Drone/install/drone_bringup/share/ament_index/resource_index/packages/drone_bringup
[1.810s] -- Symlinking: /home/divyansh/Desktop/GNSS-Denied-Drone/install/drone_bringup/share/drone_bringup/cmake/drone_bringupConfig.cmake
[1.829s] -- Symlinking: /home/divyansh/Desktop/GNSS-Denied-Drone/install/drone_bringup/share/drone_bringup/cmake/drone_bringupConfig-version.cmake
[1.844s] -- Symlinking: /home/divyansh/Desktop/GNSS-Denied-Drone/install/drone_bringup/share/drone_bringup/package.xml
[1.879s] Invoked command in '/home/divyansh/Desktop/GNSS-Denied-Drone/build/drone_bringup' returned '0': CMAKE_PREFIX_PATH=${CMAKE_PREFIX_PATH}:/opt/ros/jazzy DEBUGINFOD_URLS=https://debuginfod.ubuntu.com PS1=(.venv) \[\e]0;\u@\h: \w\a\]${debian_chroot:+($debian_chroot)}\[\033[01;32m\]\u@\h\[\033[00m\]:\[\033[01;34m\]\w\[\033[00m\]\$ VIRTUAL_ENV_PROMPT=(.venv) /usr/bin/cmake --install /home/divyansh/Desktop/GNSS-Denied-Drone/build/drone_bringup
