[0.381s] Invoking command in '/home/divyansh/Desktop/GNSS-Denied-Drone/build/drone_slam': CMAKE_PREFIX_PATH=${CMAKE_PREFIX_PATH}:/opt/ros/jazzy DEBUGINFOD_URLS=https://debuginfod.ubuntu.com PS1=(.venv) \[\e]0;\u@\h: \w\a\]${debian_chroot:+($debian_chroot)}\[\033[01;32m\]\u@\h\[\033[00m\]:\[\033[01;34m\]\w\[\033[00m\]\$ VIRTUAL_ENV_PROMPT=(.venv) /usr/bin/cmake /home/divyansh/Desktop/GNSS-Denied-Drone/src/drone_slam -DAMENT_CMAKE_SYMLINK_INSTALL=1 -DCMAKE_INSTALL_PREFIX=/home/divyansh/Desktop/GNSS-Denied-Drone/install/drone_slam
[0.491s] -- The C compiler identification is GNU 13.3.0
[0.610s] -- The CXX compiler identification is GNU 13.3.0
[0.648s] -- Detecting C compiler ABI info
[0.823s] -- Detecting C compiler ABI info - done
[0.844s] -- Check for working C compiler: /usr/bin/cc - skipped
[0.844s] -- Detecting C compile features
[0.845s] -- Detecting C compile features - done
[0.861s] -- Detecting CXX compiler ABI info
[1.028s] -- Detecting CXX compiler ABI info - done
[1.044s] -- Check for working CXX compiler: /usr/bin/c++ - skipped
[1.044s] -- Detecting CXX compile features
[1.045s] -- Detecting CXX compile features - done
[1.052s] -- Found ament_cmake: 2.5.5 (/opt/ros/jazzy/share/ament_cmake/cmake)
[1.280s] -- Found Python3: /home/divyansh/Desktop/GNSS-Denied-Drone/.venv/bin/python3 (found version "3.12.3") found components: Interpreter 
[1.454s] -- Override CMake install command with custom implementation using symlinks instead of copying resources
[1.776s] -- Configuring done (1.4s)
[1.784s] -- Generating done (0.0s)
[1.786s] -- Build files have been written to: /home/divyansh/Desktop/GNSS-Denied-Drone/build/drone_slam
[1.794s] Invoked command in '/home/divyansh/Desktop/GNSS-Denied-Drone/build/drone_slam' returned '0': CMAKE_PREFIX_PATH=${CMAKE_PREFIX_PATH}:/opt/ros/jazzy DEBUGINFOD_URLS=https://debuginfod.ubuntu.com PS1=(.venv) \[\e]0;\u@\h: \w\a\]${debian_chroot:+($debian_chroot)}\[\033[01;32m\]\u@\h\[\033[00m\]:\[\033[01;34m\]\w\[\033[00m\]\$ VIRTUAL_ENV_PROMPT=(.venv) /usr/bin/cmake /home/divyansh/Desktop/GNSS-Denied-Drone/src/drone_slam -DAMENT_CMAKE_SYMLINK_INSTALL=1 -DCMAKE_INSTALL_PREFIX=/home/divyansh/Desktop/GNSS-Denied-Drone/install/drone_slam
[1.796s] Invoking command in '/home/divyansh/Desktop/GNSS-Denied-Drone/build/drone_slam': CMAKE_PREFIX_PATH=${CMAKE_PREFIX_PATH}:/opt/ros/jazzy DEBUGINFOD_URLS=https://debuginfod.ubuntu.com PS1=(.venv) \[\e]0;\u@\h: \w\a\]${debian_chroot:+($debian_chroot)}\[\033[01;32m\]\u@\h\[\033[00m\]:\[\033[01;34m\]\w\[\033[00m\]\$ VIRTUAL_ENV_PROMPT=(.venv) /usr/bin/cmake --build /home/divyansh/Desktop/GNSS-Denied-Drone/build/drone_slam -- -j8 -l8
[1.890s] Invoked command in '/home/divyansh/Desktop/GNSS-Denied-Drone/build/drone_slam' returned '0': CMAKE_PREFIX_PATH=${CMAKE_PREFIX_PATH}:/opt/ros/jazzy DEBUGINFOD_URLS=https://debuginfod.ubuntu.com PS1=(.venv) \[\e]0;\u@\h: \w\a\]${debian_chroot:+($debian_chroot)}\[\033[01;32m\]\u@\h\[\033[00m\]:\[\033[01;34m\]\w\[\033[00m\]\$ VIRTUAL_ENV_PROMPT=(.venv) /usr/bin/cmake --build /home/divyansh/Desktop/GNSS-Denied-Drone/build/drone_slam -- -j8 -l8
[1.891s] Invoking command in '/home/divyansh/Desktop/GNSS-Denied-Drone/build/drone_slam': CMAKE_PREFIX_PATH=${CMAKE_PREFIX_PATH}:/opt/ros/jazzy DEBUGINFOD_URLS=https://debuginfod.ubuntu.com PS1=(.venv) \[\e]0;\u@\h: \w\a\]${debian_chroot:+($debian_chroot)}\[\033[01;32m\]\u@\h\[\033[00m\]:\[\033[01;34m\]\w\[\033[00m\]\$ VIRTUAL_ENV_PROMPT=(.venv) /usr/bin/cmake --install /home/divyansh/Desktop/GNSS-Denied-Drone/build/drone_slam
[1.908s] -- Install configuration: ""
[1.908s] -- Execute custom install script
[1.909s] -- Symlinking: /home/divyansh/Desktop/GNSS-Denied-Drone/install/drone_slam/share/drone_slam/launch/slam_pipeline.launch.py
[1.925s] -- Symlinking: /home/divyansh/Desktop/GNSS-Denied-Drone/install/drone_slam/share/drone_slam/config/slam_params.yaml
[1.942s] -- Symlinking: /home/divyansh/Desktop/GNSS-Denied-Drone/install/drone_slam/share/ament_index/resource_index/package_run_dependencies/drone_slam
[1.957s] -- Symlinking: /home/divyansh/Desktop/GNSS-Denied-Drone/install/drone_slam/share/ament_index/resource_index/parent_prefix_path/drone_slam
[1.971s] -- Symlinking: /home/divyansh/Desktop/GNSS-Denied-Drone/install/drone_slam/share/drone_slam/environment/ament_prefix_path.sh
[1.986s] -- Symlinking: /home/divyansh/Desktop/GNSS-Denied-Drone/install/drone_slam/share/drone_slam/environment/ament_prefix_path.dsv
[2.002s] -- Symlinking: /home/divyansh/Desktop/GNSS-Denied-Drone/install/drone_slam/share/drone_slam/environment/path.sh
[2.022s] -- Symlinking: /home/divyansh/Desktop/GNSS-Denied-Drone/install/drone_slam/share/drone_slam/environment/path.dsv
[2.036s] -- Symlinking: /home/divyansh/Desktop/GNSS-Denied-Drone/install/drone_slam/share/drone_slam/local_setup.bash
[2.050s] -- Symlinking: /home/divyansh/Desktop/GNSS-Denied-Drone/install/drone_slam/share/drone_slam/local_setup.sh
[2.064s] -- Symlinking: /home/divyansh/Desktop/GNSS-Denied-Drone/install/drone_slam/share/drone_slam/local_setup.zsh
[2.079s] -- Symlinking: /home/divyansh/Desktop/GNSS-Denied-Drone/install/drone_slam/share/drone_slam/local_setup.dsv
[2.093s] -- Symlinking: /home/divyansh/Desktop/GNSS-Denied-Drone/install/drone_slam/share/drone_slam/package.dsv
[2.109s] -- Symlinking: /home/divyansh/Desktop/GNSS-Denied-Drone/install/drone_slam/share/ament_index/resource_index/packages/drone_slam
[2.124s] -- Symlinking: /home/divyansh/Desktop/GNSS-Denied-Drone/install/drone_slam/share/drone_slam/cmake/drone_slamConfig.cmake
[2.147s] -- Symlinking: /home/divyansh/Desktop/GNSS-Denied-Drone/install/drone_slam/share/drone_slam/cmake/drone_slamConfig-version.cmake
[2.160s] -- Symlinking: /home/divyansh/Desktop/GNSS-Denied-Drone/install/drone_slam/share/drone_slam/package.xml
[2.186s] Invoked command in '/home/divyansh/Desktop/GNSS-Denied-Drone/build/drone_slam' returned '0': CMAKE_PREFIX_PATH=${CMAKE_PREFIX_PATH}:/opt/ros/jazzy DEBUGINFOD_URLS=https://debuginfod.ubuntu.com PS1=(.venv) \[\e]0;\u@\h: \w\a\]${debian_chroot:+($debian_chroot)}\[\033[01;32m\]\u@\h\[\033[00m\]:\[\033[01;34m\]\w\[\033[00m\]\$ VIRTUAL_ENV_PROMPT=(.venv) /usr/bin/cmake --install /home/divyansh/Desktop/GNSS-Denied-Drone/build/drone_slam
